[2016/4/5 - 20:56:45] FLAG: Gifted/Script Added added flag Free House (Gift) to Ryan.
[2016/4/5 - 20:56:49] FLAG: Gifted/Script Added added flag Free House (Gift) to Prospero Delgado.
[2016/4/5 - 21:37:04] FLAG: Gifted/Script Added added flag Free House (Gift) to Tiger Ngoc.
[2016/4/5 - 21:37:15] FLAG: Gifted/Script Added added flag Free House (Gift) to Tiger Ngoc.
[2016/4/5 - 21:56:20] FLAG: Gifted/Script Added added flag Dich vu Mua nha (Credits) to Louis Sliver.
[2016/4/6 - 2:41:26] FLAG: Gifted/Script Added added flag Dynamic Gift Box: 7 Day Silver VIP to Khang CiuTee.
[2016/4/6 - 2:43:44] FLAG: Gifted/Script Added added flag Dynamic Gift Box: 7 ngay dung Gold VIP to My Tran.
[2016/4/6 - 2:44:04] FLAG: Gifted/Script Added added flag Dynamic Gift Box: 7 Day Silver VIP to My Tran.
[2016/4/6 - 2:51:45] FLAG: Gifted/Script Added added flag Dynamic Gift Box: 7 ngay dung Gold VIP to Khang CiuTeeeee.
[2016/4/6 - 2:53:18] FLAG: Gifted/Script Added added flag Dynamic Gift Box: 7 Day Gold VIP to My Transs.
[2016/4/6 - 4:57:51] FLAG: Gifted/Script Added added flag Dynamic Gift Box: 7 Day Silver VIP to Justin Tran.
[2016/4/6 - 6:28:11] FLAG: Gifted/Script Added added flag Dynamic Gift Box: 7 Day Silver VIP to Di cham.
[2016/4/6 - 6:47:48] FLAG: Gifted/Script Added added flag Dynamic Gift Box: 7 Day Gold VIP to Justin TR.
[2016/4/6 - 7:10:54] FLAG: Gifted/Script Added added flag Dynamic Gift Box: 7 Day Silver VIP to Tai Danny.
[2016/4/6 - 7:11:10] FLAG: Gifted/Script Added added flag Dynamic Gift Box: 7 Day Silver VIP to ngon Trym.
[2016/4/6 - 7:11:48] FLAG: Gifted/Script Added added flag Dynamic Gift Box: 7 Day Gold VIP to Tai Danny.
[2016/4/6 - 7:30:00] FLAG: Gifted/Script Added added flag Dynamic Gift Box: 7 ngay dung Gold VIP to nick phong.
[2016/4/6 - 8:03:45] FLAG: Gifted/Script Added added flag Dynamic Gift Box: 7 Day Silver VIP to MaFia Max.
[2016/4/6 - 8:06:01] FLAG: Gifted/Script Added added flag Dynamic Gift Box: 7 ngay dung Gold VIP to Jason Florida.
[2016/4/6 - 8:09:56] FLAG: Gifted/Script Added added flag Dynamic Gift Box: 7 ngay dung Gold VIP to Juan Yakuza.
[2016/4/6 - 8:10:02] FLAG: Gifted/Script Added added flag Dynamic Gift Box: 7 Day Silver VIP to Juan Yakuza.
[2016/4/6 - 8:14:04] FLAG: Gifted/Script Added added flag Dynamic Gift Box: 7 Day Gold VIP to Binh Nguyen.
[2016/4/6 - 8:38:01] FLAG: Gifted/Script Added added flag Dynamic Gift Box: 7 Day Silver VIP to Sam Regamay.
[2016/4/6 - 8:57:29] FLAG: Gifted/Script Added added flag Dynamic Gift Box: 7 ngay dung Silver VIP to Kaito Kid.
[2016/4/6 - 9:23:55] FLAG: Gifted/Script Added added flag Dynamic Gift Box: 7 Day Silver VIP to Yakuza Hinata.
[2016/4/6 - 9:37:14] FLAG: Gifted/Script Added added flag Dynamic Gift Box: 7 Day Gold VIP to Yakuza Hin.
[2016/4/6 - 9:38:25] FLAG: Gifted/Script Added added flag Dynamic Gift Box: 7 Day Silver VIP to alexenred Nerdy.
[2016/4/6 - 9:38:46] FLAG: Gifted/Script Added added flag Dynamic Gift Box: 7 Day Gold VIP to Kelvin Nguyen.
[2016/4/6 - 9:46:40] FLAG: Gifted/Script Added added flag Dynamic Gift Box: 7 Day Silver VIP to yakuza rcccl.
[2016/4/6 - 9:51:20] FLAG: Gifted/Script Added added flag Dynamic Gift Box: 7 Day Gold VIP to Delvin xinhzai.
[2016/4/6 - 9:52:58] FLAG: Gifted/Script Added added flag Dynamic Gift Box: 7 Day Gold VIP to Delvin xinhzai.
[2016/4/6 - 9:58:38] FLAG: Gifted/Script Added added flag Dynamic Gift Box: 7 ngay dung Silver VIP to Yakuza C.
[2016/4/6 - 9:58:53] FLAG: Gifted/Script Added added flag Dynamic Gift Box: 7 Day Silver VIP to Yakuza C.
[2016/4/6 - 10:22:53] FLAG: Gifted/Script Added added flag Dynamic Gift Box: 7 ngay dung Gold VIP to SAT LaoDai.
[2016/4/6 - 10:30:10] FLAG: Gifted/Script Added added flag Dynamic Gift Box: 7 ngay dung Silver VIP to My Hoangg.
[2016/4/6 - 10:31:10] FLAG: Gifted/Script Added added flag Dynamic Gift Box: 7 Day Silver VIP to My Hoangg.
[2016/4/6 - 10:48:16] FLAG: Gifted/Script Added added flag Dynamic Gift Box: 7 ngay dung Silver VIP to Tan Dat.
[2016/4/6 - 10:48:20] FLAG: Gifted/Script Added added flag Dynamic Gift Box: 7 Day Gold VIP to Devils Angels.
[2016/4/6 - 10:48:22] FLAG: Gifted/Script Added added flag Dynamic Gift Box: 7 Day Gold VIP to La Moon.
[2016/4/6 - 10:50:07] FLAG: Gifted/Script Added added flag Dynamic Gift Box: 7 Day Silver VIP to Dragon La.
[2016/4/6 - 11:06:42] FLAG: Gifted/Script Added added flag Dynamic Gift Box: 7 Day Gold VIP to Mr Joker.
[2016/4/6 - 11:19:29] FLAG: Gifted/Script Added added flag Dynamic Gift Box: 7 Day Gold VIP to Min Louis.
[2016/4/6 - 11:21:08] FLAG: Gifted/Script Added added flag Dynamic Gift Box: 7 Day Gold VIP to Min Louis.
[2016/4/6 - 11:24:47] FLAG: Gifted/Script Added added flag Dynamic Gift Box: 7 Day Silver VIP to Tom Lon.
[2016/4/6 - 11:34:51] FLAG: Gifted/Script Added added flag Dynamic Gift Box: 7 Day Gold VIP to LDT Rain.
[2016/4/6 - 11:34:52] FLAG: Gifted/Script Added added flag Dynamic Gift Box: 7 Day Gold VIP to Kuro Sama.
[2016/4/6 - 11:39:44] FLAG: Gifted/Script Added added flag Dynamic Gift Box: 7 Day Gold VIP to Tuan Nguyen.
[2016/4/6 - 11:54:48] FLAG: Gifted/Script Added added flag Dynamic Gift Box: 7 Day Gold VIP to Spike Death.
[2016/4/6 - 11:55:14] FLAG: Gifted/Script Added added flag Dynamic Gift Box: 7 Day Silver VIP to The Best.
[2016/4/6 - 12:02:58] FLAG: Gifted/Script Added added flag Dynamic Gift Box: 7 Day Silver VIP to Khoi Gover.
[2016/4/6 - 12:13:09] FLAG: Gifted/Script Added added flag Dynamic Gift Box: 7 Day Silver VIP to MAFIA calvin.
[2016/4/6 - 12:13:16] FLAG: Gifted/Script Added added flag Dynamic Gift Box: 7 Day Gold VIP to MAFIA calvin.
[2016/4/6 - 14:56:55] FLAG: Gifted/Script Added added flag Dich vu Mua nha (Credits) to Ace Sir.
[2016/4/6 - 15:36:13] FLAG: Gifted/Script Added added flag Free House (Gift) to DJ ghost.
[2016/4/6 - 15:36:14] FLAG: Gifted/Script Added added flag Free House (Gift) to Cong Vo.
[2016/4/6 - 16:59:43] FLAG: Gifted/Script Added added flag Free House (Gift) to LDT Nhat Hacker.
[2016/4/6 - 17:59:09] FLAG: Gifted/Script Added added flag Free House (Gift) to Sir Killer.
[2016/4/6 - 18:05:04] FLAG: Gifted/Script Added added flag Dynamic Gift Box: 7 Day Gold VIP to Joker Daddy.
[2016/4/6 - 18:28:10] FLAG: Gifted/Script Added added flag Dynamic Gift Box: 7 ngay dung Silver VIP to Xedo khang.
[2016/4/6 - 18:31:13] FLAG: Gifted/Script Added added flag Dynamic Gift Box: 7 ngay dung Gold VIP to Assasin Kib.
[2016/4/6 - 18:38:26] FLAG: Gifted/Script Added added flag Free House (Gift) to Tuan God.
[2016/4/6 - 18:46:45] FLAG: Gifted/Script Added added flag Dich vu thay doi noi that nha (Credits) to sang cuteee.
[2016/4/6 - 18:48:44] FLAG: Gifted/Script Added added flag Dynamic Gift Box: 7 Day Silver VIP to Sir Killer.
[2016/4/6 - 19:22:19] FLAG: Gifted/Script Added added flag Dich vu chuyen nha (Credits) to Le Huy.
[2016/4/6 - 19:33:29] FLAG: Gifted/Script Added added flag Free House (Gift) to Mafia Xtina.
[2016/4/6 - 20:07:44] FLAG: Gifted/Script Added added flag Dich vu chuyen nha (Credits) to Hye Gyari.
[2016/4/6 - 21:18:00] FLAG: Gifted/Script Added added flag Dynamic Gift Box: 7 ngay dung Gold VIP to Adam Smith.
[2016/4/6 - 21:46:04] FLAG: Gifted/Script Added added flag Dynamic Gift Box: 7 Day Gold VIP to Army Moon.
[2016/4/7 - 9:57:09] FLAG: Gifted/Script Added added flag Bien so xe (Credits) to Ballas Huan.
[2016/4/7 - 11:07:03] FLAG: Gifted/Script Added added flag Free House (Gift) to Army Max.
[2016/4/7 - 11:08:03] FLAG: Gifted/Script Added added flag Free House (Gift) to White Kings.
[2016/4/7 - 11:17:15] FLAG: Gifted/Script Added added flag Free House (Gift) to Army Max.
[2016/4/7 - 15:37:15] FLAG: Gifted/Script Added added flag Free House (Gift) to Best Skill.
[2016/4/7 - 15:37:17] FLAG: Gifted/Script Added added flag Free House (Gift) to Best Skill.
[2016/4/7 - 16:10:43] FLAG: Gifted/Script Added added flag Free House (Gift) to Andriano Mocleaner.
[2016/4/7 - 16:11:09] FLAG: Gifted/Script Added added flag Dich vu thay doi noi that nha (Credits) to LDT Huan.
[2016/4/7 - 16:15:14] FLAG: Gifted/Script Added added flag Free House (Gift) to Edwards S Buzikk.
[2016/4/7 - 16:16:31] FLAG: Gifted/Script Added added flag Free House (Gift) to Edwards S Buzikk.
[2016/4/7 - 16:35:12] FLAG: Gifted/Script Added added flag Free House (Gift) to Edwards S Buzikk.
[2016/4/7 - 16:40:04] FLAG: Gifted/Script Added added flag Free House (Gift) to Brother.
[2016/4/7 - 22:40:36] FLAG: Gifted/Script Added added flag Free House (Gift) to Quoc Dong.
[2016/4/7 - 22:42:32] FLAG: Gifted/Script Added added flag Free House (Gift) to Army Moon.
[2016/4/7 - 22:49:50] FLAG: Gifted/Script Added added flag Free House (Gift) to Army Moon.
[2016/4/7 - 22:51:48] FLAG: Gifted/Script Added added flag Free House (Gift) to Army Moon.
[2016/4/8 - 4:32:31] FLAG: Gifted/Script Added added flag Bien so xe (Credits) to Kelvin Justin.
[2016/4/8 - 11:24:59] FLAG: Gifted/Script Added added flag Free House (Gift) to LTT Dung.
[2016/4/8 - 17:12:55] FLAG: Gifted/Script Added added flag Dich vu chuyen nha (Credits) to Family tin.
[2016/4/8 - 17:42:30] FLAG: Gifted/Script Added added flag Free House (Gift) to Beo hardy.
[2016/4/8 - 19:26:04] FLAG: Gifted/Script Added added flag Bien so xe (Credits) to Army Tai.
[2016/4/9 - 14:23:40] FLAG: Gifted/Script Added added flag Free House (Gift) to Brother.
[2016/4/9 - 15:36:22] FLAG: Gifted/Script Added added flag Free House (Gift) to Fio Ran.
[2016/4/9 - 15:38:22] FLAG: Gifted/Script Added added flag Free House (Gift) to Edwards S Buzikk.
[2016/4/9 - 15:49:24] FLAG: Gifted/Script Added added flag Garage - Cuc to (VW: 1) to Melody Stone.
[2016/4/9 - 15:49:43] FLAG: Gifted/Script Added added flag Dich vu Mua nha (Credits) to Fio Ran.
[2016/4/9 - 15:51:14] FLAG: Gifted/Script Added added flag Garage - Cuc to (VW: 2) to G Dragon.
[2016/4/9 - 16:21:45] FLAG: Gifted/Script Added added flag Dich vu Mua nha (Credits) to Robin Nicolas.
[2016/4/9 - 16:30:56] FLAG: Gifted/Script Added added flag Dich vu Mua nha (Credits) to Fio Ran.
[2016/4/9 - 17:07:40] FLAG: Gifted/Script Added added flag Free House (Gift) to nhok duy.
[2016/4/9 - 20:08:34] FLAG: Gifted/Script Added added flag Free House (Gift) to Army Max.
[2016/4/9 - 20:56:00] FLAG: Gifted/Script Added added flag Free House (Gift) to Martynekes Kaijoger.
[2016/4/9 - 21:46:57] FLAG: Gifted/Script Added added flag Free House (Gift) to Louis God.
[2016/4/10 - 9:33:27] FLAG: Gifted/Script Added added flag Dynamic Gift Box: 7 Day Gold VIP to Army Kun.
[2016/4/10 - 9:34:16] FLAG: Gifted/Script Added added flag Dynamic Gift Box: 7 Day Silver VIP to Frozen Vy.
[2016/4/10 - 9:35:06] FLAG: Gifted/Script Added added flag Dynamic Gift Box: 7 Day Silver VIP to Smith CoDoc.
[2016/4/10 - 10:36:46] FLAG: Gifted/Script Added added flag Dynamic Gift Box: 7 Day Silver VIP to Frozen Hau.
[2016/4/10 - 10:38:27] FLAG: Gifted/Script Added added flag Dynamic Gift Box: 7 Day Silver VIP to Frozen Hau.
[2016/4/10 - 10:39:23] FLAG: Gifted/Script Added added flag Dynamic Gift Box: 7 Day Gold VIP to Army Rain.
[2016/4/10 - 10:39:33] FLAG: Gifted/Script Added added flag Dynamic Gift Box: 7 Day Gold VIP to Army Kun.
[2016/4/10 - 10:40:20] FLAG: Gifted/Script Added added flag Dynamic Gift Box: 7 Day Silver VIP to Army Kun.
[2016/4/10 - 10:42:10] FLAG: Gifted/Script Added added flag Dynamic Gift Box: 7 Day Silver VIP to Fio Ran.
[2016/4/10 - 10:50:26] FLAG: Gifted/Script Added added flag Dynamic Gift Box: 7 Day Silver VIP to Beo hardy.
[2016/4/10 - 11:46:08] FLAG: Gifted/Script Added added flag Dich vu Mua nha (Credits) to Fio Ran.
[2016/4/10 - 12:02:09] FLAG: Gifted/Script Added added flag Dynamic Gift Box: 7 Day Silver VIP to Melody Stone.
[2016/4/10 - 12:06:56] FLAG: Gifted/Script Added added flag Dynamic Gift Box: 7 ngay dung Silver VIP to Micky Holdny.
[2016/4/10 - 12:09:49] FLAG: Gifted/Script Added added flag Dynamic Gift Box: 7 Day Gold VIP to Kevin Tien.
[2016/4/10 - 13:14:23] FLAG: Gifted/Script Added added flag Free House (Gift) to Micky Holdny.
[2016/4/10 - 13:19:27] FLAG: Gifted/Script Added added flag Free House (Gift) to Fio Ran.
[2016/4/10 - 13:21:17] FLAG: Gifted/Script Added added flag Free House (Gift) to Fio Ran.
[2016/4/10 - 14:24:42] FLAG: Gifted/Script Added added flag Free House (Gift) to Killer Zero.
[2016/4/10 - 14:24:44] FLAG: Gifted/Script Added added flag Free House (Gift) to CouNil Workl.
[2016/4/10 - 14:24:45] FLAG: Gifted/Script Added added flag Free House (Gift) to Thong Jackson.
[2016/4/10 - 15:06:38] FLAG: Gifted/Script Added added flag Dich vu Mua nha (Credits) to Army Moon.
[2016/4/10 - 15:06:42] FLAG: Gifted/Script Added added flag Garage - Cuc to (VW: 1) to Army Moon.
[2016/4/10 - 15:13:15] FLAG: Gifted/Script Added added flag Free House (Gift) to Micky Holdny.
[2016/4/10 - 15:17:11] FLAG: Gifted/Script Added added flag Free House (Gift) to Micky Holdny.
[2016/4/10 - 15:29:25] FLAG: Gifted/Script Added added flag Free House (Gift) to Micky Holdny.
[2016/4/10 - 15:31:33] FLAG: Gifted/Script Added added flag Free House (Gift) to nick S buzikk.
[2016/4/10 - 15:43:33] FLAG: Gifted/Script Added added flag Free House (Gift) to Phuoc Legendary.
[2016/4/10 - 17:07:01] FLAG: Gifted/Script Added added flag Free House (Gift) to Mr Jokers .
[2016/4/10 - 17:07:01] FLAG: Gifted/Script Added added flag Free House (Gift) to Be Luan.
[2016/4/10 - 17:11:07] FLAG: Gifted/Script Added added flag Free House (Gift) to Army Rain.
[2016/4/10 - 18:22:58] FLAG: Gifted/Script Added added flag Free House (Gift) to Army Hanh.
[2016/4/10 - 19:53:35] FLAG: Gifted/Script Added added flag Dich vu chuyen nha (Credits) to Joe Harlow.
[2016/4/10 - 20:37:52] FLAG: Gifted/Script Added added flag Free House (Gift) to DJ Tom.
[2016/4/10 - 21:23:37] FLAG: Gifted/Script Added added flag Dynamic Gift Box: 7 Day Silver VIP to Army Kun.
[2016/4/10 - 21:23:40] FLAG: Gifted/Script Added added flag Dynamic Gift Box: 7 Day Silver VIP to Army Kun.
[2016/4/10 - 21:23:52] FLAG: Gifted/Script Added added flag Dynamic Gift Box: 7 Day Gold VIP to Army Rain.
[2016/4/10 - 21:24:07] FLAG: Gifted/Script Added added flag Dynamic Gift Box: 7 Day Gold VIP to Army hung.
[2016/4/10 - 21:24:32] FLAG: Gifted/Script Added added flag Dynamic Gift Box: 7 ngay dung Silver VIP to Army Kun.
[2016/4/10 - 21:45:04] FLAG: Gifted/Script Added added flag Dynamic Gift Box: 7 Day Gold VIP to Army Moon.
[2016/4/10 - 21:45:05] FLAG: Gifted/Script Added added flag Dynamic Gift Box: 7 Day Silver VIP to Army Rain.
[2016/4/10 - 21:45:31] FLAG: Gifted/Script Added added flag Dynamic Gift Box: 7 ngay dung Gold VIP to Army Rain.
[2016/4/10 - 21:47:57] FLAG: Gifted/Script Added added flag Dynamic Gift Box: 7 Day Silver VIP to Army Kun.
[2016/4/10 - 21:48:19] FLAG: Gifted/Script Added added flag Dynamic Gift Box: 7 Day Gold VIP to Army Rain.
[2016/4/10 - 22:23:10] FLAG: Gifted/Script Added added flag Dynamic Gift Box: 7 Day Gold VIP to Army Thai.
[2016/4/10 - 22:24:02] FLAG: Gifted/Script Added added flag Dynamic Gift Box: 7 Day Gold VIP to Army Thai.
[2016/4/10 - 22:25:45] FLAG: Gifted/Script Added added flag Dynamic Gift Box: 7 Day Silver VIP to Army Thai.
[2016/4/10 - 22:40:36] FLAG: Gifted/Script Added added flag Dynamic Gift Box: 7 Day Gold VIP to Army Thai.
[2016/4/11 - 7:34:40] FLAG: Gifted/Script Added added flag Free House (Gift) to Army Moon.
[2016/4/11 - 7:34:46] FLAG: Gifted/Script Added added flag Free House (Gift) to Army Hanh.
[2016/4/11 - 7:34:55] FLAG: Gifted/Script Added added flag Free House (Gift) to Army Moon.
[2016/4/11 - 7:47:12] FLAG: Gifted/Script Added added flag Free House (Gift) to Army Hanh.
[2016/4/11 - 9:26:31] FLAG: Gifted/Script Added added flag Free House (Gift) to Andriano S Buzikk.
[2016/4/11 - 9:58:22] FLAG: Gifted/Script Added added flag Dich vu Mua nha (Credits) to army KoI.
[2016/4/11 - 10:49:22] FLAG: Gifted/Script Added added flag Free House (Gift) to Kevin Tien.
[2016/4/11 - 11:53:43] FLAG: Gifted/Script Added added flag Dich vu thay doi noi that nha (Credits) to Army Tai.
[2016/4/11 - 14:12:13] FLAG: Gifted/Script Added added flag Dich vu Mua nha (Credits) to Army Hieuu.
[2016/4/11 - 14:17:37] FLAG: Gifted/Script Added added flag Free House (Gift) to Andriano S Buzikk.
[2016/4/11 - 14:19:13] FLAG: Gifted/Script Added added flag Dich vu Mua nha (Credits) to Chunq Le.
[2016/4/11 - 14:44:40] FLAG: Gifted/Script Added added flag Dich vu thay doi noi that nha (Credits) to Chunq Le.
[2016/4/11 - 15:10:07] FLAG: Gifted/Script Added added flag Bien so xe (Credits) to Chunq Le.
[2016/4/11 - 15:10:57] FLAG: Gifted/Script Added added flag Dich vu thay doi noi that nha (Credits) to Chunq Le.
[2016/4/11 - 15:11:05] FLAG: Gifted/Script Added added flag Dich vu chuyen nha (Credits) to Chunq Le.
[2016/4/11 - 15:16:31] FLAG: Gifted/Script Added added flag Bien so xe (Credits) to Kevin S Johnson.
[2016/4/11 - 16:49:01] FLAG: Gifted/Script Added added flag Dynamic Gift Box: 7 Day Gold VIP to Kelvin Nguyen.
[2016/4/11 - 17:00:06] FLAG: Gifted/Script Added added flag Dynamic Gift Box: 7 Day Gold VIP to Army Ryn.
[2016/4/11 - 17:53:06] FLAG: Gifted/Script Added added flag Dynamic Gift Box: 7 Day Silver VIP to Army Moon.
[2016/4/11 - 17:55:05] FLAG: Gifted/Script Added added flag Dynamic Gift Box: 7 Day Gold VIP to Army Moon.
[2016/4/11 - 17:59:21] FLAG: Gifted/Script Added added flag Dynamic Gift Box: 7 Day Gold VIP to MonKey S Buzikk.
[2016/4/11 - 17:59:27] FLAG: Gifted/Script Added added flag Dynamic Gift Box: 7 ngay dung Gold VIP to MonKey S Buzikk.
[2016/4/11 - 17:59:41] FLAG: Gifted/Script Added added flag Dynamic Gift Box: 7 Day Gold VIP to Minh.s Buzikk.
[2016/4/11 - 18:00:17] FLAG: Gifted/Script Added added flag Dynamic Gift Box: 7 ngay dung Silver VIP to Quiz S Buzikk.
[2016/4/11 - 18:00:21] FLAG: Gifted/Script Added added flag Dynamic Gift Box: 7 Day Silver VIP to Quiz S Buzikk.
[2016/4/11 - 18:00:38] FLAG: Gifted/Script Added added flag Dynamic Gift Box: 7 Day Gold VIP to Army Moon.
[2016/4/11 - 18:52:52] FLAG: Gifted/Script Added added flag Dich vu thay doi noi that nha (Credits) to Young S Buzikk.
[2016/4/11 - 18:55:32] FLAG: Gifted/Script Added added flag Dynamic Gift Box: 7 Day Silver VIP to MonKey.S Buzikk.
[2016/4/11 - 18:56:01] FLAG: Gifted/Script Added added flag Dynamic Gift Box: 7 ngay dung Gold VIP to Mark Roys.
[2016/4/11 - 19:34:49] FLAG: Gifted/Script Added added flag Dich vu chuyen nha (Credits) to Quyen Doremon.
[2016/4/11 - 20:03:59] FLAG: Gifted/Script Added added flag Dich vu thay doi noi that nha (Credits) to Army Tai.
[2016/4/11 - 20:13:15] FLAG: Gifted/Script Added added flag Garage - Cuc to (VW: 1) to Army Tiesto.
[2016/4/11 - 20:53:55] FLAG: Gifted/Script Added added flag Free House (Gift) to Army Rain.
[2016/4/11 - 20:53:56] FLAG: Gifted/Script Added added flag Free House (Gift) to Yakuza Binn.
[2016/4/11 - 20:53:56] FLAG: Gifted/Script Added added flag Free House (Gift) to Be duy.
[2016/4/11 - 20:53:56] FLAG: Gifted/Script Added added flag Free House (Gift) to Alexander Owen.
[2016/4/11 - 20:53:57] FLAG: Gifted/Script Added added flag Free House (Gift) to Jav Trung.
[2016/4/11 - 20:53:57] FLAG: Gifted/Script Added added flag Free House (Gift) to thuan t.
[2016/4/11 - 20:53:58] FLAG: Gifted/Script Added added flag Free House (Gift) to Andy Ted.
[2016/4/11 - 21:49:41] FLAG: Gifted/Script Added added flag Bien so xe (Credits) to Army Max.
[2016/4/11 - 22:08:47] FLAG: Gifted/Script Added added flag Dich vu Mua nha (Credits) to Jeremy Army.
[2016/4/12 - 0:16:16] FLAG: Gifted/Script Added added flag Bien so xe (Credits) to tron smoke.
[2016/4/12 - 7:34:45] FLAG: Gifted/Script Added added flag Dynamic Gift Box: 7 Day Silver VIP to Army Ryn.
[2016/4/12 - 7:36:23] FLAG: Gifted/Script Added added flag Dynamic Gift Box: 7 Day Gold VIP to Army Moon.
[2016/4/12 - 7:37:08] FLAG: Gifted/Script Added added flag Dynamic Gift Box: 7 Day Silver VIP to Army Ryn.
[2016/4/12 - 7:38:19] FLAG: Gifted/Script Added added flag Dynamic Gift Box: 7 Day Gold VIP to Army Moon.
[2016/4/12 - 8:56:03] FLAG: Gifted/Script Added added flag Bien so xe (Credits) to army thinh.
[2016/4/12 - 9:18:43] FLAG: Gifted/Script Added added flag Dynamic Gift Box: 7 ngay dung Silver VIP to Hunter Gon.
[2016/4/12 - 9:21:07] FLAG: Gifted/Script Added added flag Dynamic Gift Box: 7 Day Gold VIP to Ong Trum.
[2016/4/12 - 9:21:41] FLAG: Gifted/Script Added added flag Dynamic Gift Box: 7 Day Gold VIP to Army Max.
[2016/4/12 - 9:22:16] FLAG: Gifted/Script Added added flag Dynamic Gift Box: 7 ngay dung Silver VIP to Army Max.
[2016/4/12 - 9:25:04] FLAG: Gifted/Script Added added flag Dynamic Gift Box: 7 ngay dung Gold VIP to Mark roys.
[2016/4/12 - 9:26:38] FLAG: Gifted/Script Added added flag Dynamic Gift Box: 7 Day Gold VIP to Ong Trum.
[2016/4/12 - 9:28:02] FLAG: Gifted/Script Added added flag Dynamic Gift Box: 7 ngay dung Gold VIP to Mark roys.
[2016/4/12 - 9:29:48] FLAG: Gifted/Script Added added flag Dynamic Gift Box: 7 Day Gold VIP to MonKey.S Buzikk.
[2016/4/12 - 9:31:43] FLAG: Gifted/Script Added added flag Dynamic Gift Box: 7 Day Silver VIP to Mark roys.
[2016/4/12 - 9:32:36] FLAG: Gifted/Script Added added flag Dynamic Gift Box: 7 ngay dung Gold VIP to Ong Trum.
[2016/4/12 - 11:15:12] FLAG: Gifted/Script Added added flag Dynamic Gift Box: 7 Day Gold VIP to Micky Holdny.
[2016/4/12 - 11:15:30] FLAG: Gifted/Script Added added flag Dynamic Gift Box: 7 ngay dung Silver VIP to Micky Holdny.
[2016/4/12 - 11:15:43] FLAG: Gifted/Script Added added flag Dynamic Gift Box: 7 Day Gold VIP to Ong Trum.
[2016/4/12 - 11:15:47] FLAG: Gifted/Script Added added flag Dynamic Gift Box: 7 Day Gold VIP to Micky Holdny.
[2016/4/12 - 11:16:15] FLAG: Gifted/Script Added added flag Dynamic Gift Box: 7 ngay dung Silver VIP to Ong Trum.
[2016/4/12 - 11:16:17] FLAG: Gifted/Script Added added flag Dynamic Gift Box: 7 Day Gold VIP to Micky Holdny.
[2016/4/12 - 11:16:49] FLAG: Gifted/Script Added added flag Dynamic Gift Box: 7 Day Silver VIP to Micky Holdny.
[2016/4/12 - 11:18:36] FLAG: Gifted/Script Added added flag Dynamic Gift Box: 7 ngay dung Silver VIP to MonKey.S Buzikk.
[2016/4/12 - 12:18:34] FLAG: Gifted/Script Added added flag Dynamic Gift Box: 7 Day Gold VIP to Army Rain.
[2016/4/12 - 12:19:12] FLAG: Gifted/Script Added added flag Dynamic Gift Box: 7 Day Gold VIP to Army Zeref.
[2016/4/12 - 12:19:14] FLAG: Gifted/Script Added added flag Dynamic Gift Box: 7 Day Gold VIP to Army Hieuu.
[2016/4/12 - 12:20:52] FLAG: Gifted/Script Added added flag Dynamic Gift Box: 7 Day Gold VIP to Khoi Nguyens.
[2016/4/12 - 12:21:06] FLAG: Gifted/Script Added added flag Dynamic Gift Box: 7 Day Silver VIP to Khoi Nguyens.
[2016/4/12 - 12:23:38] FLAG: Gifted/Script Added added flag Dynamic Gift Box: 7 Day Gold VIP to Cong Vo.
[2016/4/12 - 12:30:36] FLAG: Gifted/Script Added added flag Dynamic Gift Box: 7 ngay dung Silver VIP to Army Trong.
[2016/4/12 - 12:36:11] FLAG: Gifted/Script Added added flag Dynamic Gift Box: 7 Day Silver VIP to Army Trong.
[2016/4/12 - 12:41:01] FLAG: Gifted/Script Added added flag Dynamic Gift Box: 7 ngay dung Gold VIP to Army Nghia.
[2016/4/12 - 12:51:23] FLAG: Gifted/Script Added added flag Free House (Gift) to Gia Hao.
[2016/4/12 - 14:01:56] FLAG: Gifted/Script Added added flag Dynamic Gift Box: 7 Day Silver VIP to Mafia Nhan.
[2016/4/12 - 14:02:43] FLAG: Gifted/Script Added added flag Dynamic Gift Box: 7 Day Gold VIP to Andriano S Buzikk.
[2016/4/12 - 14:03:52] FLAG: Gifted/Script Added added flag Dynamic Gift Box: 7 Day Gold VIP to Army Nghia.
[2016/4/12 - 14:04:04] FLAG: Gifted/Script Added added flag Dynamic Gift Box: 7 Day Silver VIP to Andriano S Buzikk.
[2016/4/12 - 14:04:15] FLAG: Gifted/Script Added added flag Dynamic Gift Box: 7 Day Silver VIP to Andriano S Buzikk.
[2016/4/12 - 14:05:22] FLAG: Gifted/Script Added added flag Dynamic Gift Box: 7 Day Gold VIP to Quyen Doremon.
[2016/4/12 - 14:05:49] FLAG: Gifted/Script Added added flag Dynamic Gift Box: 7 Day Silver VIP to G Dragon.
[2016/4/12 - 15:00:01] FLAG: Gifted/Script Added added flag Dich vu chuyen nha (Credits) to Jeremy Army.
[2016/4/12 - 15:22:16] FLAG: Gifted/Script Added added flag Dich vu thay doi noi that nha (Credits) to Jeremy Army.
[2016/4/13 - 8:59:17] FLAG: Gifted/Script Added added flag Free House (Gift) to Jeremy Army.
[2016/4/13 - 10:33:57] FLAG: Gifted/Script Added added flag Free House (Gift) to Jeremy Army.
[2016/4/13 - 11:50:00] FLAG: Gifted/Script Added added flag Bien so xe (Credits) to Max Speed.
[2016/4/13 - 13:07:39] FLAG: Gifted/Script Added added flag Free House (Gift) to Adam rock.
[2016/4/13 - 14:13:40] FLAG: Gifted/Script Added added flag Dich vu Mua nha (Credits) to Head Score.
[2016/4/13 - 14:22:22] FLAG: Gifted/Script Added added flag Dich vu Mua nha (Credits) to Duy Titamo.
[2016/4/13 - 15:20:07] FLAG: Gifted/Script Added added flag Free House (Gift) to Max Speed.
[2016/4/13 - 15:21:45] FLAG: Gifted/Script Added added flag Free House (Gift) to Max Speed.
[2016/4/13 - 17:15:00] FLAG: Gifted/Script Added added flag Garage - Cuc to (VW: 1) to G Dragon.
[2016/4/13 - 17:16:32] FLAG: Gifted/Script Added added flag Garage - Cuc to (VW: 2) to G Dragon.
[2016/4/13 - 17:17:04] FLAG: Gifted/Script Added added flag Garage - Cuc to (VW: 3) to G Dragon.
[2016/4/13 - 17:49:29] FLAG: Gifted/Script Added added flag Dich vu Mua nha (Credits) to Rober Hubs.
[2016/4/13 - 17:52:03] FLAG: Gifted/Script Added added flag Garage - Cuc to (VW: 4) to G Dragon.
[2016/4/13 - 18:00:41] FLAG: Gifted/Script Added added flag Bien so xe (Credits) to Jimmy S Buzikk.
[2016/4/13 - 18:12:32] FLAG: Gifted/Script Added added flag Bien so xe (Credits) to Club Stone.
[2016/4/13 - 23:15:17] FLAG: Gifted/Script Added added flag Dich vu Mua nha (Credits) to Chi Chuot.
[2016/4/14 - 6:44:41] FLAG: Gifted/Script Added added flag Dynamic Gift Box: 7 Day Gold VIP to MonKey S Buzikk.
[2016/4/14 - 6:44:54] FLAG: Gifted/Script Added added flag Dynamic Gift Box: 7 Day Gold VIP to MonKey S Buzikk.
[2016/4/14 - 9:24:03] FLAG: Gifted/Script Added added flag Free House (Gift) to Kevin Tien.
[2016/4/14 - 9:24:03] FLAG: Gifted/Script Added added flag Free House (Gift) to TiVii GamBit.
[2016/4/14 - 9:24:03] FLAG: Gifted/Script Added added flag Free House (Gift) to Jack hardy.
[2016/4/14 - 9:28:23] FLAG: Gifted/Script Added added flag Dynamic Gift Box: 7 Day Silver VIP to Rober Hubs.
[2016/4/14 - 9:49:58] FLAG: Gifted/Script Added added flag Dich vu Mua nha (Credits) to Phat S Buzikk.
[2016/4/14 - 10:12:39] FLAG: Gifted/Script Added added flag Dynamic Gift Box: 7 Day Gold VIP to Jerry Maidns.
[2016/4/14 - 10:12:41] FLAG: Gifted/Script Added added flag Dynamic Gift Box: 7 Day Silver VIP to Jerry Maidns.
[2016/4/14 - 10:14:15] FLAG: Gifted/Script Added added flag Dynamic Gift Box: 7 ngay dung Gold VIP to Tuan Smith.
[2016/4/14 - 10:16:31] FLAG: Gifted/Script Added added flag Dynamic Gift Box: 7 Day Silver VIP to Micky Holdny.
[2016/4/14 - 10:16:46] FLAG: Gifted/Script Added added flag Dynamic Gift Box: 7 Day Silver VIP to Army Max.
[2016/4/14 - 10:17:05] FLAG: Gifted/Script Added added flag Dynamic Gift Box: 7 Day Silver VIP to Army Thai.
[2016/4/14 - 10:17:12] FLAG: Gifted/Script Added added flag Dynamic Gift Box: 7 Day Gold VIP to Micky Holdny.
[2016/4/14 - 10:17:40] FLAG: Gifted/Script Added added flag Dynamic Gift Box: 7 Day Silver VIP to Army Max.
[2016/4/14 - 10:18:03] FLAG: Gifted/Script Added added flag Dynamic Gift Box: 7 Day Gold VIP to Army Thai.
[2016/4/14 - 10:18:20] FLAG: Gifted/Script Added added flag Dynamic Gift Box: 7 ngay dung Silver VIP to Micky Holdny.
[2016/4/14 - 10:18:22] FLAG: Gifted/Script Added added flag Dynamic Gift Box: 7 Day Gold VIP to Micky Holdny.
[2016/4/14 - 10:18:27] FLAG: Gifted/Script Added added flag Dynamic Gift Box: 7 Day Gold VIP to Virgo au.
[2016/4/14 - 10:18:42] FLAG: Gifted/Script Added added flag Dynamic Gift Box: 7 Day Gold VIP to Micky Holdny.
[2016/4/14 - 10:18:53] FLAG: Gifted/Script Added added flag Dynamic Gift Box: 7 ngay dung Silver VIP to Army Moon.
[2016/4/14 - 10:19:06] FLAG: Gifted/Script Added added flag Dynamic Gift Box: 7 Day Silver VIP to Army Moon.
[2016/4/14 - 10:19:29] FLAG: Gifted/Script Added added flag Dynamic Gift Box: 7 Day Gold VIP to Micky Holdny.
[2016/4/14 - 10:20:25] FLAG: Gifted/Script Added added flag Dynamic Gift Box: 7 Day Silver VIP to Micky Holdny.
[2016/4/14 - 11:34:17] FLAG: Gifted/Script Added added flag Dynamic Gift Box: 7 Day Gold VIP to Army Rain.
[2016/4/14 - 12:01:58] FLAG: Gifted/Script Added added flag Dich vu chuyen nha (Credits) to nick tien.
[2016/4/14 - 12:46:35] FLAG: Gifted/Script Added added flag Dynamic Gift Box: 7 Day Gold VIP to Army Tiesto.
[2016/4/14 - 13:03:38] FLAG: Gifted/Script Added added flag Dynamic Gift Box: 7 Day Gold VIP to Vladimir smith.
[2016/4/14 - 13:08:53] FLAG: Gifted/Script Added added flag Dynamic Gift Box: 7 Day Gold VIP to Max Speed.
[2016/4/14 - 13:21:23] FLAG: Gifted/Script Added added flag Dynamic Gift Box: 7 ngay dung Silver VIP to Vladimir smith.
[2016/4/14 - 13:22:52] FLAG: Gifted/Script Added added flag Dynamic Gift Box: 7 Day Silver VIP to RanGer Ran.
[2016/4/14 - 13:26:45] FLAG: Gifted/Script Added added flag Dynamic Gift Box: 7 Day Silver VIP to Max Speed.
[2016/4/14 - 13:30:17] FLAG: Gifted/Script Added added flag Dich vu Mua nha (Credits) to Nam Nguyens.
[2016/4/14 - 13:38:03] FLAG: Gifted/Script Added added flag Dich vu Mua nha (Credits) to Nam Kinglocete.
[2016/4/14 - 13:40:05] FLAG: Gifted/Script Added added flag Dich vu Mua nha (Credits) to Nam Nguyens.
[2016/4/14 - 13:43:46] FLAG: Gifted/Script Added added flag Dich vu Mua nha (Credits) to Tom Matthew.
[2016/4/14 - 14:02:30] FLAG: Gifted/Script Added added flag Bien so xe (Credits) to Chi Chuot.
[2016/4/14 - 14:19:52] FLAG: Gifted/Script Added added flag Dich vu Mua nha (Credits) to Army Henry.
[2016/4/14 - 14:35:53] FLAG: Gifted/Script Added added flag Dich vu Mua nha (Credits) to Le cuong.
[2016/4/14 - 14:36:27] FLAG: Gifted/Script Added added flag Dich vu thay doi noi that nha (Credits) to Nam Kinglocete.
[2016/4/14 - 15:31:18] FLAG: Gifted/Script Added added flag Dich vu Mua nha (Credits) to Army Henry.
[2016/4/14 - 16:23:39] FLAG: Gifted/Script Added added flag Dich vu thay doi noi that nha (Credits) to Deff Virtca.
[2016/4/14 - 16:31:35] FLAG: Gifted/Script Added added flag Dich vu thay doi noi that nha (Credits) to Virgo au.
[2016/4/14 - 16:46:39] FLAG: Gifted/Script Added added flag Dich vu Mua nha (Credits) to Army Game.
[2016/4/14 - 16:52:46] FLAG: Gifted/Script Added added flag Bien so xe (Credits) to Dang Ngoc Son.
[2016/4/14 - 17:14:10] FLAG: Gifted/Script Added added flag Dich vu chuyen nha (Credits) to Vu Thanh Long.
[2016/4/14 - 17:16:42] FLAG: Gifted/Script Added added flag Dynamic Gift Box: 7 Day Silver VIP to Rain Cheery.
[2016/4/14 - 17:17:36] FLAG: Gifted/Script Added added flag Dynamic Gift Box: 7 Day Gold VIP to Nam Kinglocete.
[2016/4/14 - 18:03:26] FLAG: Gifted/Script Added added flag Dich vu Mua nha (Credits) to Rey Martinez.
[2016/4/14 - 19:01:06] FLAG: Gifted/Script Added added flag Bien so xe (Credits) to Pakuza Wazaki.
[2016/4/14 - 19:48:22] FLAG: Gifted/Script Added added flag Dynamic Gift Box: 7 Day Gold VIP to An Ryder.
[2016/4/14 - 19:49:27] FLAG: Gifted/Script Added added flag Dynamic Gift Box: 7 Day Gold VIP to Army Ty.
[2016/4/14 - 19:50:21] FLAG: Gifted/Script Added added flag Dynamic Gift Box: 7 Day Silver VIP to Army Ty.
[2016/4/14 - 19:50:59] FLAG: Gifted/Script Added added flag Dynamic Gift Box: 7 Day Silver VIP to Micky Holdny.
[2016/4/14 - 19:52:53] FLAG: Gifted/Script Added added flag Dynamic Gift Box: 7 Day Silver VIP to Micky Holdny.
[2016/4/14 - 19:53:38] FLAG: Gifted/Script Added added flag Dich vu Mua nha (Credits) to Hunter Gon.
[2016/4/14 - 19:55:27] FLAG: Gifted/Script Added added flag Dynamic Gift Box: 7 Day Gold VIP to Mr Huy.
[2016/4/14 - 19:55:56] FLAG: Gifted/Script Added added flag Dynamic Gift Box: 7 Day Gold VIP to Army Ty.
[2016/4/14 - 19:56:05] FLAG: Gifted/Script Added added flag Dynamic Gift Box: 7 Day Gold VIP to God.
[2016/4/14 - 19:56:29] FLAG: Gifted/Script Added added flag Dynamic Gift Box: 7 Day Gold VIP to December Gen.
[2016/4/14 - 19:57:16] FLAG: Gifted/Script Added added flag Dynamic Gift Box: 7 Day Gold VIP to RanGer Ran.
[2016/4/14 - 19:58:35] FLAG: Gifted/Script Added added flag Dynamic Gift Box: 7 Day Gold VIP to Darks Night.
[2016/4/14 - 19:59:04] FLAG: Gifted/Script Added added flag Dynamic Gift Box: 7 Day Silver VIP to Micky Holdny.
[2016/4/14 - 19:59:08] FLAG: Gifted/Script Added added flag Dynamic Gift Box: 7 Day Silver VIP to Pakuza Wazaki.
[2016/4/14 - 19:59:23] FLAG: Gifted/Script Added added flag Dynamic Gift Box: 7 Day Silver VIP to Pakuza Wazaki.
[2016/4/14 - 20:05:54] FLAG: Gifted/Script Added added flag Dynamic Gift Box: 7 Day Silver VIP to Dao Tran.
[2016/4/14 - 21:57:45] FLAG: Gifted/Script Added added flag Dynamic Gift Box: 7 Day Silver VIP to Darks Night.
[2016/4/14 - 21:58:03] FLAG: Gifted/Script Added added flag Dynamic Gift Box: 7 Day Silver VIP to Darks Night.
[2016/4/14 - 21:58:13] FLAG: Gifted/Script Added added flag Dynamic Gift Box: 7 ngay dung Silver VIP to Anh Trong.
[2016/4/14 - 21:58:15] FLAG: Gifted/Script Added added flag Dynamic Gift Box: 7 Day Gold VIP to Matthew Ander.
[2016/4/14 - 21:58:20] FLAG: Gifted/Script Added added flag Dynamic Gift Box: 7 Day Gold VIP to Darks Night.
[2016/4/14 - 22:01:32] FLAG: Gifted/Script Added added flag Dynamic Gift Box: 7 Day Gold VIP to Vladimir Smith.
[2016/4/14 - 22:05:57] FLAG: Gifted/Script Added added flag Dynamic Gift Box: 7 Day Silver VIP to Lip Devil.
[2016/4/14 - 22:33:53] FLAG: Gifted/Script Added added flag Bien so xe (Credits) to My Quyenn.
[2016/4/15 - 8:29:05] FLAG: Gifted/Script Added added flag Free House (Gift) to Mr Jokers .
[2016/4/15 - 10:31:30] FLAG: Gifted/Script Added added flag Dynamic Gift Box: 7 ngay dung Silver VIP to Micky Holdny.
[2016/4/15 - 10:33:50] FLAG: Gifted/Script Added added flag Dynamic Gift Box: 7 Day Silver VIP to Micky Holdny.
[2016/4/15 - 10:34:35] FLAG: Gifted/Script Added added flag Dynamic Gift Box: 7 Day Silver VIP to Armin Guetta.
[2016/4/15 - 10:34:37] FLAG: Gifted/Script Added added flag Dynamic Gift Box: 7 Day Silver VIP to Armin Guetta.
[2016/4/15 - 10:42:34] FLAG: Gifted/Script Added added flag Dich vu thay doi noi that nha (Credits) to Stream Bedu.
[2016/4/15 - 11:01:43] FLAG: Gifted/Script Added added flag Dynamic Gift Box: 7 ngay dung Silver VIP to Army khanh phan.
[2016/4/15 - 11:39:22] FLAG: Gifted/Script Added added flag Dich vu Mua nha (Credits) to Minh Hungg.
[2016/4/15 - 12:34:21] FLAG: Gifted/Script Added added flag Dich vu Mua nha (Credits) to My Quyenn.
[2016/4/15 - 12:54:16] FLAG: Gifted/Script Added added flag Dich vu chuyen nha (Credits) to Bo Thanh Hieu.
[2016/4/15 - 12:59:16] FLAG: Gifted/Script Added added flag Bien so xe (Credits) to Bo Thanh Hieu.
[2016/4/15 - 13:50:54] FLAG: Gifted/Script Added added flag Dich vu Mua nha (Credits) to Nguyen Thanh Binh.
[2016/4/15 - 14:08:22] FLAG: Gifted/Script Added added flag Dich vu Mua nha (Credits) to Ho Smoke.
[2016/4/15 - 14:08:38] FLAG: Gifted/Script Added added flag Dich vu thay doi noi that nha (Credits) to Ho Smoke.
[2016/4/15 - 14:41:37] FLAG: Gifted/Script Added added flag Dynamic Gift Box: 7 ngay dung Silver VIP to My Quyenn.
[2016/4/15 - 15:14:44] FLAG: Gifted/Script Added added flag Dich vu Mua nha (Credits) to Baill Ngoc.
[2016/4/15 - 15:27:23] FLAG: Gifted/Script Added added flag Dich vu Mua nha (Credits) to Trong Smith.
[2016/4/15 - 17:29:20] FLAG: Gifted/Script Added added flag Dich vu Mua nha (Credits) to Boss noku.
[2016/4/15 - 18:10:24] FLAG: Gifted/Script Added added flag Dich vu Mua nha (Credits) to Parkour Oni.
[2016/4/15 - 18:16:00] FLAG: Gifted/Script Added added flag Dich vu Mua nha (Credits) to Henry Bike.
[2016/4/16 - 6:01:15] FLAG: Gifted/Script Added added flag Bien so xe (Credits) to DJ HaiiSaker.
[2016/4/16 - 6:02:55] FLAG: Gifted/Script Added added flag Bien so xe (Credits) to DJ HaiiSaker.
[2016/4/16 - 8:09:44] FLAG: Gifted/Script Added added flag Dich vu Mua nha (Credits) to Boy Kenzo.
[2016/4/16 - 8:11:11] FLAG: Gifted/Script Added added flag Bien so xe (Credits) to Boy Kenzo.
[2016/4/16 - 9:39:02] FLAG: Gifted/Script Added added flag Free House (Gift) to Nsut VanThai.
[2016/4/16 - 9:39:03] FLAG: Gifted/Script Added added flag Free House (Gift) to Army Ryn.
[2016/4/16 - 9:39:04] FLAG: Gifted/Script Added added flag Free House (Gift) to Nguyen Ngoc Tram.
[2016/4/16 - 9:39:05] FLAG: Gifted/Script Added added flag Free House (Gift) to Lillian Gabrielle.
[2016/4/16 - 9:39:05] FLAG: Gifted/Script Added added flag Free House (Gift) to Phuoc S Buzikk.
[2016/4/16 - 9:39:07] FLAG: Gifted/Script Added added flag Free House (Gift) to Shadow Nick.
[2016/4/16 - 10:23:04] FLAG: Gifted/Script Added added flag Dich vu Mua nha (Credits) to Mark Cle.
[2016/4/16 - 11:10:47] FLAG: Gifted/Script Added added flag Bien so xe (Credits) to David Kham.
[2016/4/16 - 13:26:35] FLAG: Gifted/Script Added added flag Free House (Gift) to Natsu Aztecas.
[2016/4/16 - 13:26:36] FLAG: Gifted/Script Added added flag Free House (Gift) to Gia Bao.
[2016/4/16 - 13:26:36] FLAG: Gifted/Script Added added flag Free House (Gift) to Nobita Nam.
[2016/4/16 - 13:26:36] FLAG: Gifted/Script Added added flag Free House (Gift) to Cris Yenlly.
[2016/4/16 - 13:26:37] FLAG: Gifted/Script Added added flag Free House (Gift) to Micky Holdny.
[2016/4/16 - 13:26:37] FLAG: Gifted/Script Added added flag Free House (Gift) to Darks Night.
[2016/4/16 - 14:43:32] FLAG: Gifted/Script Added added flag Free House (Gift) to Song Joong Ki.
[2016/4/16 - 14:43:32] FLAG: Gifted/Script Added added flag Free House (Gift) to Dinh Tuoi.
[2016/4/16 - 14:43:32] FLAG: Gifted/Script Added added flag Free House (Gift) to Nguyen.Viet Gioi.
[2016/4/16 - 15:02:46] FLAG: Gifted/Script Added added flag Bien so xe (Credits) to Baill Ngoc.
[2016/4/16 - 15:04:43] FLAG: Gifted/Script Added added flag Bien so xe (Credits) to Baill Ngoc.
[2016/4/16 - 16:08:42] FLAG: Gifted/Script Added added flag Dich vu Mua nha (Credits) to kelvin tran.
[2016/4/16 - 17:43:13] FLAG: Gifted/Script Added added flag Dynamic Gift Box: 7 Day Silver VIP to Alexander Ty.
[2016/4/16 - 17:46:02] FLAG: Gifted/Script Added added flag Dynamic Gift Box: 7 Day Gold VIP to Alexander Ty.
[2016/4/16 - 17:50:06] FLAG: Gifted/Script Added added flag Dynamic Gift Box: 7 Day Gold VIP to Alexander Ty.
[2016/4/16 - 18:56:06] FLAG: Gifted/Script Added added flag Dynamic Gift Box: 7 Day Silver VIP to Best Skill.
[2016/4/16 - 19:54:43] FLAG: Gifted/Script Added added flag Dynamic Gift Box: 7 ngay dung Silver VIP to Alexander Ty.
[2016/4/16 - 20:16:46] FLAG: Gifted/Script Added added flag Dynamic Gift Box: 7 Day Silver VIP to Alexander Ty.
[2016/4/16 - 20:18:18] FLAG: Gifted/Script Added added flag Dich vu thay doi noi that nha (Credits) to play zjng.
[2016/4/16 - 20:19:00] FLAG: Gifted/Script Added added flag Dynamic Gift Box: 7 Day Silver VIP to Alexander Ty.
[2016/4/16 - 20:21:14] FLAG: Gifted/Script Added added flag Dynamic Gift Box: 7 ngay dung Silver VIP to Alexander Ty.
[2016/4/16 - 20:23:24] FLAG: Gifted/Script Added added flag Dynamic Gift Box: 7 Day Gold VIP to Alexander Ty.
[2016/4/16 - 20:35:21] FLAG: Gifted/Script Added added flag Dynamic Gift Box: 7 Day Silver VIP to Alexander Ty.
[2016/4/16 - 20:37:42] FLAG: Gifted/Script Added added flag Dynamic Gift Box: 7 Day Silver VIP to Alexander Ty.
[2016/4/16 - 20:38:04] FLAG: Gifted/Script Added added flag Dynamic Gift Box: 7 Day Gold VIP to Alexander Ty.
[2016/4/16 - 20:38:38] FLAG: Gifted/Script Added added flag Dynamic Gift Box: 7 ngay dung Silver VIP to Alexander Ty.
[2016/4/16 - 20:46:29] FLAG: Gifted/Script Added added flag Dynamic Gift Box: 7 Day Silver VIP to Alexander Ty.
[2016/4/16 - 21:07:06] FLAG: Gifted/Script Added added flag Free House (Gift) to Lang Mafiaa.
[2016/4/16 - 22:23:11] FLAG: Gifted/Script Added added flag Dich vu Mua nha (Credits) to Lean Statistics.
[2016/4/16 - 23:26:26] FLAG: Gifted/Script Added added flag Dynamic Gift Box: 7 Day Gold VIP to beo hardy.
[2016/4/17 - 6:37:11] FLAG: Gifted/Script Added added flag Dynamic Gift Box: 7 Day Silver VIP to Jessica Monia.
[2016/4/17 - 11:20:39] FLAG: Gifted/Script Added added flag Dynamic Gift Box: 7 Day Gold VIP to Alexander Ty.
[2016/4/17 - 11:20:52] FLAG: Gifted/Script Added added flag Dynamic Gift Box: 7 Day Gold VIP to Alexander Ty.
[2016/4/17 - 11:22:33] FLAG: Gifted/Script Added added flag Dynamic Gift Box: 7 Day Gold VIP to Ney Gambit.
[2016/4/17 - 13:21:17] FLAG: Gifted/Script Added added flag Dynamic Gift Box: 7 ngay dung Gold VIP to Alexander Ty.
[2016/4/17 - 14:08:45] FLAG: Gifted/Script Added added flag Bien so xe (Credits) to John Cuong.
[2016/4/17 - 16:18:38] FLAG: Gifted/Script Added added flag Dich vu Mua nha (Credits) to Ron Nguyen.
[2016/4/17 - 17:08:57] FLAG: Gifted/Script Added added flag Dynamic Gift Box: 7 ngay dung Silver VIP to Nguyen Ngoc Tram.
[2016/4/17 - 17:10:31] FLAG: Gifted/Script Added added flag Dynamic Gift Box: 7 Day Gold VIP to Nguyen Ngoc Tram.
[2016/4/17 - 18:07:04] FLAG: Gifted/Script Added added flag Dynamic Gift Box: 7 Day Gold VIP to David William.
[2016/4/17 - 18:56:32] FLAG: Gifted/Script Added added flag Dich vu Mua nha (Credits) to Army Moon.
[2016/4/17 - 19:04:54] FLAG: Gifted/Script Added added flag Bien so xe (Credits) to Ngoc Jason.
[2016/4/17 - 19:49:45] FLAG: Gifted/Script Added added flag Dynamic Gift Box: 7 Day Silver VIP to Pot Leo.
[2016/4/17 - 21:11:55] FLAG: Gifted/Script Added added flag Dynamic Gift Box: 7 Day Gold VIP to Rio SoiCa.
[2016/4/17 - 21:13:05] FLAG: Gifted/Script Added added flag Dynamic Gift Box: 7 Day Silver VIP to Nicholas James.
[2016/4/17 - 21:13:16] FLAG: Gifted/Script Added added flag Dynamic Gift Box: 7 Day Gold VIP to Nicholas James.
[2016/4/17 - 21:20:09] FLAG: Gifted/Script Added added flag Dynamic Gift Box: 7 Day Gold VIP to Man GamBit.
[2016/4/18 - 11:43:51] FLAG: Gifted/Script Added added flag Dynamic Gift Box: 7 ngay dung Gold VIP to Mita misakii.
[2016/4/18 - 14:34:26] FLAG: Gifted/Script Added added flag Dich vu thay doi noi that nha (Credits) to Vietvip Nysun.
[2016/4/18 - 14:38:30] FLAG: Gifted/Script Added added flag Dynamic Gift Box: 7 Day Silver VIP to John family.
[2016/4/18 - 15:04:21] FLAG: Gifted/Script Added added flag Dich vu chuyen nha (Credits) to Amon Sxekha.
[2016/4/18 - 15:53:06] FLAG: Gifted/Script Added added flag Dich vu Mua nha (Credits) to G Dragon.
[2016/4/18 - 19:39:26] FLAG: Gifted/Script Added added flag Free House (Gift) to Nguyen Ngoc Tram.
[2016/4/18 - 19:42:01] FLAG: Giang Luong added flag win to Malcolmm Graves.
[2016/4/18 - 19:42:01] Malcolmm Graves was flagged by Giang Luong (win).
[2016/4/18 - 20:19:36] FLAG: Gifted/Script Added added flag Bien so xe (Credits) to New Stars.
[2016/4/18 - 20:33:07] FLAG: Giang Luong added flag . to Giang Luong.
[2016/4/18 - 20:33:07] Giang Luong was flagged by Giang Luong (.).
[2016/4/19 - 8:47:30] FLAG: Gifted/Script Added added flag Bien so xe (Credits) to Nguyen Ngoc Tram.
[2016/4/19 - 8:56:49] FLAG: Gifted/Script Added added flag Free House (Gift) to Nguyen Ngoc Tram.
[2016/4/19 - 13:31:21] FLAG: Gifted/Script Added added flag Dich vu thay doi noi that nha (Credits) to Man GamBit.
[2016/4/19 - 16:55:56] FLAG: Gifted/Script Added added flag Dich vu thay doi noi that nha (Credits) to Dris Nize.
[2016/4/19 - 17:01:21] FLAG: Gifted/Script Added added flag Dich vu Mua nha (Credits) to tin Smitre.
[2016/4/19 - 17:03:44] FLAG: Gifted/Script Added added flag Dich vu Mua nha (Credits) to Boss Doss.
[2016/4/19 - 17:44:06] FLAG: Gifted/Script Added added flag Free House (Gift) to Nguyen Ngoc Tram.
[2016/4/19 - 17:51:26] FLAG: Gifted/Script Added added flag Dich vu Mua nha (Credits) to Matthew Ander.
[2016/4/20 - 6:42:10] FLAG: Gifted/Script Added added flag Bien so xe (Credits) to Asdin Nguyen.
[2016/4/20 - 10:10:57] FLAG: Gifted/Script Added added flag Bien so xe (Credits) to Mark Vagina.
[2016/4/20 - 10:39:18] FLAG: Gifted/Script Added added flag Free House (Gift) to Hoang Minion.
[2016/4/20 - 15:53:58] FLAG: Gifted/Script Added added flag Garage - Cuc to (VW: 1) to The TaiBa.
[2016/4/20 - 17:59:53] FLAG: Gifted/Script Added added flag Bien so xe (Credits) to Charlie Eleazar.
[2016/4/20 - 18:27:02] FLAG: Gifted/Script Added added flag Bien so xe (Credits) to Evans .
[2016/4/20 - 20:34:19] FLAG: Gifted/Script Added added flag Dich vu chuyen nha (Credits) to Wath Xmen.
[2016/4/21 - 8:55:28] FLAG: Gifted/Script Added added flag Free House (Gift) to kha Smith.
[2016/4/21 - 9:52:13] FLAG: Gifted/Script Added added flag Bien so xe (Credits) to Pat Maddox.
[2016/4/21 - 11:35:48] FLAG: Gifted/Script Added added flag Garage - Cuc to (VW: 2) to Be Longg.
[2016/4/21 - 11:52:36] FLAG: Gifted/Script Added added flag Dich vu thay doi noi that nha (Credits) to Be duy.
[2016/4/21 - 14:24:42] FLAG: Gifted/Script Added added flag Dich vu chuyen nha (Credits) to LaoThinh LaoThinh.
[2016/4/21 - 20:38:37] FLAG: Gifted/Script Added added flag Bien so xe (Credits) to Micky Gambit.
[2016/4/22 - 6:23:46] FLAG: Gifted/Script Added added flag Garage - Cuc to (VW: 1) to Hoang Smith.
[2016/4/22 - 14:02:04] FLAG: Gifted/Script Added added flag Bien so xe (Credits) to Riot Mendicity.
[2016/4/22 - 18:13:31] FLAG: Gifted/Script Added added flag Bien so xe (Credits) to Ken katagiri.
[2016/4/23 - 9:17:10] FLAG: Gifted/Script Added added flag Dich vu Mua nha (Credits) to Family Gambit.
[2016/4/23 - 9:29:20] FLAG: Gifted/Script Added added flag Garage - Cuc to (VW: 1) to LaoThinh LaoThinh.
[2016/4/23 - 12:34:21] FLAG: Gifted/Script Added added flag Bien so xe (Credits) to Nhok duy.
[2016/4/23 - 14:21:32] FLAG: Gifted/Script Added added flag Bien so xe (Credits) to Jeffrey Martin.
[2016/4/23 - 15:03:51] FLAG: Gifted/Script Added added flag Bien so xe (Credits) to Darks Night.
[2016/4/23 - 15:13:43] FLAG: Gifted/Script Added added flag Dich vu Mua nha (Credits) to Phung taboo.
[2016/4/23 - 15:14:51] FLAG: Gifted/Script Added added flag Dich vu Mua nha (Credits) to Hoang Phi Hong.
[2016/4/23 - 17:55:26] FLAG: Gifted/Script Added added flag Garage - Cuc to (VW: 2) to LaoThinh LaoThinh.
[2016/4/24 - 11:06:52] FLAG: Gifted/Script Added added flag Bien so xe (Credits) to Leg Stevano.
[2016/4/24 - 11:34:01] FLAG: Gifted/Script Added added flag Bien so xe (Credits) to EnDer Ninex.
[2016/4/24 - 13:01:34] FLAG: Gifted/Script Added added flag Dich vu Mua nha (Credits) to Tien Taboo.
[2016/4/24 - 14:17:19] FLAG: Gifted/Script Added added flag Bien so xe (Credits) to Show MinhHieu.
[2016/4/24 - 14:38:46] FLAG: Gifted/Script Added added flag Bien so xe (Credits) to Brian Gremory.
[2016/4/24 - 14:49:29] FLAG: Gifted/Script Added added flag Dich vu Mua nha (Credits) to Tom Canisbol.
[2016/4/24 - 14:54:14] FLAG: Gifted/Script Added added flag Dich vu thay doi noi that nha (Credits) to Tom Canisbol.
[2016/4/24 - 19:01:12] FLAG: Gifted/Script Added added flag Free House (Gift) to Leas SyRaSha.
[2016/4/24 - 19:54:06] FLAG: Gifted/Script Added added flag Bien so xe (Credits) to Fan Sky.
[2016/4/24 - 20:18:28] FLAG: Gifted/Script Added added flag Bien so xe (Credits) to Mix Take.
[2016/4/24 - 22:00:36] FLAG: Gifted/Script Added added flag Free House (Gift) to Bla Xcution.
[2016/4/25 - 8:51:53] FLAG: Gifted/Script Added added flag Dich vu Mua nha (Credits) to Scout Yakuza.
[2016/4/25 - 9:30:57] FLAG: Gifted/Script Added added flag Dich vu Mua nha (Credits) to Scout Yakuza.
[2016/4/25 - 9:31:02] FLAG: Gifted/Script Added added flag Bien so xe (Credits) to LaoThinh LaoThinh.
[2016/4/25 - 11:53:21] FLAG: Gifted/Script Added added flag Dich vu chuyen nha (Credits) to pan staff.
[2016/4/25 - 12:31:42] FLAG: Gifted/Script Added added flag Bien so xe (Credits) to Gareth Lewandowski.
[2016/4/25 - 14:57:43] FLAG: Gifted/Script Added added flag Free House (Gift) to Tien Pro.
[2016/4/25 - 15:10:35] FLAG: Gifted/Script Added added flag Free House (Gift) to Le VanToan.
[2016/4/26 - 8:07:48] FLAG: Gifted/Script Added added flag Dich vu thay doi noi that nha (Credits) to Destiny John.
[2016/4/26 - 17:32:07] FLAG: Gifted/Script Added added flag Dich vu Mua nha (Credits) to IM NiCoLass.
[2016/4/26 - 20:22:27] FLAG: Gifted/Script Added added flag Dich vu Mua nha (Credits) to Bin Handsome.
[2016/4/27 - 3:21:39] FLAG: Gifted/Script Added added flag Free House (Gift) to Derek.
[2016/4/27 - 8:53:06] FLAG: Gifted/Script Added added flag Dich vu chuyen nha (Credits) to kiet p.
[2016/4/27 - 10:51:42] FLAG: Gifted/Script Added added flag Dich vu Mua nha (Credits) to Red Vagos.
[2016/4/27 - 14:35:46] FLAG: Gifted/Script Added added flag Free House (Gift) to KhaZ Taboo.
[2016/4/27 - 15:29:17] FLAG: Gifted/Script Added added flag Dich vu Mua nha (Credits) to Bao Royal.
[2016/4/27 - 16:13:51] FLAG: Gifted/Script Added added flag Dich vu thay doi noi that nha (Credits) to Address Modess.
[2016/4/27 - 17:26:09] FLAG: Gifted/Script Added added flag Bien so xe (Credits) to The TaiBa.
[2016/4/27 - 18:32:14] FLAG: Gifted/Script Added added flag Bien so xe (Credits) to Bera Thinh.
[2016/4/28 - 11:36:51] FLAG: Gifted/Script Added added flag Bien so xe (Credits) to Kid Ryders.
[2016/4/28 - 11:39:08] FLAG: Gifted/Script Added added flag Bien so xe (Credits) to Kid Ryders.
[2016/4/28 - 11:40:47] FLAG: Gifted/Script Added added flag Bien so xe (Credits) to Kid Ryders.
[2016/4/28 - 11:40:49] FLAG: Gifted/Script Added added flag Bien so xe (Credits) to Kid Ryders.
[2016/4/28 - 11:40:52] FLAG: Gifted/Script Added added flag Bien so xe (Credits) to Kid Ryders.
[2016/4/28 - 11:41:02] FLAG: Gifted/Script Added added flag Bien so xe (Credits) to Kid Ryders.
[2016/4/28 - 11:41:04] FLAG: Gifted/Script Added added flag Bien so xe (Credits) to Kid Ryders.
[2016/4/28 - 11:41:06] FLAG: Gifted/Script Added added flag Bien so xe (Credits) to Kid Ryders.
[2016/4/28 - 11:41:08] FLAG: Gifted/Script Added added flag Bien so xe (Credits) to Kid Ryders.
[2016/4/28 - 11:41:10] FLAG: Gifted/Script Added added flag Bien so xe (Credits) to Kid Ryders.
[2016/4/28 - 11:41:32] FLAG: Gifted/Script Added added flag Bien so xe (Credits) to Kid Ryders.
[2016/4/28 - 13:25:20] FLAG: Gifted/Script Added added flag Dich vu Mua nha (Credits) to Gold Royal.
