[2016/4/5 - 19:35:36] {AA3333}AdmWarning{FFFF00}: kudo squa nhan duoc vouchers Vip Gold 30 ngay tu he thong.
[2016/4/5 - 19:48:30] AdmCmd: Viet Vilen da nhan duoc tu he thong mot chiec xe classic mien phi
[2016/4/5 - 19:49:46] AdmCmd: Loc maximus da nhan duoc tu he thong mot chiec xe classic mien phi
[2016/4/5 - 20:21:23] AdmCmd: Khai Boss da nhan duoc tu he thong mot chiec xe classic mien phi
[2016/4/5 - 20:35:39] {AA3333}AdmWarning{FFFF00}: Loc maximus da nhan duoc tu he thong 1 thang dung Silver VIP.
[2016/4/5 - 20:48:12] AdmCmd: Vu Legendary da nhan duoc tu he thong mot chiec xe classic mien phi
[2016/4/5 - 20:56:45] {AA3333}AdmWarning{FFFF00}: hung Apper dung la thien tai, Vu duoc 1 vouchers Vip Gold 30 ngay.
[2016/4/5 - 20:56:45] AdmCmd: hung Apper da nhan duoc tu he thong mot chiec xe classic mien phi
[2016/4/5 - 20:56:45] AdmCmd: Ryan nhan duoc free house tu he thong
[2016/4/5 - 20:56:46] {AA3333}AdmWarning{FFFF00}: hung Apper dung la thien tai, Kelvin Hoang da nhan duoc 1 thang dung Silver VIP.
[2016/4/5 - 20:56:46] AdmCmd: Pym Hilson da nhan duoc tu he thong mot chiec xe classic mien phi
[2016/4/5 - 20:56:46] AdmCmd: Meo Hacker da nhan duoc tu he thong mot chiec xe classic mien phi
[2016/4/5 - 20:56:46] AdmCmd: sang cutee da nhan duoc tu he thong mot chiec xe classic mien phi
[2016/4/5 - 20:56:47] AdmCmd: Alex Kiet da nhan duoc tu he thong mot chiec xe classic mien phi
[2016/4/5 - 20:56:47] AdmCmd: Ho Ly Tinh da nhan duoc tu he thong mot chiec xe classic mien phi
[2016/4/5 - 20:56:47] AdmCmd: Edwards S Buzikk da nhan duoc tu he thong mot chiec xe classic mien phi
[2016/4/5 - 20:56:48] {AA3333}AdmWarning{FFFF00}: hung Apper dung la thien tai, Bi Kittys duoc $500,000.
[2016/4/5 - 20:56:49] {AA3333}AdmWarning{FFFF00}: hung Apper dung la thien tai, Phuoc Hacker duoc 1 vouchers Vip Gold 30 ngay.
[2016/4/5 - 20:56:49] AdmCmd: Prospero Delgado nhan duoc free house tu he thong
[2016/4/5 - 20:56:49] {AA3333}AdmWarning{FFFF00}: hung Apper dung la thien tai, Dao Tran duoc 1 vouchers Vip Gold 30 ngay.
[2016/4/5 - 20:56:50] AdmCmd: Edwards S Buzikk da nhan duoc tu he thong mot chiec xe classic mien phi
[2016/4/5 - 21:36:30] {AA3333}AdmWarning{FFFF00}: Jace Kevin da nhan duoc tu he thong 1 thang dung Silver VIP.
[2016/4/5 - 21:37:04] AdmCmd: Tiger Ngoc nhan duoc free house tu he thong
[2016/4/5 - 21:37:15] AdmCmd: Tiger Ngoc nhan duoc free house tu he thong
[2016/4/5 - 21:37:25] {AA3333}AdmWarning{FFFF00}: Tiger Ngoc nhan duoc vouchers Vip Gold 30 ngay tu he thong.
[2016/4/5 - 21:39:53] AdmCmd: Jace Kevin da nhan duoc tu he thong mot chiec xe classic mien phi
[2016/4/5 - 21:40:24] AdmCmd: Jace Kevin da nhan duoc tu he thong mot chiec xe classic mien phi
[2016/4/5 - 21:40:46] {AA3333}AdmWarning{FFFF00}: Mafia XTina da nhan duoc $500,000 tu he thong.
[2016/4/5 - 21:51:14] AdmCmd: Quoc Ty da nhan duoc tu he thong mot chiec xe classic mien phi
[2016/4/5 - 21:51:14] AdmCmd: Nam An da nhan duoc tu he thong mot chiec xe classic mien phi
[2016/4/6 - 15:02:43] AdmCmd: G Dragon da nhan duoc tu he thong mot chiec xe classic mien phi
[2016/4/6 - 15:04:11] {AA3333}AdmWarning{FFFF00}: Quoc Hoangg da nhan duoc $500,000 tu he thong.
[2016/4/6 - 15:13:45] {AA3333}AdmWarning{FFFF00}: Hoangg Myy da nhan duoc tu he thong 1 thang dung Silver VIP.
[2016/4/6 - 15:14:47] AdmCmd: Hoangg Myy da nhan duoc tu he thong mot chiec xe classic mien phi
[2016/4/6 - 15:22:19] AdmCmd: nhox hao da nhan duoc tu he thong mot chiec xe classic mien phi
[2016/4/6 - 15:22:56] AdmCmd: DJ ghost da nhan duoc tu he thong mot chiec xe classic mien phi
[2016/4/6 - 15:36:11] AdmCmd: Edwards S Buzikk da nhan duoc tu he thong mot chiec xe classic mien phi
[2016/4/6 - 15:36:12] AdmCmd: Alex Thuan da nhan duoc tu he thong mot chiec xe classic mien phi
[2016/4/6 - 15:36:12] AdmCmd: My Hoang da nhan duoc tu he thong mot chiec xe classic mien phi
[2016/4/6 - 15:36:12] {AA3333}AdmWarning{FFFF00}: LDT hung dung la thien tai, Dj ConHeo duoc $500,000.
[2016/4/6 - 15:36:12] AdmCmd: Pyn Mecter da nhan duoc tu he thong mot chiec xe classic mien phi
[2016/4/6 - 15:36:13] AdmCmd: Edwards S Buzikk da nhan duoc tu he thong mot chiec xe classic mien phi
[2016/4/6 - 15:36:13] AdmCmd: DJ ghost nhan duoc free house tu he thong
[2016/4/6 - 15:36:14] AdmCmd: Dj ConHeo da nhan duoc tu he thong mot chiec xe classic mien phi
[2016/4/6 - 15:36:14] AdmCmd: Cong Vo nhan duoc free house tu he thong
[2016/4/6 - 15:36:15] AdmCmd: Jerry Erwin da nhan duoc tu he thong mot chiec xe classic mien phi
[2016/4/6 - 16:01:15] AdmCmd: Rick Sane da nhan duoc tu he thong mot chiec xe classic mien phi
[2016/4/6 - 16:05:42] AdmCmd: Viet time da nhan duoc tu he thong mot chiec xe classic mien phi
[2016/4/6 - 16:07:03] {AA3333}AdmWarning{FFFF00}: Viet time nhan duoc vouchers Vip Gold 30 ngay tu he thong.
[2016/4/6 - 16:27:46] AdmCmd: Bin Louis da nhan duoc tu he thong mot chiec xe classic mien phi
[2016/4/6 - 16:27:54] {AA3333}AdmWarning{FFFF00}: Bin Louis da nhan duoc $500,000 tu he thong.
[2016/4/6 - 16:29:02] AdmCmd: Jerry Erwin da nhan duoc tu he thong mot chiec xe classic mien phi
[2016/4/6 - 16:48:38] AdmCmd: IS Thang da nhan duoc tu he thong mot chiec xe classic mien phi
[2016/4/6 - 16:53:28] {AA3333}AdmWarning{FFFF00}: Tram Or da nhan duoc tu he thong 1 thang dung Silver VIP.
[2016/4/6 - 16:53:41] {AA3333}AdmWarning{FFFF00}: Tram Or nhan duoc vouchers Vip Gold 30 ngay tu he thong.
[2016/4/6 - 16:55:58] AdmCmd: LDT Nhat da nhan duoc tu he thong mot chiec xe classic mien phi
[2016/4/6 - 16:59:43] AdmCmd: LDT Nhat Hacker nhan duoc free house tu he thong
[2016/4/6 - 17:05:59] {AA3333}AdmWarning{FFFF00}: lethanh kha da nhan duoc tu he thong 1 thang dung Silver VIP.
[2016/4/6 - 17:59:09] AdmCmd: Sir Killer nhan duoc free house tu he thong
[2016/4/6 - 18:38:26] AdmCmd: Tuan God nhan duoc free house tu he thong
[2016/4/6 - 18:38:26] AdmCmd: AiLen AmyLixx da nhan duoc tu he thong mot chiec xe classic mien phi
[2016/4/6 - 18:38:26] {AA3333}AdmWarning{FFFF00}: Ho Ly Tinh dung la thien tai, TLB Deamor duoc 1 vouchers Vip Gold 30 ngay.
[2016/4/6 - 18:38:27] AdmCmd: Nobita Nam da nhan duoc tu he thong mot chiec xe classic mien phi
[2016/4/6 - 18:38:27] {AA3333}AdmWarning{FFFF00}: Ho Ly Tinh dung la thien tai, Nguyen Ngoc Tram duoc 1 vouchers Vip Gold 30 ngay.
[2016/4/6 - 18:38:27] {AA3333}AdmWarning{FFFF00}: Ho Ly Tinh dung la thien tai, AiLen AmyLixx duoc 1 vouchers Vip Gold 30 ngay.
[2016/4/6 - 18:38:27] AdmCmd: Edwards S Buzikk da nhan duoc tu he thong mot chiec xe classic mien phi
[2016/4/6 - 18:38:27] AdmCmd: Uyen Crazy da nhan duoc tu he thong mot chiec xe classic mien phi
[2016/4/6 - 18:38:27] AdmCmd: LC Hoi da nhan duoc tu he thong mot chiec xe classic mien phi
[2016/4/6 - 18:38:27] AdmCmd: Truong Quang Khanh da nhan duoc tu he thong mot chiec xe classic mien phi
[2016/4/6 - 18:38:28] AdmCmd: Nobita Nam da nhan duoc tu he thong mot chiec xe classic mien phi
[2016/4/6 - 18:38:28] AdmCmd: Dao Tran da nhan duoc tu he thong mot chiec xe classic mien phi
[2016/4/6 - 18:38:28] {AA3333}AdmWarning{FFFF00}: Ho Ly Tinh dung la thien tai, Toan Mui duoc 1 vouchers Vip Gold 30 ngay.
[2016/4/6 - 18:38:28] AdmCmd: Max Louis da nhan duoc tu he thong mot chiec xe classic mien phi
[2016/4/6 - 18:38:28] {AA3333}AdmWarning{FFFF00}: Ho Ly Tinh dung la thien tai, Devils Angels duoc $500,000.
[2016/4/6 - 19:05:32] AdmCmd: Joker Max da nhan duoc tu he thong mot chiec xe classic mien phi
[2016/4/6 - 19:33:26] {AA3333}AdmWarning{FFFF00}: Ho Ly Tinh dung la thien tai, Xuan Quynh duoc $500,000.
[2016/4/6 - 19:33:27] {AA3333}AdmWarning{FFFF00}: Ho Ly Tinh dung la thien tai, Le Huy duoc $500,000.
[2016/4/6 - 19:33:27] {AA3333}AdmWarning{FFFF00}: Ho Ly Tinh dung la thien tai, Jay Bradon duoc $500,000.
[2016/4/6 - 19:33:27] {AA3333}AdmWarning{FFFF00}: Ho Ly Tinh dung la thien tai, Jerry Erwin duoc $500,000.
[2016/4/6 - 19:33:28] {AA3333}AdmWarning{FFFF00}: Ho Ly Tinh dung la thien tai, Thong Luu duoc 1 vouchers Vip Gold 30 ngay.
[2016/4/6 - 19:33:28] AdmCmd: Louis God da nhan duoc tu he thong mot chiec xe classic mien phi
[2016/4/6 - 19:33:28] AdmCmd: AiLen Thanhx da nhan duoc tu he thong mot chiec xe classic mien phi
[2016/4/6 - 19:33:29] {AA3333}AdmWarning{FFFF00}: Ho Ly Tinh dung la thien tai, Linh Sam duoc $500,000.
[2016/4/6 - 19:33:29] AdmCmd: Mafia Xtina nhan duoc free house tu he thong
[2016/4/6 - 19:33:29] {AA3333}AdmWarning{FFFF00}: Ho Ly Tinh dung la thien tai, Ngoc Le duoc $500,000.
[2016/4/7 - 9:06:21] AdmCmd: Cong Vo da nhan duoc tu he thong mot chiec xe classic mien phi
[2016/4/7 - 9:06:22] AdmCmd: Nobita Dinh da nhan duoc tu he thong mot chiec xe classic mien phi
[2016/4/7 - 9:06:22] AdmCmd: Boy Hardy da nhan duoc tu he thong mot chiec xe classic mien phi
[2016/4/7 - 11:04:44] AdmCmd: Army Moon da nhan duoc tu he thong mot chiec xe classic mien phi
[2016/4/7 - 11:05:03] AdmCmd: Army Moon da nhan duoc tu he thong mot chiec xe classic mien phi
[2016/4/7 - 11:05:05] {AA3333}AdmWarning{FFFF00}: Army Moon da nhan duoc $500,000 tu he thong.
[2016/4/7 - 11:05:39] {AA3333}AdmWarning{FFFF00}: Bao Aztecas nhan duoc vouchers Vip Gold 30 ngay tu he thong.
[2016/4/7 - 11:07:03] AdmCmd: Army Max nhan duoc free house tu he thong
[2016/4/7 - 11:07:40] AdmCmd: Army Max da nhan duoc tu he thong mot chiec xe classic mien phi
[2016/4/7 - 11:08:03] AdmCmd: Thuan Alex da nhan duoc tu he thong mot chiec xe classic mien phi
[2016/4/7 - 11:08:03] AdmCmd: White Kings nhan duoc free house tu he thong
[2016/4/7 - 11:08:03] AdmCmd: khanh Aztecas da nhan duoc tu he thong mot chiec xe classic mien phi
[2016/4/7 - 11:08:03] AdmCmd: Army Linnh da nhan duoc tu he thong mot chiec xe classic mien phi
[2016/4/7 - 11:12:50] {AA3333}AdmWarning{FFFF00}: Army Max nhan duoc vouchers Vip Gold 30 ngay tu he thong.
[2016/4/7 - 11:14:16] {AA3333}AdmWarning{FFFF00}: Army Anh nhan duoc vouchers Vip Gold 30 ngay tu he thong.
[2016/4/7 - 11:16:47] AdmCmd: Army Max da nhan duoc tu he thong mot chiec xe classic mien phi
[2016/4/7 - 11:16:50] {AA3333}AdmWarning{FFFF00}: Army Moon da nhan duoc $500,000 tu he thong.
[2016/4/7 - 11:17:10] AdmCmd: Army Max da nhan duoc tu he thong mot chiec xe classic mien phi
[2016/4/7 - 11:17:15] AdmCmd: Army Max nhan duoc free house tu he thong
[2016/4/7 - 15:37:15] AdmCmd: Best Skill nhan duoc free house tu he thong
[2016/4/7 - 15:37:15] AdmCmd: LDT Huan da nhan duoc tu he thong mot chiec xe classic mien phi
[2016/4/7 - 15:37:15] AdmCmd: Army Mafia da nhan duoc tu he thong mot chiec xe classic mien phi
[2016/4/7 - 15:37:16] AdmCmd: Best Skill da nhan duoc tu he thong mot chiec xe classic mien phi
[2016/4/7 - 15:37:17] AdmCmd: Best Skill nhan duoc free house tu he thong
[2016/4/7 - 15:37:17] {AA3333}AdmWarning{FFFF00}: Brother dung la thien tai, Trong hardy duoc 1 vouchers Vip Gold 30 ngay.
[2016/4/7 - 15:37:17] AdmCmd: LDT KuTo da nhan duoc tu he thong mot chiec xe classic mien phi
[2016/4/7 - 15:37:17] AdmCmd: khanh Aztecas da nhan duoc tu he thong mot chiec xe classic mien phi
[2016/4/7 - 15:37:17] {AA3333}AdmWarning{FFFF00}: Brother dung la thien tai, Tia Chop duoc 1 vouchers Vip Gold 30 ngay.
[2016/4/7 - 15:37:17] AdmCmd: Army Mafia da nhan duoc tu he thong mot chiec xe classic mien phi
[2016/4/7 - 15:37:17] AdmCmd: Thien Khanh da nhan duoc tu he thong mot chiec xe classic mien phi
[2016/4/7 - 15:50:49] AdmCmd: Karoba Kaito da nhan duoc tu he thong mot chiec xe classic mien phi
[2016/4/7 - 16:08:11] {AA3333}AdmWarning{FFFF00}: Edwards S Buzikk da nhan duoc $500,000 tu he thong.
[2016/4/7 - 16:09:49] {AA3333}AdmWarning{FFFF00}: Edwards S Buzikk da nhan duoc $500,000 tu he thong.
[2016/4/7 - 16:10:43] AdmCmd: Andriano Mocleaner nhan duoc free house tu he thong
[2016/4/7 - 16:12:03] AdmCmd: Andriano Mocleaner da nhan duoc tu he thong mot chiec xe classic mien phi
[2016/4/7 - 16:12:39] AdmCmd: Andriano Mocleaner da nhan duoc tu he thong mot chiec xe classic mien phi
[2016/4/7 - 16:14:23] {AA3333}AdmWarning{FFFF00}: Edwards S Buzikk da nhan duoc $500,000 tu he thong.
[2016/4/7 - 16:14:45] AdmCmd: Andriano Mocleaner da nhan duoc tu he thong mot chiec xe classic mien phi
[2016/4/7 - 16:15:14] AdmCmd: Edwards S Buzikk nhan duoc free house tu he thong
[2016/4/7 - 16:16:31] AdmCmd: Edwards S Buzikk nhan duoc free house tu he thong
[2016/4/7 - 16:16:55] AdmCmd: Andriano Mocleaner da nhan duoc tu he thong mot chiec xe classic mien phi
[2016/4/7 - 16:17:01] AdmCmd: Andriano Mocleaner da nhan duoc tu he thong mot chiec xe classic mien phi
[2016/4/7 - 16:18:33] AdmCmd: Andriano Mocleaner da nhan duoc tu he thong mot chiec xe classic mien phi
[2016/4/7 - 16:19:30] AdmCmd: Edwards S Buzikk da nhan duoc tu he thong mot chiec xe classic mien phi
[2016/4/7 - 16:21:16] AdmCmd: Edwards S Buzikk da nhan duoc tu he thong mot chiec xe classic mien phi
[2016/4/7 - 16:22:04] AdmCmd: Edwards S Buzikk da nhan duoc tu he thong mot chiec xe classic mien phi
[2016/4/7 - 16:22:21] AdmCmd: Edwards S Buzikk da nhan duoc tu he thong mot chiec xe classic mien phi
[2016/4/7 - 16:24:08] AdmCmd: Andriano Mocleaner da nhan duoc tu he thong mot chiec xe classic mien phi
[2016/4/7 - 16:26:05] AdmCmd: Andriano Mocleaner da nhan duoc tu he thong mot chiec xe classic mien phi
[2016/4/7 - 16:31:20] AdmCmd: Edwards S Buzikk da nhan duoc tu he thong mot chiec xe classic mien phi
[2016/4/7 - 16:31:31] {AA3333}AdmWarning{FFFF00}: Bao Aztecas da nhan duoc $500,000 tu he thong.
[2016/4/7 - 16:32:38] {AA3333}AdmWarning{FFFF00}: Edwards S Buzikk da nhan duoc $500,000 tu he thong.
[2016/4/7 - 16:35:12] AdmCmd: Edwards S Buzikk nhan duoc free house tu he thong
[2016/4/7 - 16:40:04] AdmCmd: Brother nhan duoc free house tu he thong
[2016/4/7 - 16:40:05] {AA3333}AdmWarning{FFFF00}: Brother da nhan duoc $500,000 tu he thong.
[2016/4/7 - 22:40:01] {AA3333}AdmWarning{FFFF00}: Army Moon nhan duoc vouchers Vip Gold 30 ngay tu he thong.
[2016/4/7 - 22:40:36] AdmCmd: Quoc Dong nhan duoc free house tu he thong
[2016/4/7 - 22:41:18] AdmCmd: Army Moon da nhan duoc tu he thong mot chiec xe classic mien phi
[2016/4/7 - 22:42:23] AdmCmd: Army Moon da nhan duoc tu he thong mot chiec xe classic mien phi
[2016/4/7 - 22:42:32] AdmCmd: Army Moon nhan duoc free house tu he thong
[2016/4/7 - 22:49:14] AdmCmd: Army Moon da nhan duoc tu he thong mot chiec xe classic mien phi
[2016/4/7 - 22:49:50] AdmCmd: Army Moon nhan duoc free house tu he thong
[2016/4/7 - 22:49:55] {AA3333}AdmWarning{FFFF00}: Army Moon da nhan duoc $500,000 tu he thong.
[2016/4/7 - 22:51:30] {AA3333}AdmWarning{FFFF00}: Army Moon nhan duoc vouchers Vip Gold 30 ngay tu he thong.
[2016/4/7 - 22:51:48] AdmCmd: Army Moon nhan duoc free house tu he thong
[2016/4/7 - 22:52:50] AdmCmd: Army Anh da nhan duoc tu he thong mot chiec xe classic mien phi
[2016/4/8 - 5:22:52] {AA3333}AdmWarning{FFFF00}: Sam Regamay da nhan duoc $500,000 tu he thong.
[2016/4/8 - 6:51:33] AdmCmd: Boy Hardy da nhan duoc tu he thong mot chiec xe classic mien phi
[2016/4/8 - 6:51:51] {AA3333}AdmWarning{FFFF00}: Boy Hardy nhan duoc vouchers Vip Gold 30 ngay tu he thong.
[2016/4/8 - 8:37:34] AdmCmd: Army Max da nhan duoc tu he thong mot chiec xe classic mien phi
[2016/4/8 - 8:41:38] AdmCmd: Army Max da nhan duoc tu he thong mot chiec xe classic mien phi
[2016/4/8 - 9:41:48] AdmCmd: Army Moon da nhan duoc tu he thong mot chiec xe classic mien phi
[2016/4/8 - 10:49:08] AdmCmd: Yakuza Ken da nhan duoc tu he thong mot chiec xe classic mien phi
[2016/4/8 - 10:49:08] AdmCmd: Best Skill da nhan duoc tu he thong mot chiec xe classic mien phi
[2016/4/8 - 10:49:08] AdmCmd: beo hardy da nhan duoc tu he thong mot chiec xe classic mien phi
[2016/4/8 - 10:49:09] AdmCmd: Alex thuan da nhan duoc tu he thong mot chiec xe classic mien phi
[2016/4/8 - 10:49:09] AdmCmd: Tho Hacker da nhan duoc tu he thong mot chiec xe classic mien phi
[2016/4/8 - 10:51:17] AdmCmd: Army Moon da nhan duoc tu he thong mot chiec xe classic mien phi
[2016/4/8 - 11:17:04] AdmCmd: Army Moon da nhan duoc tu he thong mot chiec xe classic mien phi
[2016/4/8 - 11:24:59] AdmCmd: LTT Dung nhan duoc free house tu he thong
[2016/4/8 - 16:55:32] AdmCmd: Rio da nhan duoc tu he thong mot chiec xe classic mien phi
[2016/4/8 - 17:03:05] AdmCmd: GoSu Dragon da nhan duoc tu he thong mot chiec xe classic mien phi
[2016/4/8 - 17:42:20] AdmCmd: Rio da nhan duoc tu he thong mot chiec xe classic mien phi
[2016/4/8 - 17:42:30] AdmCmd: Beo hardy nhan duoc free house tu he thong
[2016/4/8 - 17:42:31] {AA3333}AdmWarning{FFFF00}: Rio da nhan duoc $500,000 tu he thong.
[2016/4/8 - 17:43:49] AdmCmd: Chester Simmons da nhan duoc tu he thong mot chiec xe classic mien phi
[2016/4/8 - 17:45:27] AdmCmd: Kaito Kids da nhan duoc tu he thong mot chiec xe classic mien phi
[2016/4/9 - 14:23:40] AdmCmd: Army Mafia da nhan duoc tu he thong mot chiec xe classic mien phi
[2016/4/9 - 14:23:40] AdmCmd: Brother nhan duoc free house tu he thong
[2016/4/9 - 14:23:40] AdmCmd: JohnSons VinhYaz da nhan duoc tu he thong mot chiec xe classic mien phi
[2016/4/9 - 14:23:40] AdmCmd: Melody Stone da nhan duoc tu he thong mot chiec xe classic mien phi
[2016/4/9 - 14:23:41] AdmCmd: Zeats da nhan duoc tu he thong mot chiec xe classic mien phi
[2016/4/9 - 15:36:21] AdmCmd: lethanh kha da nhan duoc tu he thong mot chiec xe classic mien phi
[2016/4/9 - 15:36:21] AdmCmd: nhok duy da nhan duoc tu he thong mot chiec xe classic mien phi
[2016/4/9 - 15:36:22] AdmCmd: Fio Ran nhan duoc free house tu he thong
[2016/4/9 - 15:38:22] AdmCmd: Edwards S Buzikk nhan duoc free house tu he thong
[2016/4/9 - 17:07:31] {AA3333}AdmWarning{FFFF00}: Be duy da nhan duoc $500,000 tu he thong.
[2016/4/9 - 17:07:36] AdmCmd: Frozen Hau da nhan duoc tu he thong mot chiec xe classic mien phi
[2016/4/9 - 17:07:40] AdmCmd: nhok duy nhan duoc free house tu he thong
[2016/4/9 - 17:27:59] {AA3333}AdmWarning{FFFF00}: Tan Thanh nhan duoc vouchers Vip Gold 30 ngay tu he thong.
[2016/4/9 - 17:34:10] AdmCmd: Army Moon da nhan duoc tu he thong mot chiec xe classic mien phi
[2016/4/9 - 17:43:33] {AA3333}AdmWarning{FFFF00}: Thomas Dat nhan duoc vouchers Vip Gold 30 ngay tu he thong.
[2016/4/9 - 18:02:31] AdmCmd: Army Moon da nhan duoc tu he thong mot chiec xe classic mien phi
[2016/4/9 - 19:05:43] AdmCmd: Army Max da nhan duoc tu he thong mot chiec xe classic mien phi
[2016/4/9 - 20:08:31] AdmCmd: Best Skill da nhan duoc tu he thong mot chiec xe classic mien phi
[2016/4/9 - 20:08:31] AdmCmd: Cho Jimmy da nhan duoc tu he thong mot chiec xe classic mien phi
[2016/4/9 - 20:08:31] {AA3333}AdmWarning{FFFF00}: Mr Jokers dung la thien tai, Army Max duoc $500,000.
[2016/4/9 - 20:08:31] AdmCmd: Yakuza OngTrum da nhan duoc tu he thong mot chiec xe classic mien phi
[2016/4/9 - 20:08:33] AdmCmd: ChrisYoper T Night da nhan duoc tu he thong mot chiec xe classic mien phi
[2016/4/9 - 20:08:33] AdmCmd: Nguyen Ngoc Tram da nhan duoc tu he thong mot chiec xe classic mien phi
[2016/4/9 - 20:08:33] {AA3333}AdmWarning{FFFF00}: Mr Jokers dung la thien tai, Akai Petterson duoc $500,000.
[2016/4/9 - 20:08:33] AdmCmd: Yakuza OngTrum da nhan duoc tu he thong mot chiec xe classic mien phi
[2016/4/9 - 20:08:33] {AA3333}AdmWarning{FFFF00}: Mr Jokers dung la thien tai, Mini Alon duoc 1 vouchers Vip Gold 30 ngay.
[2016/4/9 - 20:08:34] AdmCmd: Army Max nhan duoc free house tu he thong
[2016/4/9 - 20:08:34] AdmCmd: Nguyen Ngoc Tram da nhan duoc tu he thong mot chiec xe classic mien phi
[2016/4/9 - 20:08:34] {AA3333}AdmWarning{FFFF00}: Mr Jokers dung la thien tai, [Yakuza] KuTo duoc 1 vouchers Vip Gold 30 ngay.
[2016/4/9 - 20:56:00] AdmCmd: Martynekes Kaijoger nhan duoc free house tu he thong
[2016/4/9 - 21:05:18] {AA3333}AdmWarning{FFFF00}: Micky Holdny nhan duoc vouchers Vip Gold 30 ngay tu he thong.
[2016/4/9 - 21:06:32] AdmCmd: Micky Holdny da nhan duoc tu he thong mot chiec xe classic mien phi
[2016/4/9 - 21:06:35] {AA3333}AdmWarning{FFFF00}: Micky Holdny da nhan duoc $500,000 tu he thong.
[2016/4/9 - 21:07:29] {AA3333}AdmWarning{FFFF00}: Micky Holdny nhan duoc vouchers Vip Gold 30 ngay tu he thong.
[2016/4/9 - 21:10:08] AdmCmd: Andy Ted da nhan duoc tu he thong mot chiec xe classic mien phi
[2016/4/9 - 21:46:57] AdmCmd: Louis God nhan duoc free house tu he thong
[2016/4/10 - 8:02:37] AdmCmd: Army Hanh da nhan duoc tu he thong mot chiec xe classic mien phi
[2016/4/10 - 13:11:11] AdmCmd: Army Hanh da nhan duoc tu he thong mot chiec xe classic mien phi
[2016/4/10 - 13:14:23] AdmCmd: Micky Holdny nhan duoc free house tu he thong
[2016/4/10 - 13:15:59] {AA3333}AdmWarning{FFFF00}: Kevin Tien da nhan duoc $500,000 tu he thong.
[2016/4/10 - 13:16:17] AdmCmd: Army Kun da nhan duoc tu he thong mot chiec xe classic mien phi
[2016/4/10 - 13:16:28] AdmCmd: Army Kun da nhan duoc tu he thong mot chiec xe classic mien phi
[2016/4/10 - 13:16:31] {AA3333}AdmWarning{FFFF00}: Natsu Aztecas nhan duoc vouchers Vip Gold 30 ngay tu he thong.
[2016/4/10 - 13:16:59] AdmCmd: Fio Ran da nhan duoc tu he thong mot chiec xe classic mien phi
[2016/4/10 - 13:19:27] AdmCmd: Fio Ran nhan duoc free house tu he thong
[2016/4/10 - 13:19:45] AdmCmd: Fio Ran da nhan duoc tu he thong mot chiec xe classic mien phi
[2016/4/10 - 13:20:36] AdmCmd: Chunq Le da nhan duoc tu he thong mot chiec xe classic mien phi
[2016/4/10 - 13:20:47] AdmCmd: Chunq Le da nhan duoc tu he thong mot chiec xe classic mien phi
[2016/4/10 - 13:21:17] AdmCmd: Fio Ran nhan duoc free house tu he thong
[2016/4/10 - 13:24:46] {AA3333}AdmWarning{FFFF00}: Brandon Stack nhan duoc vouchers Vip Gold 30 ngay tu he thong.
[2016/4/10 - 14:02:17] AdmCmd: Andriano S Buzikk da nhan duoc tu he thong mot chiec xe classic mien phi
[2016/4/10 - 14:02:23] {AA3333}AdmWarning{FFFF00}: Andriano S Buzikk da nhan duoc $500,000 tu he thong.
[2016/4/10 - 14:03:23] AdmCmd: Edwards S Buzikk da nhan duoc tu he thong mot chiec xe classic mien phi
[2016/4/10 - 14:03:45] {AA3333}AdmWarning{FFFF00}: Andriano S Buzikk nhan duoc vouchers Vip Gold 30 ngay tu he thong.
[2016/4/10 - 14:24:41] AdmCmd: Army Rain da nhan duoc tu he thong mot chiec xe classic mien phi
[2016/4/10 - 14:24:41] {AA3333}AdmWarning{FFFF00}: Army hung dung la thien tai, Army Kun duoc 1 vouchers Vip Gold 30 ngay.
[2016/4/10 - 14:24:41] AdmCmd: Minh Tinh Lxng da nhan duoc tu he thong mot chiec xe classic mien phi
[2016/4/10 - 14:24:41] AdmCmd: Natsu Aztecas da nhan duoc tu he thong mot chiec xe classic mien phi
[2016/4/10 - 14:24:41] {AA3333}AdmWarning{FFFF00}: Army hung dung la thien tai, Yakuza Nam duoc 1 vouchers Vip Gold 30 ngay.
[2016/4/10 - 14:24:42] AdmCmd: Dang Ngoc Son da nhan duoc tu he thong mot chiec xe classic mien phi
[2016/4/10 - 14:24:42] {AA3333}AdmWarning{FFFF00}: Army hung dung la thien tai, Army Hieuu duoc 1 vouchers Vip Gold 30 ngay.
[2016/4/10 - 14:24:42] AdmCmd: Killer Zero nhan duoc free house tu he thong
[2016/4/10 - 14:24:42] AdmCmd: beo hardy da nhan duoc tu he thong mot chiec xe classic mien phi
[2016/4/10 - 14:24:42] AdmCmd: Ut Thang da nhan duoc tu he thong mot chiec xe classic mien phi
[2016/4/10 - 14:24:43] AdmCmd: Jay Bradon da nhan duoc tu he thong mot chiec xe classic mien phi
[2016/4/10 - 14:24:43] AdmCmd: Army Moon da nhan duoc tu he thong mot chiec xe classic mien phi
[2016/4/10 - 14:24:43] AdmCmd: Duy Nguyen da nhan duoc tu he thong mot chiec xe classic mien phi
[2016/4/10 - 14:24:44] AdmCmd: Lukas Ballas da nhan duoc tu he thong mot chiec xe classic mien phi
[2016/4/10 - 14:24:44] AdmCmd: CouNil Workl nhan duoc free house tu he thong
[2016/4/10 - 14:24:44] {AA3333}AdmWarning{FFFF00}: Army hung dung la thien tai, Kevin Tien duoc 1 vouchers Vip Gold 30 ngay.
[2016/4/10 - 14:24:44] {AA3333}AdmWarning{FFFF00}: Army hung dung la thien tai, Army Hieuu duoc 1 vouchers Vip Gold 30 ngay.
[2016/4/10 - 14:24:45] {AA3333}AdmWarning{FFFF00}: Army hung dung la thien tai, Melody Stone duoc $500,000.
[2016/4/10 - 14:24:45] AdmCmd: Army Hieuu da nhan duoc tu he thong mot chiec xe classic mien phi
[2016/4/10 - 14:24:45] AdmCmd: Thong Jackson nhan duoc free house tu he thong
[2016/4/10 - 14:57:21] {AA3333}AdmWarning{FFFF00}: Trong hardy da nhan duoc $500,000 tu he thong.
[2016/4/10 - 15:11:21] AdmCmd: Micky Holdny da nhan duoc tu he thong mot chiec xe classic mien phi
[2016/4/10 - 15:12:33] AdmCmd: Micky Holdny da nhan duoc tu he thong mot chiec xe classic mien phi
[2016/4/10 - 15:13:15] AdmCmd: Micky Holdny nhan duoc free house tu he thong
[2016/4/10 - 15:17:11] AdmCmd: Micky Holdny nhan duoc free house tu he thong
[2016/4/10 - 15:19:49] AdmCmd: Micky Holdny da nhan duoc tu he thong mot chiec xe classic mien phi
[2016/4/10 - 15:19:57] AdmCmd: Micky Holdny da nhan duoc tu he thong mot chiec xe classic mien phi
[2016/4/10 - 15:20:52] {AA3333}AdmWarning{FFFF00}: Micky Holdny nhan duoc vouchers Vip Gold 30 ngay tu he thong.
[2016/4/10 - 15:27:34] AdmCmd: Micky Holdny da nhan duoc tu he thong mot chiec xe classic mien phi
[2016/4/10 - 15:28:03] AdmCmd: Micky Holdny da nhan duoc tu he thong mot chiec xe classic mien phi
[2016/4/10 - 15:29:25] AdmCmd: Micky Holdny nhan duoc free house tu he thong
[2016/4/10 - 15:29:46] AdmCmd: Micky Holdny da nhan duoc tu he thong mot chiec xe classic mien phi
[2016/4/10 - 15:30:55] {AA3333}AdmWarning{FFFF00}: Micky Holdny da nhan duoc $500,000 tu he thong.
[2016/4/10 - 15:31:33] AdmCmd: nick S buzikk nhan duoc free house tu he thong
[2016/4/10 - 15:32:44] {AA3333}AdmWarning{FFFF00}: Tuan da nhan duoc $500,000 tu he thong.
[2016/4/10 - 15:35:10] {AA3333}AdmWarning{FFFF00}: nick S buzikk nhan duoc vouchers Vip Gold 30 ngay tu he thong.
[2016/4/10 - 15:43:32] {AA3333}AdmWarning{FFFF00}: [Yakuza] KuTo dung la thien tai, Marcus Edwar duoc $500,000.
[2016/4/10 - 15:43:32] AdmCmd: Inter nhu da nhan duoc tu he thong mot chiec xe classic mien phi
[2016/4/10 - 15:43:32] AdmCmd: Daniel Cleandro da nhan duoc tu he thong mot chiec xe classic mien phi
[2016/4/10 - 15:43:32] AdmCmd: Hoang Gambit da nhan duoc tu he thong mot chiec xe classic mien phi
[2016/4/10 - 15:43:32] AdmCmd: Be Luan da nhan duoc tu he thong mot chiec xe classic mien phi
[2016/4/10 - 15:43:33] AdmCmd: Jerry Erwin da nhan duoc tu he thong mot chiec xe classic mien phi
[2016/4/10 - 15:43:33] AdmCmd: Phuoc Legendary nhan duoc free house tu he thong
[2016/4/10 - 15:43:33] AdmCmd: Tobu Life da nhan duoc tu he thong mot chiec xe classic mien phi
[2016/4/10 - 15:43:33] {AA3333}AdmWarning{FFFF00}: [Yakuza] KuTo dung la thien tai, Huynh Van Hieu duoc 1 vouchers Vip Gold 30 ngay.
[2016/4/10 - 15:43:33] {AA3333}AdmWarning{FFFF00}: [Yakuza] KuTo dung la thien tai, Minh.S Buzikk duoc 1 vouchers Vip Gold 30 ngay.
[2016/4/10 - 16:52:13] AdmCmd: [Yakuza] KuTo da nhan duoc tu he thong mot chiec xe classic mien phi
[2016/4/10 - 16:52:14] {AA3333}AdmWarning{FFFF00}: Hoang Tus dung la thien tai, Danny Mill duoc 1 vouchers Vip Gold 30 ngay.
[2016/4/10 - 16:52:14] AdmCmd: Star S Buzikk da nhan duoc tu he thong mot chiec xe classic mien phi
[2016/4/10 - 16:52:15] AdmCmd: Tobu Life da nhan duoc tu he thong mot chiec xe classic mien phi
[2016/4/10 - 16:52:15] AdmCmd: [Yakuza] TaiBa da nhan duoc tu he thong mot chiec xe classic mien phi
[2016/4/10 - 17:06:42] {AA3333}AdmWarning{FFFF00}: Army Rain da nhan duoc $500,000 tu he thong.
[2016/4/10 - 17:07:00] AdmCmd: Frozen Tran da nhan duoc tu he thong mot chiec xe classic mien phi
[2016/4/10 - 17:07:00] {AA3333}AdmWarning{FFFF00}: Mr Jokers  dung la thien tai, Army Hanh duoc 1 vouchers Vip Gold 30 ngay.
[2016/4/10 - 17:07:01] AdmCmd: Mr Jokers  nhan duoc free house tu he thong
[2016/4/10 - 17:07:01] AdmCmd: Ryan da nhan duoc tu he thong mot chiec xe classic mien phi
[2016/4/10 - 17:07:01] AdmCmd: Be Luan nhan duoc free house tu he thong
[2016/4/10 - 17:07:02] AdmCmd: Army Rain da nhan duoc tu he thong mot chiec xe classic mien phi
[2016/4/10 - 17:07:02] {AA3333}AdmWarning{FFFF00}: Mr Jokers  dung la thien tai, Phuoc Slayer duoc 1 vouchers Vip Gold 30 ngay.
[2016/4/10 - 17:07:02] AdmCmd: Kid JackSon da nhan duoc tu he thong mot chiec xe classic mien phi
[2016/4/10 - 17:07:02] {AA3333}AdmWarning{FFFF00}: Mr Jokers  dung la thien tai, Star S Buzikk duoc 1 vouchers Vip Gold 30 ngay.
[2016/4/10 - 17:07:02] {AA3333}AdmWarning{FFFF00}: Mr Jokers  dung la thien tai, Army Moon duoc $500,000.
[2016/4/10 - 17:07:02] AdmCmd: MonKey S Buzikk da nhan duoc tu he thong mot chiec xe classic mien phi
[2016/4/10 - 17:07:16] AdmCmd: Army Rain da nhan duoc tu he thong mot chiec xe classic mien phi
[2016/4/10 - 17:10:19] AdmCmd: Brandon Stack da nhan duoc tu he thong mot chiec xe classic mien phi
[2016/4/10 - 17:11:07] AdmCmd: Army Rain nhan duoc free house tu he thong
[2016/4/10 - 17:40:26] {AA3333}AdmWarning{FFFF00}: Yakuza Guetta da nhan duoc $500,000 tu he thong.
[2016/4/10 - 18:21:56] AdmCmd: Army Hanh da nhan duoc tu he thong mot chiec xe classic mien phi
[2016/4/10 - 18:22:58] AdmCmd: Army Hanh nhan duoc free house tu he thong
[2016/4/10 - 18:23:41] AdmCmd: Melody Stone da nhan duoc tu he thong mot chiec xe classic mien phi
[2016/4/10 - 20:37:52] AdmCmd: DJ Tom nhan duoc free house tu he thong
[2016/4/10 - 20:37:52] {AA3333}AdmWarning{FFFF00}: [Yakuza] KuTo dung la thien tai, William Andersons duoc $500,000.
[2016/4/10 - 20:37:53] AdmCmd: Hardwell Walter da nhan duoc tu he thong mot chiec xe classic mien phi
[2016/4/10 - 20:37:53] AdmCmd: Aquarius Corleone da nhan duoc tu he thong mot chiec xe classic mien phi
[2016/4/10 - 21:31:10] AdmCmd: Ken Ngu da nhan duoc tu he thong mot chiec xe classic mien phi
[2016/4/11 - 7:19:02] {AA3333}AdmWarning{FFFF00}: Jimmy S Buzikk nhan duoc vouchers Vip Gold 30 ngay tu he thong.
[2016/4/11 - 7:32:20] {AA3333}AdmWarning{FFFF00}: David Mason da nhan duoc $500,000 tu he thong.
[2016/4/11 - 7:33:12] AdmCmd: Army Moon da nhan duoc tu he thong mot chiec xe classic mien phi
[2016/4/11 - 7:33:41] AdmCmd: Army Moon da nhan duoc tu he thong mot chiec xe classic mien phi
[2016/4/11 - 7:34:40] AdmCmd: Army Moon nhan duoc free house tu he thong
[2016/4/11 - 7:34:46] AdmCmd: Army Hanh nhan duoc free house tu he thong
[2016/4/11 - 7:34:55] AdmCmd: Army Moon nhan duoc free house tu he thong
[2016/4/11 - 7:47:12] AdmCmd: Army Hanh nhan duoc free house tu he thong
[2016/4/11 - 8:06:35] AdmCmd: Hunter hardy da nhan duoc tu he thong mot chiec xe classic mien phi
[2016/4/11 - 8:06:45] {AA3333}AdmWarning{FFFF00}: Khevin Boon nhan duoc vouchers Vip Gold 30 ngay tu he thong.
[2016/4/11 - 9:26:08] AdmCmd: Andriano S Buzikk da nhan duoc tu he thong mot chiec xe classic mien phi
[2016/4/11 - 9:26:17] {AA3333}AdmWarning{FFFF00}: Melody Stone da nhan duoc $500,000 tu he thong.
[2016/4/11 - 9:26:19] AdmCmd: MonKey S Buzikk da nhan duoc tu he thong mot chiec xe classic mien phi
[2016/4/11 - 9:26:26] {AA3333}AdmWarning{FFFF00}: Andriano S Buzikk da nhan duoc $500,000 tu he thong.
[2016/4/11 - 9:26:31] AdmCmd: Andriano S Buzikk nhan duoc free house tu he thong
[2016/4/11 - 9:54:57] AdmCmd: Leader Ky da nhan duoc tu he thong mot chiec xe classic mien phi
[2016/4/11 - 9:54:57] AdmCmd: Nguyen Ngoc Tram da nhan duoc tu he thong mot chiec xe classic mien phi
[2016/4/11 - 9:54:57] AdmCmd: Melody Stone da nhan duoc tu he thong mot chiec xe classic mien phi
[2016/4/11 - 9:54:57] AdmCmd: Natsu Aztecas da nhan duoc tu he thong mot chiec xe classic mien phi
[2016/4/11 - 9:54:57] AdmCmd: Rio da nhan duoc tu he thong mot chiec xe classic mien phi
[2016/4/11 - 9:54:58] AdmCmd: Melody Stone da nhan duoc tu he thong mot chiec xe classic mien phi
[2016/4/11 - 9:54:58] AdmCmd: Army Moon da nhan duoc tu he thong mot chiec xe classic mien phi
[2016/4/11 - 10:49:20] AdmCmd: Boss da nhan duoc tu he thong mot chiec xe classic mien phi
[2016/4/11 - 10:49:21] AdmCmd: Hau BaBa da nhan duoc tu he thong mot chiec xe classic mien phi
[2016/4/11 - 10:49:21] {AA3333}AdmWarning{FFFF00}: Mr Jokers  dung la thien tai, Kevin Tien duoc 1 vouchers Vip Gold 30 ngay.
[2016/4/11 - 10:49:21] AdmCmd: Vinh Facebook da nhan duoc tu he thong mot chiec xe classic mien phi
[2016/4/11 - 10:49:22] AdmCmd: Kevin Tien nhan duoc free house tu he thong
[2016/4/11 - 10:49:22] {AA3333}AdmWarning{FFFF00}: Mr Jokers  dung la thien tai, Kelvin Nguyen duoc 1 vouchers Vip Gold 30 ngay.
[2016/4/11 - 14:02:27] AdmCmd: Quiz S Buzikk da nhan duoc tu he thong mot chiec xe classic mien phi
[2016/4/11 - 14:02:30] AdmCmd: Andriano S Buzikk da nhan duoc tu he thong mot chiec xe classic mien phi
[2016/4/11 - 14:17:37] AdmCmd: Andriano S Buzikk nhan duoc free house tu he thong
[2016/4/11 - 16:32:15] AdmCmd: Duy Manh Tran da nhan duoc tu he thong mot chiec xe classic mien phi
[2016/4/11 - 16:32:15] AdmCmd: Kelvin Nguyen da nhan duoc tu he thong mot chiec xe classic mien phi
[2016/4/11 - 16:32:16] {AA3333}AdmWarning{FFFF00}: Mr Jokers  dung la thien tai, Adam rock duoc 1 vouchers Vip Gold 30 ngay.
[2016/4/11 - 16:32:16] AdmCmd: Chunq Le da nhan duoc tu he thong mot chiec xe classic mien phi
[2016/4/11 - 16:32:16] AdmCmd: Huynh Tong Khoa da nhan duoc tu he thong mot chiec xe classic mien phi
[2016/4/11 - 16:32:16] AdmCmd: Speed Power da nhan duoc tu he thong mot chiec xe classic mien phi
[2016/4/11 - 16:41:10] AdmCmd: Kelvin Nguyen da nhan duoc tu he thong mot chiec xe classic mien phi
[2016/4/11 - 20:48:08] AdmCmd: Army Moon da nhan duoc tu he thong mot chiec xe classic mien phi
[2016/4/11 - 20:48:33] AdmCmd: Kevin Tien da nhan duoc tu he thong mot chiec xe classic mien phi
[2016/4/11 - 20:48:58] {AA3333}AdmWarning{FFFF00}: Quiz S Buzikk da nhan duoc $500,000 tu he thong.
[2016/4/11 - 20:49:03] AdmCmd: Army Tai da nhan duoc tu he thong mot chiec xe classic mien phi
[2016/4/11 - 20:53:55] AdmCmd: Army Rain nhan duoc free house tu he thong
[2016/4/11 - 20:53:55] AdmCmd: Darlen Edwards da nhan duoc tu he thong mot chiec xe classic mien phi
[2016/4/11 - 20:53:55] AdmCmd: Hull go da nhan duoc tu he thong mot chiec xe classic mien phi
[2016/4/11 - 20:53:55] {AA3333}AdmWarning{FFFF00}: Army Paul dung la thien tai, Army Lewis duoc 1 vouchers Vip Gold 30 ngay.
[2016/4/11 - 20:53:55] AdmCmd: Brandon Stack da nhan duoc tu he thong mot chiec xe classic mien phi
[2016/4/11 - 20:53:55] AdmCmd: Army Paul da nhan duoc tu he thong mot chiec xe classic mien phi
[2016/4/11 - 20:53:55] AdmCmd: Hoang Thien da nhan duoc tu he thong mot chiec xe classic mien phi
[2016/4/11 - 20:53:56] {AA3333}AdmWarning{FFFF00}: Army Paul dung la thien tai, Vicmax nghia duoc 1 vouchers Vip Gold 30 ngay.
[2016/4/11 - 20:53:56] {AA3333}AdmWarning{FFFF00}: Army Paul dung la thien tai, Army Ty duoc $500,000.
[2016/4/11 - 20:53:56] AdmCmd: Yakuza Binn nhan duoc free house tu he thong
[2016/4/11 - 20:53:56] AdmCmd: Be duy nhan duoc free house tu he thong
[2016/4/11 - 20:53:56] AdmCmd: Sainder GamBit da nhan duoc tu he thong mot chiec xe classic mien phi
[2016/4/11 - 20:53:56] AdmCmd: Alexander Owen nhan duoc free house tu he thong
[2016/4/11 - 20:53:56] {AA3333}AdmWarning{FFFF00}: Army Paul dung la thien tai, Army Rain duoc $500,000.
[2016/4/11 - 20:53:56] AdmCmd: Hoang Thien da nhan duoc tu he thong mot chiec xe classic mien phi
[2016/4/11 - 20:53:56] AdmCmd: nhok Duy da nhan duoc tu he thong mot chiec xe classic mien phi
[2016/4/11 - 20:53:56] AdmCmd: Ryan da nhan duoc tu he thong mot chiec xe classic mien phi
[2016/4/11 - 20:53:56] {AA3333}AdmWarning{FFFF00}: Army Paul dung la thien tai, Wrath Hao duoc $500,000.
[2016/4/11 - 20:53:56] {AA3333}AdmWarning{FFFF00}: Army Paul dung la thien tai, Army Ryn duoc 1 vouchers Vip Gold 30 ngay.
[2016/4/11 - 20:53:57] AdmCmd: Jav Trung nhan duoc free house tu he thong
[2016/4/11 - 20:53:57] AdmCmd: thuan t nhan duoc free house tu he thong
[2016/4/11 - 20:53:57] AdmCmd: Nguyen Khang GD da nhan duoc tu he thong mot chiec xe classic mien phi
[2016/4/11 - 20:53:57] AdmCmd: Thien Khanh da nhan duoc tu he thong mot chiec xe classic mien phi
[2016/4/11 - 20:53:57] AdmCmd: Army Tai da nhan duoc tu he thong mot chiec xe classic mien phi
[2016/4/11 - 20:53:57] AdmCmd: Pe Lam da nhan duoc tu he thong mot chiec xe classic mien phi
[2016/4/11 - 20:53:57] AdmCmd: Army Ryn da nhan duoc tu he thong mot chiec xe classic mien phi
[2016/4/11 - 20:53:58] AdmCmd: Quyen Doremon da nhan duoc tu he thong mot chiec xe classic mien phi
[2016/4/11 - 20:53:58] AdmCmd: Andy Ted nhan duoc free house tu he thong
[2016/4/11 - 20:53:59] AdmCmd: Jeremy Army da nhan duoc tu he thong mot chiec xe classic mien phi
[2016/4/11 - 20:53:59] AdmCmd: Jack Hardy da nhan duoc tu he thong mot chiec xe classic mien phi
[2016/4/11 - 20:53:59] AdmCmd: Andy Ted da nhan duoc tu he thong mot chiec xe classic mien phi
[2016/4/11 - 20:53:59] AdmCmd: Yakuza Nam da nhan duoc tu he thong mot chiec xe classic mien phi
[2016/4/11 - 20:54:22] AdmCmd: Jerry Erwin da nhan duoc tu he thong mot chiec xe classic mien phi
[2016/4/11 - 20:54:24] AdmCmd: Jerry Erwin da nhan duoc tu he thong mot chiec xe classic mien phi
[2016/4/11 - 20:54:34] {AA3333}AdmWarning{FFFF00}: Army Tai nhan duoc vouchers Vip Gold 30 ngay tu he thong.
[2016/4/11 - 20:54:50] AdmCmd: Jerry Erwin da nhan duoc tu he thong mot chiec xe classic mien phi
[2016/4/11 - 21:06:32] {AA3333}AdmWarning{FFFF00}: Army Ran da nhan duoc $500,000 tu he thong.
[2016/4/11 - 21:49:50] AdmCmd: Jeremy Army da nhan duoc tu he thong mot chiec xe classic mien phi
[2016/4/11 - 21:49:57] AdmCmd: Jeremy Army da nhan duoc tu he thong mot chiec xe classic mien phi
[2016/4/11 - 22:32:13] AdmCmd: Jeremy Army da nhan duoc tu he thong mot chiec xe classic mien phi
[2016/4/11 - 22:34:03] AdmCmd: Jeremy Army da nhan duoc tu he thong mot chiec xe classic mien phi
[2016/4/11 - 22:34:10] AdmCmd: Jeremy Army da nhan duoc tu he thong mot chiec xe classic mien phi
[2016/4/11 - 22:35:34] AdmCmd: Jeremy Army da nhan duoc tu he thong mot chiec xe classic mien phi
[2016/4/12 - 7:45:49] AdmCmd: Army Thai da nhan duoc tu he thong mot chiec xe classic mien phi
[2016/4/12 - 9:14:55] {AA3333}AdmWarning{FFFF00}: Andriano S Buzikk nhan duoc vouchers Vip Gold 30 ngay tu he thong.
[2016/4/12 - 11:19:26] AdmCmd: Kelvin Nguyen da nhan duoc tu he thong mot chiec xe classic mien phi
[2016/4/12 - 12:51:23] AdmCmd: Gia Hao nhan duoc free house tu he thong
[2016/4/12 - 12:51:23] AdmCmd: Alan Walker da nhan duoc tu he thong mot chiec xe classic mien phi
[2016/4/12 - 12:51:23] AdmCmd: Tuan Smith da nhan duoc tu he thong mot chiec xe classic mien phi
[2016/4/12 - 14:33:26] {AA3333}AdmWarning{FFFF00}: Army Trong da nhan duoc $500,000 tu he thong.
[2016/4/12 - 16:50:46] {AA3333}AdmWarning{FFFF00}: Mr Jokers  dung la thien tai, mixLam nghia duoc 1 vouchers Vip Gold 30 ngay.
[2016/4/12 - 16:50:46] {AA3333}AdmWarning{FFFF00}: Mr Jokers  dung la thien tai, Quyen Doremon duoc $500,000.
[2016/4/12 - 16:50:46] {AA3333}AdmWarning{FFFF00}: Mr Jokers  dung la thien tai, Mr Jokers  duoc $500,000.
[2016/4/12 - 16:50:46] {AA3333}AdmWarning{FFFF00}: Mr Jokers  dung la thien tai, Ti Mo duoc 1 vouchers Vip Gold 30 ngay.
[2016/4/12 - 16:50:47] AdmCmd: Mr Jokers  da nhan duoc tu he thong mot chiec xe classic mien phi
[2016/4/13 - 8:59:17] AdmCmd: Jeremy Army nhan duoc free house tu he thong
[2016/4/13 - 8:59:36] AdmCmd: Jeremy Army da nhan duoc tu he thong mot chiec xe classic mien phi
[2016/4/13 - 10:32:01] {AA3333}AdmWarning{FFFF00}: Jeremy Army da nhan duoc $500,000 tu he thong.
[2016/4/13 - 10:33:57] AdmCmd: Jeremy Army nhan duoc free house tu he thong
[2016/4/13 - 10:54:21] AdmCmd: Darlen Edwards da nhan duoc tu he thong mot chiec xe classic mien phi
[2016/4/13 - 10:55:59] {AA3333}AdmWarning{FFFF00}: Darlen Edwards nhan duoc vouchers Vip Gold 30 ngay tu he thong.
[2016/4/13 - 10:56:28] AdmCmd: Darlen Edwards da nhan duoc tu he thong mot chiec xe classic mien phi
[2016/4/13 - 10:56:30] AdmCmd: Darlen Edwards da nhan duoc tu he thong mot chiec xe classic mien phi
[2016/4/13 - 12:40:02] {AA3333}AdmWarning{FFFF00}: Quoc Tyyy nhan duoc vouchers Vip Gold 30 ngay tu he thong.
[2016/4/13 - 12:40:49] {AA3333}AdmWarning{FFFF00}: Army Ran da nhan duoc $500,000 tu he thong.
[2016/4/13 - 13:07:15] {AA3333}AdmWarning{FFFF00}: Adam rock da nhan duoc $500,000 tu he thong.
[2016/4/13 - 13:07:39] AdmCmd: Adam rock nhan duoc free house tu he thong
[2016/4/13 - 13:08:05] AdmCmd: Adam rock da nhan duoc tu he thong mot chiec xe classic mien phi
[2016/4/13 - 13:09:20] AdmCmd: Army Tiesto da nhan duoc tu he thong mot chiec xe classic mien phi
[2016/4/13 - 15:20:07] AdmCmd: Max Speed nhan duoc free house tu he thong
[2016/4/13 - 15:21:45] AdmCmd: Max Speed nhan duoc free house tu he thong
[2016/4/13 - 15:21:48] {AA3333}AdmWarning{FFFF00}: Max Speed da nhan duoc $500,000 tu he thong.
[2016/4/13 - 15:22:16] AdmCmd: Max Speed da nhan duoc tu he thong mot chiec xe classic mien phi
[2016/4/13 - 15:53:22] AdmCmd: Max Speed da nhan duoc tu he thong mot chiec xe classic mien phi
[2016/4/13 - 15:53:34] AdmCmd: Andriano S Buzikk da nhan duoc tu he thong mot chiec xe classic mien phi
[2016/4/13 - 15:54:00] {AA3333}AdmWarning{FFFF00}: Andriano S Buzikk da nhan duoc $500,000 tu he thong.
[2016/4/13 - 15:54:15] {AA3333}AdmWarning{FFFF00}: Andriano S Buzikk nhan duoc vouchers Vip Gold 30 ngay tu he thong.
[2016/4/13 - 15:54:37] AdmCmd: Max Speed da nhan duoc tu he thong mot chiec xe classic mien phi
[2016/4/13 - 15:57:26] AdmCmd: Max Speed da nhan duoc tu he thong mot chiec xe classic mien phi
[2016/4/13 - 18:26:45] AdmCmd: Army Troll da nhan duoc tu he thong mot chiec xe classic mien phi
[2016/4/13 - 19:40:36] AdmCmd: Micky Holdny da nhan duoc tu he thong mot chiec xe classic mien phi
[2016/4/13 - 19:43:21] AdmCmd: army troll da nhan duoc tu he thong mot chiec xe classic mien phi
[2016/4/13 - 19:46:37] AdmCmd: Nguyen Ngoc Tram da nhan duoc tu he thong mot chiec xe classic mien phi
[2016/4/13 - 19:46:45] AdmCmd: Nguyen Ngoc Tram da nhan duoc tu he thong mot chiec xe classic mien phi
[2016/4/13 - 19:48:01] AdmCmd: Nguyen Ngoc Tram da nhan duoc tu he thong mot chiec xe classic mien phi
[2016/4/13 - 19:48:50] AdmCmd: Rober Hubs da nhan duoc tu he thong mot chiec xe classic mien phi
[2016/4/13 - 19:49:07] AdmCmd: Rober Hubs da nhan duoc tu he thong mot chiec xe classic mien phi
[2016/4/13 - 19:49:09] AdmCmd: Rober Hubs da nhan duoc tu he thong mot chiec xe classic mien phi
[2016/4/13 - 20:52:21] {AA3333}AdmWarning{FFFF00}: Wrath Rain nhan duoc vouchers Vip Gold 30 ngay tu he thong.
[2016/4/13 - 21:14:36] {AA3333}AdmWarning{FFFF00}: Quoc Tyyy da nhan duoc $500,000 tu he thong.
[2016/4/13 - 21:30:15] AdmCmd: Army Moon da nhan duoc tu he thong mot chiec xe classic mien phi
[2016/4/13 - 21:30:26] {AA3333}AdmWarning{FFFF00}: Vladimir RongCon da nhan duoc $500,000 tu he thong.
[2016/4/13 - 21:31:20] AdmCmd: Dao Tran da nhan duoc tu he thong mot chiec xe classic mien phi
[2016/4/13 - 22:05:21] {AA3333}AdmWarning{FFFF00}: Army Tiesto nhan duoc vouchers Vip Gold 30 ngay tu he thong.
[2016/4/13 - 23:20:53] {AA3333}AdmWarning{FFFF00}: robert tappan morris nhan duoc vouchers Vip Gold 30 ngay tu he thong.
[2016/4/13 - 23:45:07] AdmCmd: shane aztecas da nhan duoc tu he thong mot chiec xe classic mien phi
[2016/4/14 - 9:05:13] AdmCmd: Nobita Minh da nhan duoc tu he thong mot chiec xe classic mien phi
[2016/4/14 - 9:08:18] AdmCmd: Nobita Minh da nhan duoc tu he thong mot chiec xe classic mien phi
[2016/4/14 - 9:09:15] {AA3333}AdmWarning{FFFF00}: Nobita Minh nhan duoc vouchers Vip Gold 30 ngay tu he thong.
[2016/4/14 - 9:24:03] AdmCmd: Kevin Tien nhan duoc free house tu he thong
[2016/4/14 - 9:24:03] AdmCmd: Fake Blue da nhan duoc tu he thong mot chiec xe classic mien phi
[2016/4/14 - 9:24:03] {AA3333}AdmWarning{FFFF00}: Mr Jokers  dung la thien tai, Wuzi Wongkai duoc 1 vouchers Vip Gold 30 ngay.
[2016/4/14 - 9:24:03] {AA3333}AdmWarning{FFFF00}: Mr Jokers  dung la thien tai, Kevin Tien duoc $500,000.
[2016/4/14 - 9:24:03] AdmCmd: TiVii GamBit nhan duoc free house tu he thong
[2016/4/14 - 9:24:03] AdmCmd: tai loc da nhan duoc tu he thong mot chiec xe classic mien phi
[2016/4/14 - 9:24:03] AdmCmd: Jack hardy nhan duoc free house tu he thong
[2016/4/14 - 9:24:03] AdmCmd: Gray kien da nhan duoc tu he thong mot chiec xe classic mien phi
[2016/4/14 - 9:24:03] {AA3333}AdmWarning{FFFF00}: Mr Jokers  dung la thien tai, Roger duoc 1 vouchers Vip Gold 30 ngay.
[2016/4/14 - 9:41:01] {AA3333}AdmWarning{FFFF00}: God.S Buzikk nhan duoc vouchers Vip Gold 30 ngay tu he thong.
[2016/4/14 - 11:14:13] AdmCmd: Army Tai da nhan duoc tu he thong mot chiec xe classic mien phi
[2016/4/14 - 11:15:08] {AA3333}AdmWarning{FFFF00}: Army Tai nhan duoc vouchers Vip Gold 30 ngay tu he thong.
[2016/4/14 - 11:15:11] AdmCmd: Army Tai da nhan duoc tu he thong mot chiec xe classic mien phi
[2016/4/14 - 17:42:59] AdmCmd: Vu Thanh Long da nhan duoc tu he thong mot chiec xe classic mien phi
[2016/4/14 - 17:43:25] AdmCmd: Vu Thanh Long da nhan duoc tu he thong mot chiec xe classic mien phi
[2016/4/14 - 17:43:47] AdmCmd: Vu Thanh Long da nhan duoc tu he thong mot chiec xe classic mien phi
[2016/4/14 - 20:26:58] AdmCmd: Army Ryn da nhan duoc tu he thong mot chiec xe classic mien phi
[2016/4/14 - 20:28:53] AdmCmd: Brandon Stack da nhan duoc tu he thong mot chiec xe classic mien phi
[2016/4/14 - 20:45:30] AdmCmd: Dwayne johson da nhan duoc tu he thong mot chiec xe classic mien phi
[2016/4/14 - 21:46:40] AdmCmd: Gia Bao da nhan duoc tu he thong mot chiec xe classic mien phi
[2016/4/15 - 8:29:04] AdmCmd: Giang da nhan duoc tu he thong mot chiec xe classic mien phi
[2016/4/15 - 8:29:05] {AA3333}AdmWarning{FFFF00}: Mr Jokers  dung la thien tai, Kelvin tien duoc 1 vouchers Vip Gold 30 ngay.
[2016/4/15 - 8:29:05] AdmCmd: Jonh Nguyen da nhan duoc tu he thong mot chiec xe classic mien phi
[2016/4/15 - 8:29:05] {AA3333}AdmWarning{FFFF00}: Mr Jokers  dung la thien tai, Best Skill duoc 1 vouchers Vip Gold 30 ngay.
[2016/4/15 - 8:29:05] AdmCmd: Mr Jokers  nhan duoc free house tu he thong
[2016/4/15 - 8:50:21] AdmCmd: Armin Guetta da nhan duoc tu he thong mot chiec xe classic mien phi
[2016/4/15 - 9:23:40] {AA3333}AdmWarning{FFFF00}: Armin Guetta nhan duoc vouchers Vip Gold 30 ngay tu he thong.
[2016/4/15 - 9:24:48] AdmCmd: Armin Guetta da nhan duoc tu he thong mot chiec xe classic mien phi
[2016/4/16 - 9:39:02] {AA3333}AdmWarning{FFFF00}: Mr Jokers  dung la thien tai, tan gai duoc 1 vouchers Vip Gold 30 ngay.
[2016/4/16 - 9:39:02] AdmCmd: Timofei Bashkirov da nhan duoc tu he thong mot chiec xe classic mien phi
[2016/4/16 - 9:39:02] AdmCmd: Zeats da nhan duoc tu he thong mot chiec xe classic mien phi
[2016/4/16 - 9:39:02] AdmCmd: Nsut VanThai nhan duoc free house tu he thong
[2016/4/16 - 9:39:02] AdmCmd: Army Rain da nhan duoc tu he thong mot chiec xe classic mien phi
[2016/4/16 - 9:39:03] AdmCmd: Jerry Maidns da nhan duoc tu he thong mot chiec xe classic mien phi
[2016/4/16 - 9:39:03] {AA3333}AdmWarning{FFFF00}: Mr Jokers  dung la thien tai, Bin Buzokk duoc $500,000.
[2016/4/16 - 9:39:03] AdmCmd: nick jeeryon da nhan duoc tu he thong mot chiec xe classic mien phi
[2016/4/16 - 9:39:03] AdmCmd: Phuoc S Buzikk da nhan duoc tu he thong mot chiec xe classic mien phi
[2016/4/16 - 9:39:03] AdmCmd: Trung Bejamin da nhan duoc tu he thong mot chiec xe classic mien phi
[2016/4/16 - 9:39:03] AdmCmd: Army Ryn nhan duoc free house tu he thong
[2016/4/16 - 9:39:03] AdmCmd: CULY M da nhan duoc tu he thong mot chiec xe classic mien phi
[2016/4/16 - 9:39:04] AdmCmd: Nguyen Ngoc Tram nhan duoc free house tu he thong
[2016/4/16 - 9:39:04] {AA3333}AdmWarning{FFFF00}: Mr Jokers  dung la thien tai, Pan Nguyen duoc $500,000.
[2016/4/16 - 9:39:04] AdmCmd: Geek Slamder da nhan duoc tu he thong mot chiec xe classic mien phi
[2016/4/16 - 9:39:04] {AA3333}AdmWarning{FFFF00}: Mr Jokers  dung la thien tai, Kid JackSon duoc 1 vouchers Vip Gold 30 ngay.
[2016/4/16 - 9:39:04] {AA3333}AdmWarning{FFFF00}: Mr Jokers  dung la thien tai, Nicholas Zane duoc $500,000.
[2016/4/16 - 9:39:04] {AA3333}AdmWarning{FFFF00}: Mr Jokers  dung la thien tai, Shadow Smth da nhan duoc 1 thang dung Silver VIP.
[2016/4/16 - 9:39:04] AdmCmd: Zeats da nhan duoc tu he thong mot chiec xe classic mien phi
[2016/4/16 - 9:39:04] AdmCmd: South Mouter da nhan duoc tu he thong mot chiec xe classic mien phi
[2016/4/16 - 9:39:04] AdmCmd: ARMY Garena da nhan duoc tu he thong mot chiec xe classic mien phi
[2016/4/16 - 9:39:04] AdmCmd: Army Ryn da nhan duoc tu he thong mot chiec xe classic mien phi
[2016/4/16 - 9:39:04] {AA3333}AdmWarning{FFFF00}: Mr Jokers  dung la thien tai, vincent Kompany duoc $500,000.
[2016/4/16 - 9:39:05] AdmCmd: Six Staff da nhan duoc tu he thong mot chiec xe classic mien phi
[2016/4/16 - 9:39:05] AdmCmd: Lillian Gabrielle nhan duoc free house tu he thong
[2016/4/16 - 9:39:05] AdmCmd: Zeats da nhan duoc tu he thong mot chiec xe classic mien phi
[2016/4/16 - 9:39:05] AdmCmd: tin Smitt da nhan duoc tu he thong mot chiec xe classic mien phi
[2016/4/16 - 9:39:05] {AA3333}AdmWarning{FFFF00}: Mr Jokers  dung la thien tai, Joseph Bufford duoc 1 vouchers Vip Gold 30 ngay.
[2016/4/16 - 9:39:05] AdmCmd: Bin Buzokk da nhan duoc tu he thong mot chiec xe classic mien phi
[2016/4/16 - 9:39:05] AdmCmd: Phuoc S Buzikk nhan duoc free house tu he thong
[2016/4/16 - 9:39:05] AdmCmd: Trung Bejamin da nhan duoc tu he thong mot chiec xe classic mien phi
[2016/4/16 - 9:39:05] AdmCmd: Mich Staff da nhan duoc tu he thong mot chiec xe classic mien phi
[2016/4/16 - 9:39:05] AdmCmd: Yakuza Ken da nhan duoc tu he thong mot chiec xe classic mien phi
[2016/4/16 - 9:39:05] AdmCmd: Timofei Bashkirov da nhan duoc tu he thong mot chiec xe classic mien phi
[2016/4/16 - 9:39:05] AdmCmd: Nguyen Ngoc Tram da nhan duoc tu he thong mot chiec xe classic mien phi
[2016/4/16 - 9:39:05] AdmCmd: Pan Nguyen da nhan duoc tu he thong mot chiec xe classic mien phi
[2016/4/16 - 9:39:05] {AA3333}AdmWarning{FFFF00}: Mr Jokers  dung la thien tai, Roger duoc $500,000.
[2016/4/16 - 9:39:05] {AA3333}AdmWarning{FFFF00}: Mr Jokers  dung la thien tai, Gia Bao duoc 1 vouchers Vip Gold 30 ngay.
[2016/4/16 - 9:39:05] AdmCmd: CULY M da nhan duoc tu he thong mot chiec xe classic mien phi
[2016/4/16 - 9:39:06] {AA3333}AdmWarning{FFFF00}: Mr Jokers  dung la thien tai, Monster Giang duoc 1 vouchers Vip Gold 30 ngay.
[2016/4/16 - 9:39:06] AdmCmd: Hoang Thien da nhan duoc tu he thong mot chiec xe classic mien phi
[2016/4/16 - 9:39:06] AdmCmd: Hunter Gon da nhan duoc tu he thong mot chiec xe classic mien phi
[2016/4/16 - 9:39:06] AdmCmd: Geek Slamder da nhan duoc tu he thong mot chiec xe classic mien phi
[2016/4/16 - 9:39:06] AdmCmd: Richard Bao da nhan duoc tu he thong mot chiec xe classic mien phi
[2016/4/16 - 9:39:06] AdmCmd: Hoai DaiCa da nhan duoc tu he thong mot chiec xe classic mien phi
[2016/4/16 - 9:39:07] AdmCmd: Shadow Nick nhan duoc free house tu he thong
[2016/4/16 - 9:39:07] {AA3333}AdmWarning{FFFF00}: Mr Jokers  dung la thien tai, Army Rain duoc 1 vouchers Vip Gold 30 ngay.
[2016/4/16 - 9:39:07] AdmCmd: Jessica Monia da nhan duoc tu he thong mot chiec xe classic mien phi
[2016/4/16 - 13:26:35] AdmCmd: Natsu Aztecas nhan duoc free house tu he thong
[2016/4/16 - 13:26:36] {AA3333}AdmWarning{FFFF00}: Paul dung la thien tai, Mafia Danh duoc $500,000.
[2016/4/16 - 13:26:36] AdmCmd: Gia Bao nhan duoc free house tu he thong
[2016/4/16 - 13:26:36] {AA3333}AdmWarning{FFFF00}: Paul dung la thien tai, Jack GamBit duoc 1 vouchers Vip Gold 30 ngay.
[2016/4/16 - 13:26:36] AdmCmd: Nobita Nam nhan duoc free house tu he thong
[2016/4/16 - 13:26:36] {AA3333}AdmWarning{FFFF00}: Paul dung la thien tai, Huy Play duoc $500,000.
[2016/4/16 - 13:26:36] AdmCmd: Joseph Bufford da nhan duoc tu he thong mot chiec xe classic mien phi
[2016/4/16 - 13:26:36] AdmCmd: Cris Yenlly nhan duoc free house tu he thong
[2016/4/16 - 13:26:37] AdmCmd: John Kaito da nhan duoc tu he thong mot chiec xe classic mien phi
[2016/4/16 - 13:26:37] AdmCmd: hoang cute da nhan duoc tu he thong mot chiec xe classic mien phi
[2016/4/16 - 13:26:37] AdmCmd: Micky Holdny nhan duoc free house tu he thong
[2016/4/16 - 13:26:37] {AA3333}AdmWarning{FFFF00}: Paul dung la thien tai, Vladimir Ocar duoc $500,000.
[2016/4/16 - 13:26:37] AdmCmd: Viet KJ da nhan duoc tu he thong mot chiec xe classic mien phi
[2016/4/16 - 13:26:37] AdmCmd: Pan Nguyen da nhan duoc tu he thong mot chiec xe classic mien phi
[2016/4/16 - 13:26:37] AdmCmd: John Wilson da nhan duoc tu he thong mot chiec xe classic mien phi
[2016/4/16 - 13:26:37] AdmCmd: Darks Night nhan duoc free house tu he thong
[2016/4/16 - 13:26:37] {AA3333}AdmWarning{FFFF00}: Paul dung la thien tai, Huyy Touliver duoc $500,000.
[2016/4/16 - 13:26:37] AdmCmd: James Pother da nhan duoc tu he thong mot chiec xe classic mien phi
[2016/4/16 - 13:26:37] AdmCmd: Los Angeles da nhan duoc tu he thong mot chiec xe classic mien phi
[2016/4/16 - 13:26:37] AdmCmd: culy m da nhan duoc tu he thong mot chiec xe classic mien phi
[2016/4/16 - 13:26:37] AdmCmd: Dj Mun da nhan duoc tu he thong mot chiec xe classic mien phi
[2016/4/16 - 14:43:32] AdmCmd: Song Joong Ki nhan duoc free house tu he thong
[2016/4/16 - 14:43:32] AdmCmd: Minh.S Buzikk da nhan duoc tu he thong mot chiec xe classic mien phi
[2016/4/16 - 14:43:32] {AA3333}AdmWarning{FFFF00}: Borther dung la thien tai, MIinh Blue duoc 1 vouchers Vip Gold 30 ngay.
[2016/4/16 - 14:43:32] AdmCmd: Dinh Tuoi nhan duoc free house tu he thong
[2016/4/16 - 14:43:32] {AA3333}AdmWarning{FFFF00}: Borther dung la thien tai, My Nguyen duoc 1 vouchers Vip Gold 30 ngay.
[2016/4/16 - 14:43:32] AdmCmd: Nguyen.Viet Gioi nhan duoc free house tu he thong
[2016/4/16 - 14:43:32] AdmCmd: Yakura Minh da nhan duoc tu he thong mot chiec xe classic mien phi
[2016/4/16 - 14:43:32] AdmCmd: Army Em da nhan duoc tu he thong mot chiec xe classic mien phi
[2016/4/16 - 17:08:10] AdmCmd: Gia Bao da nhan duoc tu he thong mot chiec xe classic mien phi
[2016/4/16 - 21:07:05] AdmCmd: Quang Nguyen da nhan duoc tu he thong mot chiec xe classic mien phi
[2016/4/16 - 21:07:05] AdmCmd: Best Skill da nhan duoc tu he thong mot chiec xe classic mien phi
[2016/4/16 - 21:07:06] AdmCmd: Lang Mafiaa nhan duoc free house tu he thong
[2016/4/16 - 21:07:06] AdmCmd: Rain Hoon da nhan duoc tu he thong mot chiec xe classic mien phi
[2016/4/16 - 21:07:06] AdmCmd: kelvin tran da nhan duoc tu he thong mot chiec xe classic mien phi
[2016/4/16 - 21:07:06] AdmCmd: Dean da nhan duoc tu he thong mot chiec xe classic mien phi
[2016/4/16 - 21:07:06] AdmCmd: David Kham da nhan duoc tu he thong mot chiec xe classic mien phi
[2016/4/16 - 21:07:06] AdmCmd: Ney Gamb da nhan duoc tu he thong mot chiec xe classic mien phi
[2016/4/16 - 21:07:06] {AA3333}AdmWarning{FFFF00}: xgao Jokers dung la thien tai, TaiDai Ca duoc 1 vouchers Vip Gold 30 ngay.
[2016/4/16 - 21:07:06] {AA3333}AdmWarning{FFFF00}: xgao Jokers dung la thien tai, Leg Nguyen duoc 1 vouchers Vip Gold 30 ngay.
[2016/4/16 - 21:07:06] AdmCmd: Army Jackson da nhan duoc tu he thong mot chiec xe classic mien phi
[2016/4/16 - 21:07:06] AdmCmd: Nguyen Thanh Binh da nhan duoc tu he thong mot chiec xe classic mien phi
[2016/4/16 - 21:07:07] AdmCmd: James Lam da nhan duoc tu he thong mot chiec xe classic mien phi
[2016/4/16 - 21:07:07] {AA3333}AdmWarning{FFFF00}: xgao Jokers dung la thien tai, Ken Ander duoc $500,000.
[2016/4/16 - 21:07:07] AdmCmd: Boy hardy da nhan duoc tu he thong mot chiec xe classic mien phi
[2016/4/16 - 21:07:07] {AA3333}AdmWarning{FFFF00}: xgao Jokers dung la thien tai, Jav Trung duoc 1 vouchers Vip Gold 30 ngay.
[2016/4/16 - 21:07:07] AdmCmd: Leg Nguyen da nhan duoc tu he thong mot chiec xe classic mien phi
[2016/4/18 - 17:40:53] AdmCmd: Kuro Sama da nhan duoc tu he thong mot chiec xe classic mien phi
[2016/4/18 - 19:39:26] AdmCmd: Nguyen Ngoc Tram nhan duoc free house tu he thong
[2016/4/18 - 19:40:37] AdmCmd: Van kiet da nhan duoc tu he thong mot chiec xe classic mien phi
[2016/4/18 - 19:42:01] {AA3333}AdmWarning{FFFF00}: Nguyen Ngoc Tram nhan duoc vouchers Vip Gold 30 ngay tu he thong.
[2016/4/18 - 19:43:07] AdmCmd: Nguyen Ngoc Tram da nhan duoc tu he thong mot chiec xe classic mien phi
[2016/4/18 - 21:45:34] AdmCmd: Nguyen Ngoc Tram da nhan duoc tu he thong mot chiec xe classic mien phi
[2016/4/19 - 8:34:15] AdmCmd: Nguyen Ngoc Tram da nhan duoc tu he thong mot chiec xe classic mien phi
[2016/4/19 - 8:34:21] {AA3333}AdmWarning{FFFF00}: Nguyen Ngoc Tram nhan duoc vouchers Vip Gold 30 ngay tu he thong.
[2016/4/19 - 8:56:47] AdmCmd: Nguyen Ngoc Tram da nhan duoc tu he thong mot chiec xe classic mien phi
[2016/4/19 - 8:56:49] AdmCmd: Nguyen Ngoc Tram nhan duoc free house tu he thong
[2016/4/19 - 9:18:38] AdmCmd: Jimmy strom da nhan duoc tu he thong mot chiec xe classic mien phi
[2016/4/19 - 11:47:08] {AA3333}AdmWarning{FFFF00}: Rorlin Warriors da nhan duoc $500,000 tu he thong.
[2016/4/19 - 17:31:17] AdmCmd: beo joker da nhan duoc tu he thong mot chiec xe classic mien phi
[2016/4/19 - 17:32:04] AdmCmd: Rorlin Warriors da nhan duoc tu he thong mot chiec xe classic mien phi
[2016/4/19 - 17:43:41] {AA3333}AdmWarning{FFFF00}: Rorlin Warriors da nhan duoc $500,000 tu he thong.
[2016/4/19 - 17:44:06] AdmCmd: Nguyen Ngoc Tram nhan duoc free house tu he thong
[2016/4/19 - 17:49:46] AdmCmd: Nguyen Ngoc Tram da nhan duoc tu he thong mot chiec xe classic mien phi
[2016/4/19 - 18:12:06] AdmCmd: Nguyen Ngoc Tram da nhan duoc tu he thong mot chiec xe classic mien phi
[2016/4/19 - 18:23:35] AdmCmd: Nguyen Ngoc Tram da nhan duoc tu he thong mot chiec xe classic mien phi
[2016/4/19 - 18:28:36] AdmCmd: Nguyen Ngoc Tram da nhan duoc tu he thong mot chiec xe classic mien phi
[2016/4/19 - 21:43:27] AdmCmd: Rorlin Warriors da nhan duoc tu he thong mot chiec xe classic mien phi
[2016/4/19 - 22:04:43] {AA3333}AdmWarning{FFFF00}: Mark Roys da nhan duoc $500,000 tu he thong.
[2016/4/19 - 22:06:37] {AA3333}AdmWarning{FFFF00}: Rorlin Warriors da nhan duoc $500,000 tu he thong.
[2016/4/19 - 22:07:24] AdmCmd: Rorlin Warriors da nhan duoc tu he thong mot chiec xe classic mien phi
[2016/4/19 - 22:44:24] AdmCmd: Luan Gay da nhan duoc tu he thong mot chiec xe classic mien phi
[2016/4/20 - 7:05:16] AdmCmd: Nguyen Ngoc Tram da nhan duoc tu he thong mot chiec xe classic mien phi
[2016/4/20 - 7:31:16] AdmCmd: Nguyen Ngoc Tram da nhan duoc tu he thong mot chiec xe classic mien phi
[2016/4/20 - 10:22:56] {AA3333}AdmWarning{FFFF00}: Nguyen ThuyVy da nhan duoc $500,000 tu he thong.
[2016/4/20 - 10:24:33] AdmCmd: Timofei Bashkirov da nhan duoc tu he thong mot chiec xe classic mien phi
[2016/4/20 - 10:39:17] {AA3333}AdmWarning{FFFF00}: Mr Jokers  dung la thien tai, Pen  duoc 1 vouchers Vip Gold 30 ngay.
[2016/4/20 - 10:39:17] {AA3333}AdmWarning{FFFF00}: Mr Jokers  dung la thien tai, Nac hung duoc $500,000.
[2016/4/20 - 10:39:17] AdmCmd: Mini Staff da nhan duoc tu he thong mot chiec xe classic mien phi
[2016/4/20 - 10:39:17] AdmCmd: Vladimir Smith da nhan duoc tu he thong mot chiec xe classic mien phi
[2016/4/20 - 10:39:17] AdmCmd: Leonard William da nhan duoc tu he thong mot chiec xe classic mien phi
[2016/4/20 - 10:39:17] AdmCmd: Hoang Minion da nhan duoc tu he thong mot chiec xe classic mien phi
[2016/4/20 - 10:39:17] AdmCmd: Daika Cuuvanlong da nhan duoc tu he thong mot chiec xe classic mien phi
[2016/4/20 - 10:39:17] {AA3333}AdmWarning{FFFF00}: Mr Jokers  dung la thien tai, Timofei Bashkirov duoc 1 vouchers Vip Gold 30 ngay.
[2016/4/20 - 10:39:17] {AA3333}AdmWarning{FFFF00}: Mr Jokers  dung la thien tai, SieuNhan Xanh duoc $500,000.
[2016/4/20 - 10:39:17] {AA3333}AdmWarning{FFFF00}: Mr Jokers  dung la thien tai, Nac hung duoc $500,000.
[2016/4/20 - 10:39:17] {AA3333}AdmWarning{FFFF00}: Mr Jokers  dung la thien tai, Robert Hood duoc $500,000.
[2016/4/20 - 10:39:18] AdmCmd: Army Rain da nhan duoc tu he thong mot chiec xe classic mien phi
[2016/4/20 - 10:39:18] AdmCmd: KuTo KenDy da nhan duoc tu he thong mot chiec xe classic mien phi
[2016/4/20 - 10:39:18] AdmCmd: Pen  da nhan duoc tu he thong mot chiec xe classic mien phi
[2016/4/20 - 10:39:18] AdmCmd: Tuan Trinh da nhan duoc tu he thong mot chiec xe classic mien phi
[2016/4/20 - 10:39:18] AdmCmd: Evans Stewart da nhan duoc tu he thong mot chiec xe classic mien phi
[2016/4/20 - 10:39:18] AdmCmd: Pen  da nhan duoc tu he thong mot chiec xe classic mien phi
[2016/4/20 - 10:39:18] AdmCmd: Hoang Minion nhan duoc free house tu he thong
[2016/4/20 - 10:43:05] {AA3333}AdmWarning{FFFF00}: Si Canabis da nhan duoc $500,000 tu he thong.
[2016/4/20 - 10:43:09] AdmCmd: Si Canabis da nhan duoc tu he thong mot chiec xe classic mien phi
[2016/4/20 - 18:31:36] AdmCmd: The TaiBa da nhan duoc tu he thong mot chiec xe classic mien phi
[2016/4/20 - 22:05:21] AdmCmd: Nguyen Ngoc Tram da nhan duoc tu he thong mot chiec xe classic mien phi
[2016/4/20 - 22:07:28] {AA3333}AdmWarning{FFFF00}: Nguyen Ngoc Tram da nhan duoc $500,000 tu he thong.
[2016/4/21 - 8:55:28] AdmCmd: kha Smith nhan duoc free house tu he thong
[2016/4/21 - 9:13:00] AdmCmd: Armin Guetta da nhan duoc tu he thong mot chiec xe classic mien phi
[2016/4/21 - 9:13:32] {AA3333}AdmWarning{FFFF00}: Armin Guetta nhan duoc vouchers Vip Gold 30 ngay tu he thong.
[2016/4/21 - 19:29:23] {AA3333}AdmWarning{FFFF00}: Nac Binh nhan duoc vouchers Vip Gold 30 ngay tu he thong.
[2016/4/21 - 19:29:25] {AA3333}AdmWarning{FFFF00}: Nac Binh nhan duoc vouchers Vip Gold 30 ngay tu he thong.
[2016/4/21 - 21:22:44] {AA3333}AdmWarning{FFFF00}: Walking Barrio da nhan duoc $500,000 tu he thong.
[2016/4/21 - 21:23:26] AdmCmd: One Staff da nhan duoc tu he thong mot chiec xe classic mien phi
[2016/4/22 - 2:24:06] AdmCmd: Nick Cover da nhan duoc tu he thong mot chiec xe classic mien phi
[2016/4/22 - 2:24:49] AdmCmd: Nick Cover da nhan duoc tu he thong mot chiec xe classic mien phi
[2016/4/22 - 16:59:11] AdmCmd: Kiet pham da nhan duoc tu he thong mot chiec xe classic mien phi
[2016/4/22 - 18:23:11] AdmCmd: LaoThinh LaoThinh da nhan duoc tu he thong mot chiec xe classic mien phi
[2016/4/23 - 2:42:13] {AA3333}AdmWarning{FFFF00}: Mark Bennett dung la thien tai, Mr ShiRo duoc $500,000.
[2016/4/23 - 22:42:53] AdmCmd: Richard Andrew da nhan duoc tu he thong mot chiec xe classic mien phi
[2016/4/24 - 10:07:22] {AA3333}AdmWarning{FFFF00}: Hoang Tam Quoc nhan duoc vouchers Vip Gold 30 ngay tu he thong.
[2016/4/24 - 12:11:13] AdmCmd: Tony Stone da nhan duoc tu he thong mot chiec xe classic mien phi
[2016/4/24 - 19:01:12] AdmCmd: Leas SyRaSha nhan duoc free house tu he thong
[2016/4/24 - 21:08:41] AdmCmd: bich trang da nhan duoc tu he thong mot chiec xe classic mien phi
[2016/4/24 - 22:00:36] AdmCmd: Bla Xcution nhan duoc free house tu he thong
[2016/4/25 - 9:24:16] AdmCmd: Nice Martin da nhan duoc tu he thong mot chiec xe classic mien phi
[2016/4/25 - 11:28:37] AdmCmd: Boy Smith da nhan duoc tu he thong mot chiec xe classic mien phi
[2016/4/25 - 11:44:48] AdmCmd: Vladimir Kiet da nhan duoc tu he thong mot chiec xe classic mien phi
[2016/4/25 - 13:05:02] AdmCmd: LaoThinh LaoThinh da nhan duoc tu he thong mot chiec xe classic mien phi
[2016/4/25 - 14:57:43] AdmCmd: Tien Pro nhan duoc free house tu he thong
[2016/4/25 - 15:10:35] AdmCmd: Le VanToan nhan duoc free house tu he thong
[2016/4/25 - 16:59:53] AdmCmd: Boby Stone da nhan duoc tu he thong mot chiec xe classic mien phi
[2016/4/27 - 3:21:39] AdmCmd: Derek nhan duoc free house tu he thong
[2016/4/27 - 3:21:42] AdmCmd: Derek da nhan duoc tu he thong mot chiec xe classic mien phi
[2016/4/27 - 11:02:50] AdmCmd: Gia Bao da nhan duoc tu he thong mot chiec xe classic mien phi
[2016/4/27 - 11:03:32] AdmCmd: Nicholas Shaw da nhan duoc tu he thong mot chiec xe classic mien phi
[2016/4/27 - 14:35:46] AdmCmd: Hao Osace da nhan duoc tu he thong mot chiec xe classic mien phi
[2016/4/27 - 14:35:46] AdmCmd: LaoThinh LaoThinh da nhan duoc tu he thong mot chiec xe classic mien phi
[2016/4/27 - 14:35:46] AdmCmd: KhaZ Taboo nhan duoc free house tu he thong
[2016/4/27 - 14:35:46] AdmCmd: Marcus Stone da nhan duoc tu he thong mot chiec xe classic mien phi
[2016/4/28 - 7:40:52] {AA3333}AdmWarning{FFFF00}: Tanh Pham nhan duoc vouchers Vip Gold 30 ngay tu he thong.
[2016/4/28 - 8:22:49] AdmCmd: Alexander Gomez da nhan duoc tu he thong mot chiec xe classic mien phi
