[2016/4/12 - 12:36:17] Darlen Edwards (SQL: 1892) has deposited $100000 into their house (ID: 1) safe.
[2016/4/12 - 12:36:27] Darlen Edwards (SQL: 1892) has deposited 1000000 materials into their house (ID: 1) safe.
[2016/4/12 - 12:36:28] Darlen Edwards (SQL: 1892) has deposited 10000000 materials into their house (ID: 1) safe.
[2016/4/12 - 12:36:41] Darlen Edwards (SQL: 1892) has deposited 89000000 materials into their house (ID: 1) safe.
[2016/4/12 - 12:37:00] Darlen Edwards (SQL: 1892) has deposited $10000 into their house (ID: 1) safe.
[2016/4/13 - 7:36:34] Darlen Edwards (SQL: 1892) has withdrawn $10000 from their house (ID: 1) safe.
[2016/4/13 - 7:36:36] Darlen Edwards (SQL: 1892) has withdrawn $10000 from their house (ID: 1) safe.
[2016/4/13 - 7:36:37] Darlen Edwards (SQL: 1892) has withdrawn $10000 from their house (ID: 1) safe.
[2016/4/13 - 7:37:04] Darlen Edwards (SQL: 1892) has withdrawn $80000 from their house (ID: 1) safe.
[2016/4/13 - 10:21:01] Darlen Edwards (SQL: 1892) has withdrawn 100000000 materials from their house (ID: 1) safe.
[2016/4/14 - 17:26:50] TH.Alexander Binley (SQL: 2602) has deposited $410065408 into their house (ID: 45) safe.
[2016/4/14 - 17:27:11] TH.Alexander Binley (SQL: 2602) has deposited $410065408 into their house (ID: 45) safe.
[2016/4/14 - 17:27:31] TH.Alexander Binley (SQL: 2602) has deposited $10000000 into their house (ID: 45) safe.
[2016/4/14 - 22:14:57] Army Tiesto (SQL: 1711) has deposited 800 pot into their house (ID: 2009) safe.
[2016/4/14 - 22:15:15] Army Tiesto (SQL: 1711) has deposited 50 crack into their house (ID: 2009) safe.
[2016/4/14 - 22:15:23] Army Tiesto (SQL: 1711) has deposited 200 crack into their house (ID: 2009) safe.
[2016/4/14 - 22:15:31] Army Tiesto (SQL: 1711) has deposited 96 crack into their house (ID: 2009) safe.
[2016/4/14 - 22:15:36] Army Tiesto (SQL: 1711) has deposited 48 pot into their house (ID: 2009) safe.
[2016/4/14 - 22:15:43] Army Tiesto (SQL: 1711) has deposited 800 materials into their house (ID: 2009) safe.
[2016/4/14 - 22:21:34] TH.Alexander Binley (SQL: 2602) has deposited $800000000 into their house (ID: 45) safe.
[2016/4/15 - 15:07:42] TH.Alexander Binley (SQL: 2602) has withdrawn $400000000 from their house (ID: 45) safe.
[2016/4/15 - 15:16:38] TH.Alexander Binley (SQL: 2602) has deposited $400000000 into their house (ID: 45) safe.
[2016/4/15 - 16:58:36] TH.Alexander Binley (SQL: 2602) has withdrawn $300000000 from their house (ID: 45) safe.
[2016/4/15 - 21:56:38] TH.Alexander Binley (SQL: 2602) has withdrawn $400000000 from their house (ID: 45) safe.
[2016/4/15 - 22:20:57] TH.Alexander Binley (SQL: 2602) has withdrawn $100000000 from their house (ID: 45) safe.
[2016/4/15 - 22:21:10] TH.Alexander Binley (SQL: 2602) has withdrawn $90000000 from their house (ID: 45) safe.
[2016/4/15 - 22:21:17] TH.Alexander Binley (SQL: 2602) has withdrawn $50000000 from their house (ID: 45) safe.
[2016/4/15 - 22:21:23] TH.Alexander Binley (SQL: 2602) has withdrawn $60000000 from their house (ID: 45) safe.
[2016/4/15 - 22:21:24] TH.Alexander Binley (SQL: 2602) has withdrawn $600000000 from their house (ID: 45) safe.
[2016/4/15 - 22:21:58] TH.Alexander Binley (SQL: 2602) has withdrawn $10000000 from their house (ID: 45) safe.
[2016/4/15 - 22:22:07] TH.Alexander Binley (SQL: 2602) has withdrawn $10000000 from their house (ID: 45) safe.
[2016/4/15 - 22:22:07] TH.Alexander Binley (SQL: 2602) has withdrawn $10000000 from their house (ID: 45) safe.
[2016/4/17 - 20:18:56] Darks Night (SQL: 1475) has deposited 114 pot into their house (ID: 485) safe.
[2016/4/17 - 20:19:01] Darks Night (SQL: 1475) has deposited 232 crack into their house (ID: 485) safe.
[2016/4/17 - 20:19:07] Darks Night (SQL: 1475) has deposited 30 pot into their house (ID: 485) safe.
[2016/4/19 - 0:02:07] Nick Cover (SQL: 851) has deposited 5000000 materials into their house (ID: 234) safe.
[2016/4/19 - 0:02:21] Nick Cover (SQL: 851) has deposited 3000000 materials into their house (ID: 234) safe.
[2016/4/19 - 10:14:54] Hardwell Records (SQL: 2739) has deposited 5000000 materials into their house (ID: 235) safe.
[2016/4/19 - 10:36:46] Aquarius Corleone (SQL: 1680) has deposited 500000 materials into their house (ID: 15) safe.
[2016/4/19 - 10:37:15] Aquarius Corleone (SQL: 1680) has deposited 4000000 materials into their house (ID: 15) safe.
[2016/4/19 - 17:06:14] Harold Shipman (SQL: 1495) has deposited 20000000 materials into their house (ID: 184) safe.
[2016/4/19 - 17:06:28] Harold Shipman (SQL: 1495) has deposited 4937500 materials into their house (ID: 184) safe.
[2016/4/19 - 18:29:40] Harold Shipman (SQL: 1495) has deposited $2114162 into their house (ID: 184) safe.
[2016/4/20 - 8:36:53] Aquarius Corleone (SQL: 1680) has deposited 92 pot into their house (ID: 15) safe.
[2016/4/20 - 10:40:47] Aquarius corleone (SQL: 1680) has deposited 25 crack into their house (ID: 15) safe.
[2016/4/20 - 21:08:41] Si Canabis (SQL: 2739) has withdrawn 1000000 materials from their house (ID: 235) safe.
[2016/4/21 - 17:01:29] Aquarius Corleone (SQL: 1680) has withdrawn 500000 materials from their house (ID: 15) safe.
[2016/4/21 - 22:37:32] Austin Taylor (SQL: 6349) has deposited 219 pot into their house (ID: 96) safe.
[2016/4/21 - 22:38:00] Austin Taylor (SQL: 6349) has deposited 2 pot into their house (ID: 96) safe.
[2016/4/21 - 22:38:03] Austin Taylor (SQL: 6349) has deposited 27 crack into their house (ID: 96) safe.
[2016/4/22 - 8:56:14] Austin Taylor (SQL: 6349) has withdrawn 221 pot from their house (ID: 96) safe.
[2016/4/22 - 9:11:54] Austin Taylor (SQL: 6349) has deposited 50000 materials into their house (ID: 96) safe.
[2016/4/22 - 9:33:07] Austin Taylor (SQL: 6349) has withdrawn 27 crack from their house (ID: 96) safe.
[2016/4/22 - 9:43:38] Austin Taylor (SQL: 6349) has deposited 25 crack into their house (ID: 96) safe.
[2016/4/22 - 9:43:49] Austin Taylor (SQL: 6349) has deposited 325 pot into their house (ID: 96) safe.
[2016/4/22 - 9:55:26] Austin Taylor (SQL: 6349) has deposited 25 crack into their house (ID: 96) safe.
[2016/4/22 - 10:00:09] Austin Taylor (SQL: 6349) has withdrawn 50 pot from their house (ID: 96) safe.
[2016/4/22 - 10:00:12] Austin Taylor (SQL: 6349) has withdrawn 50 crack from their house (ID: 96) safe.
[2016/4/22 - 10:23:10] Austin Taylor (SQL: 6349) has withdrawn 50000 materials from their house (ID: 96) safe.
[2016/4/22 - 10:27:46] Austin Taylor (SQL: 6349) has deposited 25 crack into their house (ID: 96) safe.
[2016/4/22 - 10:31:11] Austin Taylor (SQL: 6349) has withdrawn 25 crack from their house (ID: 96) safe.
[2016/4/22 - 10:32:32] Austin Taylor (SQL: 6349) has deposited 50 crack into their house (ID: 96) safe.
[2016/4/22 - 10:32:34] Austin Taylor (SQL: 6349) has deposited 90 pot into their house (ID: 96) safe.
[2016/4/22 - 10:36:05] Austin Taylor (SQL: 6349) has deposited 25 crack into their house (ID: 96) safe.
[2016/4/22 - 11:45:44] Austin Taylor (SQL: 6349) has deposited 1 crack into their house (ID: 96) safe.
[2016/4/22 - 11:45:47] Austin Taylor (SQL: 6349) has deposited 46 pot into their house (ID: 96) safe.
[2016/4/22 - 11:45:52] Austin Taylor (SQL: 6349) has deposited 2 pot into their house (ID: 96) safe.
[2016/4/22 - 11:50:56] Austin Taylor (SQL: 6349) has deposited 25 crack into their house (ID: 96) safe.
[2016/4/22 - 11:51:03] Austin Taylor (SQL: 6349) has deposited 50000 materials into their house (ID: 96) safe.
[2016/4/22 - 11:59:55] Austin Taylor (SQL: 6349) has deposited 25 crack into their house (ID: 96) safe.
[2016/4/22 - 12:11:44] Austin Taylor (SQL: 6349) has withdrawn 50 pot from their house (ID: 96) safe.
[2016/4/22 - 14:41:35] Austin Taylor (SQL: 6349) has withdrawn 30 crack from their house (ID: 96) safe.
[2016/4/22 - 14:50:18] Austin Taylor (SQL: 6349) has deposited 25 crack into their house (ID: 96) safe.
[2016/4/22 - 14:51:36] Austin Taylor (SQL: 6349) has deposited 30 crack into their house (ID: 96) safe.
[2016/4/22 - 14:55:44] Austin Taylor (SQL: 6349) has deposited 25 crack into their house (ID: 96) safe.
[2016/4/22 - 14:56:08] Austin Taylor (SQL: 6349) has deposited 31 crack into their house (ID: 96) safe.
[2016/4/22 - 14:56:19] Austin Taylor (SQL: 6349) has deposited 25 crack into their house (ID: 96) safe.
[2016/4/22 - 15:00:55] Austin Taylor (SQL: 6349) has deposited 50 crack into their house (ID: 96) safe.
[2016/4/22 - 15:00:57] Austin Taylor (SQL: 6349) has deposited 25 crack into their house (ID: 96) safe.
[2016/4/22 - 15:03:42] Austin Taylor (SQL: 6349) has deposited 50 crack into their house (ID: 96) safe.
[2016/4/22 - 15:03:47] Austin Taylor (SQL: 6349) has deposited 50 crack into their house (ID: 96) safe.
[2016/4/22 - 15:03:55] Austin Taylor (SQL: 6349) has deposited 25 crack into their house (ID: 96) safe.
[2016/4/22 - 15:05:47] Austin Taylor (SQL: 6349) has deposited 50 crack into their house (ID: 96) safe.
[2016/4/22 - 15:06:12] Austin Taylor (SQL: 6349) has deposited 25 crack into their house (ID: 96) safe.
[2016/4/22 - 15:06:34] Austin Taylor (SQL: 6349) has withdrawn 150 crack from their house (ID: 96) safe.
[2016/4/22 - 16:07:29] Austin Taylor (SQL: 6349) has withdrawn 50000 materials from their house (ID: 96) safe.
[2016/4/22 - 21:40:24] Austin Taylor (SQL: 6349) has withdrawn 35 pot from their house (ID: 96) safe.
[2016/4/23 - 10:24:32] Christopher Dudus (SQL: 2481) has deposited 900000 materials into their house (ID: 248) safe.
[2016/4/23 - 10:24:37] Christopher Dudus (SQL: 2481) has withdrawn 900000 materials from their house (ID: 248) safe.
[2016/4/23 - 10:24:42] Christopher Dudus (SQL: 2481) has deposited 900000 materials into their house (ID: 248) safe.
[2016/4/24 - 8:43:04] Christopher Dudus (SQL: 2481) has withdrawn 1 materials from their house (ID: 248) safe.
[2016/4/24 - 10:36:43] Austin Taylor (SQL: 6349) has deposited 16 pot into their house (ID: 96) safe.
[2016/4/24 - 10:36:52] Austin Taylor (SQL: 6349) has deposited 44 crack into their house (ID: 96) safe.
[2016/4/24 - 10:37:00] Austin Taylor (SQL: 6349) has deposited 9 pot into their house (ID: 96) safe.
[2016/4/24 - 10:53:14] Austin Taylor (SQL: 6349) has deposited 25 crack into their house (ID: 96) safe.
[2016/4/24 - 10:53:16] Austin Taylor (SQL: 6349) has deposited 25 crack into their house (ID: 96) safe.
[2016/4/24 - 11:55:42] Austin Taylor (SQL: 6349) has withdrawn 30 pot from their house (ID: 96) safe.
[2016/4/24 - 15:19:29] Austin Taylor (SQL: 6349) has withdrawn 323 pot from their house (ID: 96) safe.
[2016/4/24 - 15:19:36] Austin Taylor (SQL: 6349) has withdrawn 451 crack from their house (ID: 96) safe.
[2016/4/24 - 17:23:52] Christopher Dudus (SQL: 2481) has withdrawn 50000 materials from their house (ID: 248) safe.
[2016/4/25 - 0:45:13] Aquarius Corleone (SQL: 1680) has deposited 100 pot into their house (ID: 26) safe.
[2016/4/25 - 0:45:26] Aquarius Corleone (SQL: 1680) has deposited 125 crack into their house (ID: 26) safe.
[2016/4/27 - 15:40:13] Christopher Dudus (SQL: 2481) has withdrawn 10000 materials from their house (ID: 248) safe.
[2016/4/27 - 15:40:21] Christopher Dudus (SQL: 2481) has withdrawn 10000 materials from their house (ID: 248) safe.
[2016/4/27 - 15:40:27] Christopher Dudus (SQL: 2481) has withdrawn 100000 materials from their house (ID: 248) safe.
[2016/4/27 - 16:22:31] Christopher Dudus (SQL: 2481) has withdrawn 100000 materials from their house (ID: 248) safe.
[2016/4/27 - 17:20:07] Christopher Dudus (SQL: 2481) has withdrawn 200000 materials from their house (ID: 248) safe.
