[2016/4/7 - 9:23:49] Bao Aztecas has IP Checked ANH Assassin
[2016/4/8 - 14:34:57] Bao Aztecas has IP Checked Amelo Cocooo
[2016/4/8 - 15:54:14] Bao Aztecas has IP Checked Truong Hoang Tuann
[2016/4/10 - 20:55:52] Kenny Sang has IP Checked Yakuza Nam
[2016/4/10 - 20:56:08] Kenny Sang has IP Checked Yakuza Nam
[2016/4/10 - 20:56:16] Kenny Sang has IP Checked Yakuza Nam
[2016/4/10 - 20:56:21] Kenny Sang has IP Checked Yakuza Nam
[2016/4/10 - 20:59:05] Bao Thang has IP Checked Jerry Erwin
[2016/4/11 - 13:45:44] Forever TOppi has IP Checked Frozen Trung
[2016/4/11 - 14:11:17] Forever TOppi has IP Checked Frozen Hau
[2016/4/11 - 14:44:19] Forever TOppi has IP Checked Frozen Hau
[2016/4/13 - 10:02:02] Borther Jerry has IP Checked Arytom Jonathan
[2016/4/14 - 19:57:57] Boy Hardy has IP Checked Tom Williams
[2016/4/14 - 19:59:04] Boy Hardy has IP Checked Tom Williams
[2016/4/15 - 12:57:54] Club Stone has IP Checked Giang Luong
[2016/4/15 - 12:59:41] Club Stone has IP Checked Giang Luong
[2016/4/15 - 13:01:07] Club Stone has IP Checked Giang Luong
[2016/4/15 - 14:09:08] Shane Aztecas has IP Checked Giang
[2016/4/15 - 23:45:20] Paul has IP Checked Ralph Mortimer
[2016/4/15 - 23:45:23] Paul has IP Checked Paul
[2016/4/17 - 10:32:50] Toppi has IP Checked em s Buzikk
[2016/4/17 - 19:58:21] Cristiano ROnaldo has IP Checked Long Bin
[2016/4/17 - 20:05:28] Club Stone has IP Checked Swang Kiven
[2016/4/17 - 20:12:23] Club Stone has IP Checked Suu Trau
[2016/4/17 - 20:12:24] Club Stone has IP Checked Suu Trau
[2016/4/17 - 20:22:30] Club Stone has IP Checked Eazy ThugS
[2016/4/17 - 20:23:41] Club Stone has IP Checked King Royal
[2016/4/17 - 20:31:50] Club Stone has IP Checked MXking Quan
[2016/4/17 - 20:32:31] Club Stone has IP Checked MXking Quan
[2016/4/17 - 20:33:59] Club Stone has IP Checked MXking Quan
[2016/4/17 - 20:34:38] Cristiano ROnaldo has IP Checked MXking Quan
[2016/4/17 - 20:34:40] Cristiano ROnaldo has IP Checked MXking Quan
[2016/4/17 - 20:34:41] Cristiano ROnaldo has IP Checked MXking Quan
[2016/4/17 - 20:39:32] Club Stone has IP Checked MXking Quan
[2016/4/17 - 20:39:49] Club Stone has IP Checked MXking Quan
[2016/4/17 - 20:40:25] Club Stone has IP Checked MXking Quan
[2016/4/17 - 22:20:59] Pen Staff has IP Checked Mafia Smith
[2016/4/17 - 23:00:10] LTT Dung has IP Checked Minh NguyenTri
[2016/4/18 - 9:12:46] Pym has IP Checked MXking Quan
[2016/4/18 - 9:12:49] Pym has IP Checked Mr Jokers 
[2016/4/18 - 10:51:18] Toppi has IP Checked Robin Nicolas
[2016/4/18 - 11:51:23] Cristiano Ronaldo has IP Checked Pharaoh Richard
[2016/4/18 - 11:51:24] Cristiano Ronaldo has IP Checked Club Stone
[2016/4/18 - 20:44:33] Cristiano Ronaldo has IP Checked Mr Jokers
[2016/4/18 - 22:08:51] Pen  has IP Checked Cong Thanh
[2016/4/19 - 8:35:28] Pen  has IP Checked Dangerous Max
[2016/4/19 - 11:11:18] Kexing has IP Checked Nicky Naude
[2016/4/19 - 11:11:39] Kexing has IP Checked Nicky Naude
[2016/4/19 - 11:14:20] Kexing has IP Checked Nicky Naude
[2016/4/19 - 14:22:11] Tamao  has IP Checked Pablo Escobar
[2016/4/20 - 21:08:54] Mark has IP Checked Blue Ken Geramay
[2016/4/21 - 14:26:57] Mark Bennett has IP Checked Grover KuTos
[2016/4/21 - 14:28:48] Mark Bennett has IP Checked Grover KuTos
[2016/4/21 - 14:30:19] Mark Bennett has IP Checked Grover KuTos
[2016/4/21 - 23:08:50] Kexing has IP Checked William
[2016/4/21 - 23:08:53] Kexing has IP Checked Kexing
[2016/4/21 - 23:09:43] Rio has IP Checked Rio
[2016/4/22 - 8:23:48] Pen  has IP Checked Dieu Lynh
[2016/4/22 - 12:37:43] Mark Bennett has IP Checked Thang Toan
[2016/4/22 - 15:32:37] Hung By has IP Checked lethaiminh khoi
[2016/4/22 - 17:17:50] Rio has IP Checked Chi Chuot
[2016/4/22 - 17:36:40] Club Stone has IP Checked LaMinh Tu
[2016/4/22 - 20:55:50] Cristiano Ronaldo has IP Checked anh kail
[2016/4/23 - 10:45:16] Mark Bennett has IP Checked Linh Ngao
[2016/4/23 - 12:34:06] Club Stone has IP Checked Leck Smithker
[2016/4/23 - 14:47:09] Club Stone has IP Checked Zeous Robeo
[2016/4/24 - 2:48:07] Club Stone has IP Checked Ngoc Anhss
[2016/4/24 - 2:48:09] Club Stone has IP Checked Dieu Linh
[2016/4/24 - 9:13:51] Mark Bennett has IP Checked Lam Mendicity
[2016/4/24 - 9:13:53] Mark Bennett has IP Checked Bin Nn
[2016/4/24 - 18:07:06] Giang Luong has IP Checked Joseph Bufford
[2016/4/26 - 2:06:18] Kexing has IP Checked Hieu Loc
[2016/4/26 - 14:22:37] Derek has IP Checked Supper Soi
[2016/4/27 - 2:28:51] Lome has IP Checked Micheal Scofied
[2016/4/28 - 11:49:38] Giang has IP Checked Anh Nghia Pro
