[2016/4/6 - 18:24:55] Administrator Nguyen Ngoc Tram has given a pilot license to Nguyen Ngoc Tram.
[2016/4/6 - 20:24:15] Administrator Jerry Erwin has given a pilot license to kudo Squa.
[2016/4/6 - 20:24:19] Administrator Jerry Erwin has given a pilot license to Jerry Erwin.
[2016/4/6 - 21:47:23] Administrator Nguyen Ngoc Tram da dua bang lai xe taxi cho Nguyen Ngoc Tram.
[2016/4/6 - 21:47:28] Administrator Nguyen Ngoc Tram has given a boating license to Nguyen Ngoc Tram.
[2016/4/8 - 7:19:03] Administrator Nguyen Ngoc Tram has given a pilot license to Mafia Xtina.
[2016/4/8 - 18:12:47] Administrator Nguyen Ngoc Tram has given a pilot license to Jimmy Xtina.
[2016/4/11 - 10:03:43] Administrator Nguyen Ngoc Tram has given a pilot license to Nguyen Ngoc Tram.
[2016/4/11 - 10:03:44] Administrator Nguyen Ngoc Tram has given a boating license to Nguyen Ngoc Tram.
[2016/4/11 - 10:03:46] Administrator Nguyen Ngoc Tram da dua bang lai xe taxi cho Nguyen Ngoc Tram.
[2016/4/13 - 21:13:53] Administrator Trinh has given a pilot license to Dao Tran.
[2016/4/15 - 17:39:30] Administrator Dao Tran has given a pilot license to Barrack Obama.
[2016/4/15 - 17:52:28] Administrator Borther da dua bang lai xe taxi cho Borther.
[2016/4/15 - 17:52:30] Administrator Borther has given a pilot license to Borther.
[2016/4/15 - 17:52:30] Administrator Borther has given a boating license to Borther.
[2016/4/18 - 9:16:25] Administrator Nguyen Ngoc Tram has given a pilot license to Nac Binh.
[2016/4/19 - 7:49:17] Administrator Hoang Smith da dua bang lai xe taxi cho Hoang Smith.
[2016/4/19 - 7:49:17] Administrator Hoang Smith has given a pilot license to Hoang Smith.
[2016/4/19 - 7:49:18] Administrator Hoang Smith has given a boating license to Hoang Smith.
[2016/4/21 - 11:26:39] Administrator Eren  has given a boating license to Eren .
[2016/4/21 - 11:26:40] Administrator Eren  has given a pilot license to Eren .
[2016/4/21 - 11:26:41] Administrator Eren  da dua bang lai xe taxi cho Eren .
