[2016/4/17 - 0:32:54] Admin Rio Soica has placed street mailbox 23 at Commerce
[2016/4/17 - 0:33:16] Admin Rio Soica has placed street mailbox 24 at Idlewood
[2016/4/17 - 0:33:17] Admin Rio Soica has placed street mailbox 25 at Idlewood
[2016/4/17 - 0:33:18] Admin Rio Soica has placed street mailbox 26 at Idlewood
[2016/4/17 - 0:33:19] Admin Rio Soica has placed street mailbox 27 at Idlewood
[2016/4/17 - 0:33:20] Admin Rio Soica has placed street mailbox 28 at Idlewood
[2016/4/17 - 0:33:21] Admin Rio Soica has placed street mailbox 29 at Idlewood
[2016/4/17 - 0:33:23] Admin Rio Soica has placed street mailbox 30 at Idlewood
[2016/4/17 - 0:33:25] Admin Rio Soica has placed street mailbox 31 at Idlewood
[2016/4/17 - 0:33:25] Admin Rio Soica has placed street mailbox 32 at Idlewood
[2016/4/17 - 0:33:26] Admin Rio Soica has placed street mailbox 33 at Idlewood
[2016/4/17 - 0:33:27] Admin Rio Soica has placed street mailbox 34 at Idlewood
[2016/4/17 - 0:35:10] Admin Rio Soica has placed street mailbox 35 at Commerce
[2016/4/17 - 0:35:12] Admin Rio Soica has placed street mailbox 36 at Commerce
[2016/4/17 - 0:35:19] Admin Rio Soica has placed street mailbox 37 at Pershing Square
[2016/4/17 - 0:35:19] Admin Rio Soica has placed street mailbox 38 at Pershing Square
[2016/4/17 - 0:35:19] Admin Rio Soica has placed street mailbox 39 at Pershing Square
[2016/4/17 - 0:35:20] Admin Rio Soica has placed street mailbox 40 at Pershing Square
[2016/4/17 - 0:35:20] Admin Rio Soica has placed street mailbox 41 at Pershing Square
[2016/4/17 - 0:35:20] Admin Rio Soica has placed street mailbox 42 at Pershing Square
[2016/4/17 - 0:35:21] Admin Rio Soica has placed street mailbox 43 at Pershing Square
[2016/4/17 - 0:35:21] Admin Rio Soica has placed street mailbox 44 at Pershing Square
[2016/4/17 - 0:35:21] Admin Rio Soica has placed street mailbox 45 at Pershing Square
[2016/4/17 - 0:35:22] Admin Rio Soica has placed street mailbox 46 at Pershing Square
[2016/4/17 - 0:35:22] Admin Rio Soica has placed street mailbox 47 at Pershing Square
[2016/4/17 - 0:35:25] Admin Rio Soica has placed street mailbox 48 at Pershing Square
[2016/4/17 - 0:35:32] Admin Rio Soica has placed street mailbox 49 at Pershing Square
[2016/4/17 - 17:59:58] Jhon Smit da gui thu den : le di
[2016/4/17 - 18:03:08] Jhon Smit da gui thu den : du me em ra day choi
[2016/4/19 - 13:49:29] Darks Night da gui thu den Max_Speed: Max dep trai oi
[2016/4/19 - 13:51:26] Darks Night da gui thu den Max_Speed: Max dep trai oi
[2016/4/19 - 13:55:34] Darks Night da gui thu den Army_Rain: Fuck You :V
[2016/4/20 - 17:02:48] Darks Night da gui thu den Daica_Nghia: DaiCa_Nghia
[2016/4/20 - 17:03:28] Darks Night da gui thu den DaiCa_Nghia: Alo Alo Alo
