[2016/4/6 - 21:08:48] AdmCmd: Ken Ken was banned from /hl by TLB Pym
[2016/4/6 - 21:09:13] AdmCmd: Jen Ko was banned from /hl by TLB Pym
[2016/4/6 - 21:19:27] AdmCmd: Julia Alvarez was blocked from /report by Agent Perry
[2016/4/7 - 9:31:44] AdmCmd: Linh Sam was blocked from /v by beo hardy
[2016/4/7 - 12:14:52] AdmCmd: Phuc Cho Dien was blocked from /report by Agent Perry
[2016/4/8 - 11:56:45] AdmCmd: Cong Vo was blocked from /v by Ana
[2016/4/8 - 11:59:04] AdmCmd: Nguyen Huu Duc was blocked from /v by Ana
[2016/4/8 - 11:59:15] AdmCmd: Dragon Moon was blocked from /v by Ana
[2016/4/8 - 12:02:50] AdmCmd: Dragon Moon was unblocked from /v by Ana
[2016/4/8 - 12:03:16] AdmCmd: Dragon Moon was blocked from /report by Ana
[2016/4/8 - 12:04:06] AdmCmd: Thien Huu was blocked from /report by Ana
[2016/4/8 - 22:18:53] AdmCmd: Army Max has given Kien Nguyen their first warning about help request abuse
[2016/4/9 - 8:34:57] AdmCmd: Nguyen.Van Sang has given Thien Huu their first warning about help request abuse
[2016/4/9 - 8:35:18] AdmCmd: Thien Huu da tam thoi bi tran su dung /requesthelp by Nguyen.Van Sang
[2016/4/9 - 8:37:35] AdmCmd: Nguyen.Van Sang has given Dao Le their first warning about help request abuse
[2016/4/9 - 19:11:12] AdmCmd: Delvin xinhzai was banned from /hl by Army Moon
[2016/4/10 - 9:57:23] AdmCmd: Hoang Tussss was blocked from /report by Hoang Tus
[2016/4/10 - 21:14:15] AdmCmd: Phap Le was blocked from /report by Ryan
[2016/4/11 - 12:21:01] AdmCmd: Meo S Buzikk was blocked from /report by Boss
[2016/4/11 - 15:50:17] AdmCmd: Akai Smith was unblocked from /report by Borther Jerry
[2016/4/11 - 18:46:35] AdmCmd: Ryan Potter was blocked from /report by Ryan
[2016/4/11 - 20:49:50] AdmCmd: Rober Hubs was blocked from /report by Dean
[2016/4/12 - 4:44:39] AdmCmd: Sam Regamay has given tron smoke their first warning about help request abuse
[2016/4/12 - 4:47:02] AdmCmd: Nguyen Quoc Tuan has given Nguyen Quoc Tuan their first warning about help request abuse
[2016/4/12 - 4:47:11] AdmCmd: Nguyen Quoc Tuan da tam thoi bi tran su dung /requesthelp by Nguyen Quoc Tuan
[2016/4/12 - 4:47:59] AdmCmd: Nguyen Quoc Tuan has given Sam Regamay their first warning about help request abuse
[2016/4/12 - 4:57:09] AdmCmd: Sam Regamay has given Mafia Phat their first warning about help request abuse
[2016/4/12 - 5:22:17] AdmCmd: Sam Regamay da tam thoi bi tran su dung /requesthelp by Sam Regamay
[2016/4/13 - 4:18:37] AdmCmd: Sam Regamay has given Justin TRS their first warning about help request abuse
[2016/4/13 - 9:44:39] AdmCmd: Kim Duyen was blocked from /report by Dean
[2016/4/13 - 10:18:35] AdmCmd: NguyenVan Sang has given Roys S Ku their first warning about help request abuse
[2016/4/14 - 6:39:34] AdmCmd: Vu.Thanh Long was blocked from /report by Ryan
[2016/4/14 - 9:58:26] AdmCmd: Vladimir Club was blocked from /report by Nathan
[2016/4/14 - 9:58:37] AdmCmd: Army Nghia was blocked from /report by Nathan
[2016/4/14 - 9:58:51] AdmCmd: Julio Harry was blocked from /report by Nathan
[2016/4/14 - 9:59:19] AdmCmd: Jerry Maidns was blocked from /report by Nathan
[2016/4/14 - 12:04:39] AdmCmd: Jerry Maidns was unblocked from /report by Paul
[2016/4/14 - 13:01:08] AdmCmd: Darks Night was banned from /hl by Ong Trum
[2016/4/14 - 20:07:33] AdmCmd: Tom Williams was blocked from /report by Jerry Erwin
[2016/4/14 - 20:50:24] AdmCmd: Nguyen.HD Pinz was unblocked from /report by Ryan
[2016/4/15 - 10:48:23] AdmCmd: Maria XXX was blocked from /report by Ryan
[2016/4/15 - 13:08:07] AdmCmd: Quan Jason was blocked from /report by Ryan
[2016/4/15 - 13:15:49] AdmCmd: Army Thu hanh was blocked from /report by Borther
[2016/4/15 - 14:41:50] AdmCmd: Zevas TuanAnh was blocked from /report by Borther
[2016/4/15 - 16:54:35] AdmCmd: Kevin S Johnson was blocked from /report by Borther
[2016/4/15 - 19:40:59] AdmCmd: Song Vi was blocked from /report by Dean
[2016/4/15 - 20:04:33] AdmCmd: Sky Pro was blocked from /report by Dean
[2016/4/15 - 20:13:07] AdmCmd: Frank Another was blocked from /report by Dean
[2016/4/15 - 21:02:33] AdmCmd: Truong DepTrai was blocked from /report by Agent Perry
[2016/4/15 - 21:52:34] AdmCmd: nick kaito was banned from /hl by Yakuza Ken
[2016/4/15 - 23:18:22] AdmCmd: Agent Perry was blocked from /report by Paul
[2016/4/16 - 8:01:30] AdmCmd: Quan Jason was unblocked from /report by Ryan
[2016/4/16 - 9:47:25] AdmCmd: Tung Hardy was blocked from /report by Dj Mun
[2016/4/16 - 9:50:50] AdmCmd: Nguyen Baba was banned from /hl by Yakuza Ken
[2016/4/16 - 9:59:33] AdmCmd: Agent Perry was unblocked from /report by Hoai DaiCa
[2016/4/16 - 11:06:53] AdmCmd: Grover KuTo was blocked from /report by Ryan
[2016/4/16 - 11:11:54] AdmCmd: Monster Giang was blocked from /report by DJ Mun
[2016/4/16 - 11:15:54] AdmCmd: Barrack Obama was banned from /hl by Nobita Dinh
[2016/4/16 - 16:10:03] AdmCmd: Tran Anh Tuan was blocked from /report by MXking Quan
[2016/4/16 - 16:10:15] AdmCmd: Tran Anh Tuan was unblocked from /report by MXking Quan
[2016/4/16 - 16:10:43] AdmCmd: Huy Pham was blocked from /report by MXking Quan
[2016/4/16 - 16:11:41] AdmCmd: Rio Hao was blocked from /report by MXking Quan
[2016/4/16 - 16:12:05] AdmCmd: Barrack Obama was blocked from /report by MXking Quan
[2016/4/16 - 16:12:40] AdmCmd: Tran Anh Tuan was blocked from /report by MXking Quan
[2016/4/16 - 16:16:13] AdmCmd: Jewelry BOnneyz was blocked from /report by MXking Quan
[2016/4/16 - 16:36:05] AdmCmd: John Trong was blocked from /report by Pyn
[2016/4/16 - 16:36:07] AdmCmd: John Trong was unblocked from /report by Hoai DaiCa
[2016/4/16 - 16:45:48] AdmCmd: Young Cott was banned from /hl by LDT Minh
[2016/4/16 - 16:51:30] AdmCmd: Frank Another was unblocked from /report by Hoai DaiCa
[2016/4/16 - 16:55:31] AdmCmd: Zed Xiles has given Nghia Ryder their first warning about help request abuse
[2016/4/16 - 17:58:43] AdmCmd: ARMY Garena was blocked from /report by MXking Quan
[2016/4/16 - 20:36:29] AdmCmd: Jewelry BOnneyz was unblocked from /report by Jerry Erwin
[2016/4/16 - 20:36:39] AdmCmd: Jewelry BOnneyz was blocked from /report by Jerry Erwin
[2016/4/16 - 20:36:41] AdmCmd: Jewelry BOnneyz was unblocked from /report by Jerry Erwin
[2016/4/16 - 22:51:45] AdmCmd: Aaliyah Isabella was temporarily blocked from VIP Chat boi Lillian Gabrielle, ly do: .
[2016/4/16 - 23:42:25] AdmCmd: Zed Xiles was blocked from /report by Borther
[2016/4/17 - 8:25:18] AdmCmd: Kudo Edwards has given Frank Another their first warning about help request abuse
[2016/4/17 - 11:53:35] AdmCmd: Alexander Gregory was blocked from /report by Hoai DaiCa
[2016/4/17 - 11:54:21] AdmCmd: Alexander Gregory was unblocked from /report by Hoai DaiCa
[2016/4/17 - 12:50:10] AdmCmd: Mafia Chay was banned from /hl by Army Moon
[2016/4/17 - 12:50:12] AdmCmd: Mafia Chay was unbanned from /hl by Army Moon
[2016/4/17 - 13:55:19] AdmCmd: Joseph Bufford has given Bo Thanh Hieu their first warning about help request abuse
[2016/4/17 - 15:04:24] AdmCmd: Thien Phuoc was banned from /hl by Duc Thuan
[2016/4/17 - 16:10:31] AdmCmd: Kun Bejamin was banned from /hl by Darks Night
[2016/4/17 - 16:27:02] AdmCmd: exciter Pia was banned from /hl by Thuan Avengers
[2016/4/17 - 16:27:57] AdmCmd: CC cc was banned from /hl by Darks Night
[2016/4/17 - 17:55:00] AdmCmd: LDT Minh has given John Kenny their first warning about help request abuse
[2016/4/17 - 18:04:04] AdmCmd: Blue Ken Gambit was banned from /hl by Army Moon
[2016/4/17 - 18:04:21] AdmCmd: Thanh Bua was banned from /hl by Army Moon
[2016/4/17 - 18:15:30] AdmCmd: Blue Ken Geramay was banned from /hl by Army Moon
[2016/4/17 - 18:34:38] AdmCmd: Ken Love was banned from /hl by Lean Statistics
[2016/4/17 - 18:35:12] AdmCmd: Duy Vil was banned from /hl by Lean Statistics
[2016/4/17 - 18:35:27] AdmCmd: Exciter pia was unbanned from /hl by Lean Statistics
[2016/4/17 - 18:35:32] AdmCmd: Exciter pia was banned from /hl by Lean Statistics
[2016/4/17 - 18:35:34] AdmCmd: Exciter pia was unbanned from /hl by Army Moon
[2016/4/17 - 18:35:36] AdmCmd: Exciter pia was banned from /hl by Army Moon
[2016/4/17 - 19:10:18] AdmCmd: Quan Jason was banned from /hl by Army Moon
[2016/4/17 - 19:10:38] AdmCmd: Alexander Peter was banned from /hl by Army Moon
[2016/4/17 - 20:34:27] AdmCmd: Frank Another was banned from /hl by Mr bobby
[2016/4/17 - 22:34:51] AdmCmd: NguyenMinh Tri was banned from /hl by Darks Night
[2016/4/17 - 22:45:28] AdmCmd: NguyenMinh Tri was unbanned from /hl by Darks Night
[2016/4/17 - 22:45:43] AdmCmd: Tin Death was banned from /hl by Darks Night
[2016/4/18 - 7:37:01] AdmCmd: Tung was unblocked from /report by Kexing
[2016/4/18 - 10:22:25] AdmCmd: Tim Mo was banned from /hl by Sang Pau
[2016/4/18 - 15:01:26] AdmCmd: Thi Life was banned from /hl by Toppi
[2016/4/18 - 18:15:25] AdmCmd: Army Moon was blocked from /report by MXking Quan
[2016/4/19 - 7:57:01] AdmCmd: Aki Amen was banned from /hl by John xSat
[2016/4/19 - 9:14:09] AdmCmd: Darlen Edwards has given Aki Amen their first warning about help request abuse
[2016/4/19 - 10:35:17] AdmCmd: Frank Another was blocked from /report by hung by
[2016/4/19 - 10:52:04] AdmCmd: Army Max was blocked from /report by Toppi
[2016/4/19 - 16:17:56] AdmCmd: Harry Jin was blocked from /report by Hoai DaiCa
[2016/4/19 - 16:26:43] AdmCmd: Hieu TranSFormer was blocked from /report by Hoai DaiCa
[2016/4/19 - 16:48:19] AdmCmd: Harry Jin was unblocked from /report by Hoai DaiCa
[2016/4/20 - 6:00:41] AdmCmd: Max Louis was banned from /hl by Mafia Phat
[2016/4/20 - 6:00:55] AdmCmd: Max Louis was unbanned from /hl by Mafia Phat
[2016/4/20 - 6:03:24] AdmCmd: Max Louis was banned from /hl by Mafia Phat
[2016/4/20 - 8:45:53] AdmCmd: Andrew Brian was blocked from /report by Hoang Smith
[2016/4/20 - 8:45:57] AdmCmd: Frank Another was unblocked from /report by Hoang Smith
[2016/4/20 - 8:45:59] AdmCmd: Andrew Brian was unblocked from /report by Hoang Smith
[2016/4/20 - 10:02:48] AdmCmd: The Mens was blocked from /report by Paul
[2016/4/20 - 11:37:44] AdmCmd: Oggy Handsome was banned from /hl by Rain Harvey
[2016/4/20 - 11:37:51] AdmCmd: Dom Vince was banned from /hl by Rain Harvey
[2016/4/20 - 11:37:53] AdmCmd: Thanh Truong was banned from /hl by Rain Harvey
[2016/4/20 - 18:08:37] AdmCmd: Tommy Muel was blocked from /report by Rio
[2016/4/21 - 7:39:26] AdmCmd: John Ce Naw was blocked from /report by Mr Jokers 
[2016/4/21 - 10:15:37] AdmCmd: Jimmy Strom was blocked from /report by Dean
[2016/4/21 - 10:16:50] AdmCmd: Jack Robert has given Robert Hood their first warning about help request abuse
[2016/4/21 - 18:13:00] AdmCmd: Mr Jokes has given Mr Jokes their first warning about help request abuse
[2016/4/21 - 18:13:08] AdmCmd: Mr Jokes da tam thoi bi tran su dung /requesthelp by Mr Jokes
[2016/4/21 - 19:13:34] AdmCmd: Aki Amen was blocked from /report by DaiCa Hoai
[2016/4/21 - 20:59:58] AdmCmd: Jimmy strom was unblocked from /report by Rio
[2016/4/22 - 1:31:06] AdmCmd: Nick Cover was unblocked from /report by Nguyen Hau
[2016/4/22 - 7:54:52] AdmCmd: Show Ryn was banned from /hl by Dieu Linh
[2016/4/22 - 9:27:30] AdmCmd: Robert Hardwell was banned from /hl by TN Hoang
[2016/4/22 - 14:43:33] AdmCmd: be phat was banned from /hl by NiCoIas James
[2016/4/22 - 15:22:43] AdmCmd: Nick Anders was banned from /hl by Hieu TransFormer
[2016/4/23 - 9:11:56] AdmCmd: Jons Giang da tam thoi bi tran tu viec su dung /requesthelp by Jons Giang
[2016/4/23 - 12:51:42] AdmCmd: Red Vagos was banned from /hl by Rain Harvey
[2016/4/23 - 17:34:23] AdmCmd: Malcolm Graves has given Malcolm Graves their first warning about help request abuse
[2016/4/24 - 2:07:22] AdmCmd: Chi Chuot was blocked from /report by Mark Bennett
[2016/4/24 - 3:13:02] AdmCmd: Chi Chuot was unblocked from /report by Club Stone
[2016/4/24 - 7:10:47] AdmCmd: Huy Pham was unblocked from /report by Nguyen Ngoc Tram
[2016/4/24 - 14:06:48] AdmCmd: Doe Adens was banned from /hl by Pat Maddox
[2016/4/24 - 14:13:53] AdmCmd: Tommy Muel was unblocked from /report by Kexing
[2016/4/24 - 14:13:58] AdmCmd: Tommy Muel was blocked from /report by Kexing
[2016/4/24 - 14:13:59] AdmCmd: Tommy Muel was unblocked from /report by Kexing
[2016/4/26 - 1:39:35] AdmCmd: Micheal Sain was banned from /hl by Erik James
[2016/4/26 - 14:15:10] AdmCmd: Canabis Bejamin was blocked from /report by Derek
[2016/4/26 - 18:59:08] AdmCmd: Nick Cover has given Midnight hunter their first warning about help request abuse
[2016/4/26 - 19:00:58] AdmCmd: Nick Cover has given Vincent LeTum their first warning about help request abuse
[2016/4/27 - 13:57:23] AdmCmd: Phonix Miller was banned from /hl by LaoThinh LaoThinh
[2016/4/27 - 20:44:20] AdmCmd: OnGTruM YaKuZa was banned from /hl by Sang baby
