[2016/4/5 - 19:11:52] Tia Chop da moded xe rims 1082
[2016/4/5 - 19:30:45] Tia Chop da moded xe rims 1074
[2016/4/5 - 22:37:20] DJ Moon da moded xe rims 1075
[2016/4/5 - 22:40:12] DJ Moon da moded xe rims 1025
[2016/4/5 - 22:40:14] DJ Moon da moded xe rims 1073
[2016/4/5 - 22:40:17] DJ Moon da moded xe rims 1074
[2016/4/5 - 22:40:19] DJ Moon da moded xe rims 1075
[2016/4/5 - 22:40:21] DJ Moon da moded xe rims 1076
[2016/4/5 - 22:40:24] DJ Moon da moded xe rims 1077
[2016/4/5 - 22:40:26] DJ Moon da moded xe rims 1078
[2016/4/5 - 22:40:28] DJ Moon da moded xe rims 1079
[2016/4/5 - 22:40:31] DJ Moon da moded xe rims 1080
[2016/4/5 - 22:40:50] DJ Moon da moded xe rims 1080
[2016/4/5 - 22:40:53] DJ Moon da moded xe rims 1081
[2016/4/5 - 22:40:56] DJ Moon da moded xe rims 1082
[2016/4/5 - 22:40:58] DJ Moon da moded xe rims 1083
[2016/4/5 - 22:41:01] DJ Moon da moded xe rims 1084
[2016/4/5 - 22:41:05] DJ Moon da moded xe rims 1085
[2016/4/5 - 22:41:09] DJ Moon da moded xe rims 1096
[2016/4/5 - 22:41:12] DJ Moon da moded xe rims 1097
[2016/4/5 - 22:41:15] DJ Moon da moded xe rims 1098
[2016/4/5 - 22:41:21] DJ Moon da moded xe rims 1080
[2016/4/5 - 22:41:32] DJ Moon da moded xe rims 1080
[2016/4/6 - 2:39:12] Khang CiuTe da moded xe rims 1080
[2016/4/6 - 6:34:32] Justin Tran da moded xe rims 1083
[2016/4/6 - 7:10:58] Boy Hardy da moded xe rims 1080
[2016/4/6 - 7:44:24] nick phong da moded xe rims 1074
[2016/4/6 - 7:46:44] Mr Jokers da moded xe rims 1080
[2016/4/6 - 7:49:28] Mr Jokers da moded xe rims 1078
[2016/4/6 - 7:49:33] Mr Jokers da moded xe rims 1025
[2016/4/6 - 7:49:35] Mr Jokers da moded xe rims 1073
[2016/4/6 - 7:49:37] Mr Jokers da moded xe rims 1074
[2016/4/6 - 7:49:39] Mr Jokers da moded xe rims 1075
[2016/4/6 - 7:49:41] Mr Jokers da moded xe rims 1076
[2016/4/6 - 7:49:44] Mr Jokers da moded xe rims 1077
[2016/4/6 - 7:49:48] Mr Jokers da moded xe rims 1079
[2016/4/6 - 7:49:55] Mr Jokers da moded xe rims 1079
[2016/4/6 - 7:49:59] Mr Jokers da moded xe rims 1080
[2016/4/6 - 7:57:09] Mr Jokers da moded xe rims 1078
[2016/4/6 - 7:57:12] Mr Jokers da moded xe rims 1080
[2016/4/6 - 8:34:07] Boy Hardy da moded xe rims 1080
[2016/4/6 - 8:52:34] dung BanhBao da moded xe rims 1077
[2016/4/6 - 8:54:51] dung BanhBao da moded xe rims 1080
[2016/4/6 - 9:30:11] Boy Hardy da moded xe rims 1080
[2016/4/6 - 9:31:09] Boy Hardy da moded xe rims 1080
[2016/4/6 - 9:32:12] Boy Hardy da moded xe rims 1080
[2016/4/6 - 9:32:52] Boy Hardy da moded xe rims 1080
[2016/4/6 - 9:33:12] Boy Hardy da moded xe rims 1080
[2016/4/6 - 9:34:57] Boy Hardy da moded xe rims 1080
[2016/4/6 - 9:37:25] Boy Hardy da moded xe rims 1080
[2016/4/6 - 9:37:53] Boy Hardy da moded xe rims 1080
[2016/4/6 - 9:41:46] Tung Hardy da moded xe rims 1080
[2016/4/6 - 9:41:50] Kelvin Nguyen da moded xe rims 1080
[2016/4/6 - 9:42:02] Tung Hardy da moded xe rims 1080
[2016/4/6 - 9:42:14] Tung Hardy da moded xe rims 1080
[2016/4/6 - 9:42:36] Tung Hardy da moded xe rims 1080
[2016/4/6 - 10:05:36] yakuza rccc da moded xe rims 1080
[2016/4/6 - 10:06:24] alexenred brad da moded xe rims 1080
[2016/4/6 - 10:12:13] Rosemary daniel da moded xe rims 1080
[2016/4/6 - 10:20:22] Hoang My da moded xe rims 1080
[2016/4/6 - 10:27:32] Joker Max da moded xe rims 1080
[2016/4/6 - 10:34:30] Myy Hoangg da moded xe rims 1080
[2016/4/6 - 17:01:56] Jerry Erwin da moded xe rims 1080
[2016/4/6 - 20:32:14] Army Moon da moded xe rims 1080
[2016/4/6 - 21:47:10] Army Moon da moded xe rims 1080
[2016/4/7 - 4:15:20] Nguyen Quoc Tuan da moded xe rims 1075
[2016/4/7 - 4:26:20] Nguyen Quoc Tuan da moded xe rims 1080
[2016/4/7 - 8:43:14] Justin TRS da moded xe rims 1080
[2016/4/7 - 9:13:24] Army Kuns da moded xe rims 1080
[2016/4/7 - 10:06:41] Shaco Chivas da moded xe rims 1025
[2016/4/7 - 10:06:43] Shaco Chivas da moded xe rims 1073
[2016/4/7 - 10:06:45] Shaco Chivas da moded xe rims 1074
[2016/4/7 - 10:06:48] Shaco Chivas da moded xe rims 1075
[2016/4/7 - 10:06:51] Shaco Chivas da moded xe rims 1076
[2016/4/7 - 10:06:55] Shaco Chivas da moded xe rims 1077
[2016/4/7 - 10:07:00] Shaco Chivas da moded xe rims 1078
[2016/4/7 - 10:07:07] Shaco Chivas da moded xe rims 1079
[2016/4/7 - 10:15:32] Yakuza Ken da moded xe rims 1080
[2016/4/7 - 10:18:37] Yakuza Ken da moded xe rims 1080
[2016/4/7 - 10:19:08] Yakuza Ken da moded xe rims 1080
[2016/4/7 - 11:17:05] Mr Jokers da moded xe rims 1080
[2016/4/7 - 11:30:46] Army Kuns da moded xe rims 1080
[2016/4/7 - 12:12:59] khanh Aztecas da moded xe rims 1080
[2016/4/7 - 12:14:55] khanh Aztecas da moded xe rims 1080
[2016/4/7 - 12:16:39] khanh Aztecas da moded xe rims 1080
[2016/4/7 - 12:20:36] khanh Aztecas da moded xe rims 1080
[2016/4/7 - 13:46:12] Yakuza Ken da moded xe rims 1080
[2016/4/7 - 18:57:37] Army Max da moded xe rims 1080
[2016/4/7 - 18:58:03] Army Max da moded xe rims 1080
[2016/4/7 - 21:41:01] Army Max da moded xe rims 1080
[2016/4/7 - 21:47:54] Army Max da moded xe rims 1080
[2016/4/8 - 1:55:20] Quan Sonny da moded xe rims 1079
[2016/4/8 - 1:55:26] Quan Sonny da moded xe rims 1080
[2016/4/8 - 1:56:35] Quan Sonny da moded xe rims 1078
[2016/4/8 - 1:56:40] Quan Sonny da moded xe rims 1079
[2016/4/8 - 2:00:55] Quan Sonny da moded xe rims 1079
[2016/4/8 - 7:30:38] Mafia Xtina da moded xe rims 1080
[2016/4/8 - 7:31:09] Mafia Xtina da moded xe rims 1080
[2016/4/8 - 7:46:49] Mafia Xtina da moded xe rims 1080
[2016/4/8 - 11:00:07] Smith CoDoc da moded xe rims 1080
[2016/4/8 - 11:00:20] Smith CoDoc da moded xe rims 1080
[2016/4/8 - 11:45:45] LTT Dung da moded xe rims 1080
[2016/4/8 - 13:27:28] Jimmy Xtina da moded xe rims 1080
[2016/4/8 - 13:52:37] Jimmy Xtina da moded xe rims 1080
[2016/4/8 - 14:06:40] Army Kuns da moded xe rims 1080
[2016/4/8 - 16:07:56] Jimmy Xtina da moded xe rims 1080
[2016/4/9 - 5:04:20] Nguyen Quoc Tuan da moded xe rims 1080
[2016/4/9 - 8:13:51] Tran Vy da moded xe rims 1080
[2016/4/9 - 8:15:11] Tran Vy da moded xe rims 1080
[2016/4/9 - 8:15:38] Tran Vy da moded xe rims 1080
[2016/4/9 - 8:15:56] Tran Vy da moded xe rims 1080
[2016/4/9 - 8:16:26] Tran Vy da moded xe rims 1080
[2016/4/9 - 8:18:12] Tran Vy da moded xe rims 1080
[2016/4/9 - 8:43:44] Army Hanh da moded xe rims 1080
[2016/4/9 - 9:21:42] Mr Jokers da moded xe rims 1080
[2016/4/9 - 12:39:11] army hanh da moded xe rims 1080
[2016/4/9 - 13:48:20] Army Hanh da moded xe rims 1080
[2016/4/9 - 15:56:45] Le VanTOan da moded xe rims 1080
[2016/4/9 - 21:23:19] Jerry Erwin da moded xe rims 1080
[2016/4/9 - 21:48:07] Army Rain da moded xe rims 1080
[2016/4/10 - 0:10:38] Mark Roys da moded xe rims 1080
[2016/4/10 - 0:12:30] Mark Roys da moded xe rims 1080
[2016/4/10 - 0:12:52] Mark Roys da moded xe rims 1080
[2016/4/10 - 0:15:06] Mark Roys da moded xe rims 1080
[2016/4/10 - 1:09:43] Mark Roys da moded xe rims 1080
[2016/4/10 - 8:39:56] Frozen Trung da moded xe rims 1080
[2016/4/10 - 8:45:24] Hoang Tus da moded xe rims 1080
[2016/4/10 - 9:15:28] Frozen Hau da moded xe rims 1080
[2016/4/10 - 9:28:52] Micky Holdny da moded xe rims 1080
[2016/4/10 - 9:36:05] Micky Holdny da moded xe rims 1080
[2016/4/10 - 9:39:31] Army Kun da moded xe rims 1081
[2016/4/10 - 9:39:36] Army Kun da moded xe rims 1083
[2016/4/10 - 9:39:40] Army Kun da moded xe rims 1084
[2016/4/10 - 9:39:42] Army Kun da moded xe rims 1096
[2016/4/10 - 9:46:50] Smith CoDoc da moded xe rims 1080
[2016/4/10 - 9:47:10] Smith CoDoc da moded xe rims 1080
[2016/4/10 - 10:44:29] Army Kun da moded xe rims 1080
[2016/4/10 - 10:46:29] Army Kun da moded xe rims 1080
[2016/4/10 - 10:58:22] Army Rain da moded xe rims 1080
[2016/4/10 - 11:01:16] Mark Roys da moded xe rims 1080
[2016/4/10 - 11:03:50] Mark Roys da moded xe rims 1080
[2016/4/10 - 11:05:09] Mark Roys da moded xe rims 1080
[2016/4/10 - 11:16:46] Mark Roys da moded xe rims 1080
[2016/4/10 - 11:18:46] Mark Roys da moded xe rims 1080
[2016/4/10 - 12:04:37] Melody Stone da moded xe rims 1073
[2016/4/10 - 12:08:15] Army Kun da moded xe rims 1080
[2016/4/10 - 12:08:29] Kevin Tien da moded xe rims 1080
[2016/4/10 - 12:11:35] Army Rain da moded xe rims 1080
[2016/4/10 - 12:11:58] Army Rain da moded xe rims 1080
[2016/4/10 - 12:12:20] Army Rain da moded xe rims 1080
[2016/4/10 - 12:12:54] Melody Stone da moded xe rims 1080
[2016/4/10 - 12:52:18] Brandon Stack da moded xe rims 1080
[2016/4/10 - 13:42:32] Kiet da moded xe rims 1082
[2016/4/10 - 13:45:58] Kiet da moded xe rims 1074
[2016/4/10 - 13:46:34] Kiet da moded xe rims 1075
[2016/4/10 - 13:46:37] Kiet da moded xe rims 1025
[2016/4/10 - 13:46:42] Kiet da moded xe rims 1073
[2016/4/10 - 13:46:44] Kiet da moded xe rims 1074
[2016/4/10 - 13:46:47] Kiet da moded xe rims 1075
[2016/4/10 - 13:46:48] Kiet da moded xe rims 1076
[2016/4/10 - 13:46:51] Kiet da moded xe rims 1077
[2016/4/10 - 13:46:53] Kiet da moded xe rims 1077
[2016/4/10 - 13:46:55] Kiet da moded xe rims 1078
[2016/4/10 - 13:46:58] Kiet da moded xe rims 1079
[2016/4/10 - 13:47:00] Kiet da moded xe rims 1080
[2016/4/10 - 13:47:06] Kiet da moded xe rims 1080
[2016/4/10 - 13:48:12] Berdd Jest da moded xe rims 1080
[2016/4/10 - 13:49:43] Kiet da moded xe rims 1080
[2016/4/10 - 13:50:07] Berdd Jest da moded xe rims 1078
[2016/4/10 - 13:50:19] Berdd Jest da moded xe rims 1080
[2016/4/10 - 13:51:18] Berdd Jest da moded xe rims 1080
[2016/4/10 - 14:36:31] Mark Roys da moded xe rims 1080
[2016/4/10 - 15:00:32] Micky Holdny da moded xe rims 1080
[2016/4/10 - 15:00:54] Army Hieuu da moded xe rims 1078
[2016/4/10 - 15:02:43] Micky Holdny da moded xe rims 1080
[2016/4/10 - 15:03:52] Bao Uyen da moded xe rims 1080
[2016/4/10 - 15:05:53] Micky Holdny da moded xe rims 1080
[2016/4/10 - 15:29:42] Jimmy S Buzikk da moded xe rims 1080
[2016/4/10 - 15:49:09] Max Nguyen da moded xe rims 1080
[2016/4/10 - 16:01:37] Frozen Dat da moded xe rims 1080
[2016/4/10 - 18:51:15] Cong Vo da moded xe rims 1080
[2016/4/10 - 18:52:22] Cong Vo da moded xe rims 1080
[2016/4/10 - 18:52:42] Cong Vo da moded xe rims 1080
[2016/4/10 - 19:04:18] Lucky Shaw da moded xe rims 1025
[2016/4/10 - 19:16:59] Fio Ran da moded xe rims 1080
[2016/4/10 - 19:19:49] Jerry Erwin da moded xe rims 1082
[2016/4/10 - 19:19:54] Jerry Erwin da moded xe rims 1080
[2016/4/10 - 19:28:45] Army Rain da moded xe rims 1080
[2016/4/10 - 19:34:02] Kelvin Nguyen da moded xe rims 1080
[2016/4/10 - 19:34:43] Kelvin Nguyen da moded xe rims 1080
[2016/4/10 - 19:35:24] Kelvin Nguyen da moded xe rims 1080
[2016/4/10 - 19:47:44] Black Thomsa da moded xe rims 1080
[2016/4/10 - 19:53:41] Army Rain da moded xe rims 1080
[2016/4/10 - 20:48:18] Army Kun da moded xe rims 1080
[2016/4/10 - 21:59:45] Army Rain da moded xe rims 1080
[2016/4/10 - 22:05:54] Army Kun da moded xe rims 1080
[2016/4/10 - 22:07:11] Army Rain da moded xe rims 1080
[2016/4/10 - 22:11:00] Army Moon da moded xe rims 1080
[2016/4/10 - 22:11:39] Army Tai da moded xe rims 1080
[2016/4/10 - 22:13:24] Army Ryn da moded xe rims 1080
[2016/4/10 - 22:15:37] Army Moon da moded xe rims 1080
[2016/4/10 - 22:18:27] Army Tai da moded xe rims 1080
[2016/4/10 - 22:19:56] Army Tai da moded xe rims 1080
[2016/4/11 - 7:19:52] Jimmy S Buzikk da moded xe rims 1080
[2016/4/11 - 7:26:26] Jimmy S Buzikk da moded xe rims 1080
[2016/4/11 - 7:30:33] Jimmy S Buzikk da moded xe rims 1080
[2016/4/11 - 7:34:06] Jimmy S Buzikk da moded xe rims 1080
[2016/4/11 - 7:53:01] Cong Vo da moded xe rims 1080
[2016/4/11 - 8:21:35] NguyenVan Sang da moded xe rims 1080
[2016/4/11 - 8:35:05] Cong Vo da moded xe rims 1080
[2016/4/11 - 9:37:07] Max Nguyen da moded xe rims 1080
[2016/4/11 - 9:37:24] Max Nguyen da moded xe rims 1083
[2016/4/11 - 9:37:27] Max Nguyen da moded xe rims 1084
[2016/4/11 - 9:37:30] Max Nguyen da moded xe rims 1085
[2016/4/11 - 9:37:32] Max Nguyen da moded xe rims 1096
[2016/4/11 - 9:37:34] Max Nguyen da moded xe rims 1097
[2016/4/11 - 9:37:36] Max Nguyen da moded xe rims 1098
[2016/4/11 - 9:37:38] Max Nguyen da moded xe rims 1080
[2016/4/11 - 9:43:19] Black KenDy da moded xe rims 1080
[2016/4/11 - 10:41:58] Kelvin Nguyen da moded xe rims 1080
[2016/4/11 - 11:11:17] Natsu Aztecas da moded xe rims 1074
[2016/4/11 - 11:11:23] Natsu Aztecas da moded xe rims 1075
[2016/4/11 - 11:11:29] Natsu Aztecas da moded xe rims 1097
[2016/4/11 - 11:11:32] Natsu Aztecas da moded xe rims 1096
[2016/4/11 - 11:11:34] Natsu Aztecas da moded xe rims 1085
[2016/4/11 - 11:11:57] Natsu Aztecas da moded xe rims 1082
[2016/4/11 - 11:12:05] Natsu Aztecas da moded xe rims 1085
[2016/4/11 - 11:22:26] Micky Holdny da moded xe rims 1080
[2016/4/11 - 11:24:14] Micky Holdny da moded xe rims 1080
[2016/4/11 - 11:30:57] Micky Holdny da moded xe rims 1080
[2016/4/11 - 11:48:44] Kevin Tien da moded xe rims 1080
[2016/4/11 - 12:08:33] Nam Nguyens da moded xe rims 1080
[2016/4/11 - 12:29:00] Zeats da moded xe rims 1080
[2016/4/11 - 12:32:09] Army Hieuu da moded xe rims 1080
[2016/4/11 - 13:04:51] Army Hanh da moded xe rims 1080
[2016/4/11 - 13:06:09] Army Hanh da moded xe rims 1080
[2016/4/11 - 13:41:59] KuTo KenDy da moded xe rims 1025
[2016/4/11 - 13:42:04] KuTo KenDy da moded xe rims 1080
[2016/4/11 - 13:42:46] KuTo KenDy da moded xe rims 1080
[2016/4/11 - 13:45:20] KuTo KenDy da moded xe rims 1080
[2016/4/11 - 13:48:49] KuTo KenDy da moded xe rims 1080
[2016/4/11 - 13:51:05] KuTo KenDy da moded xe rims 1080
[2016/4/11 - 13:59:38] Frozen Trung da moded xe rims 1080
[2016/4/11 - 14:14:02] Mark Roys da moded xe rims 1080
[2016/4/11 - 14:20:47] Mark Roys da moded xe rims 1080
[2016/4/11 - 16:04:34] Harold Shipman da moded xe rims 1080
[2016/4/11 - 16:04:58] Harold Shipman da moded xe rims 1080
[2016/4/11 - 16:05:49] Duy Manh Tran da moded xe rims 1080
[2016/4/11 - 16:06:11] Harold Shipman da moded xe rims 1080
[2016/4/11 - 16:06:13] KuTo KenDy da moded xe rims 1080
[2016/4/11 - 16:07:01] Harold Shipman da moded xe rims 1080
[2016/4/11 - 16:07:52] Harold Shipman da moded xe rims 1080
[2016/4/11 - 16:08:14] Harold Shipman da moded xe rims 1080
[2016/4/11 - 16:39:36] Takanashi Nhi da moded xe rims 1080
[2016/4/11 - 16:44:00] Kelvin Nguyen da moded xe rims 1080
[2016/4/11 - 16:52:13] Army Ryn da moded xe rims 1080
[2016/4/11 - 16:54:27] Army Ryn da moded xe rims 1080
[2016/4/11 - 16:57:27] Army Ryn da moded xe rims 1080
[2016/4/11 - 16:58:56] Army Ryn da moded xe rims 1080
[2016/4/11 - 17:01:02] Army Rain da moded xe rims 1080
[2016/4/11 - 17:06:17] Army Rain da moded xe rims 1080
[2016/4/11 - 17:11:51] Army Rain da moded xe rims 1080
[2016/4/11 - 17:13:08] Army Rain da moded xe rims 1080
[2016/4/11 - 17:22:20] Fio Ran da moded xe rims 1080
[2016/4/11 - 17:25:45] Fio Ran da moded xe rims 1080
[2016/4/11 - 17:29:16] Fio Ran da moded xe rims 1080
[2016/4/11 - 17:54:42] Kevin Tien da moded xe rims 1080
[2016/4/11 - 18:03:08] Mark Roys da moded xe rims 1080
[2016/4/11 - 18:03:57] Minh.s Buzikk da moded xe rims 1074
[2016/4/11 - 18:05:21] Melody Stone da moded xe rims 1080
[2016/4/11 - 18:06:06] Melody Stone da moded xe rims 1080
[2016/4/11 - 18:06:08] MonKey S Buzikk da moded xe rims 1080
[2016/4/11 - 18:07:02] Quiz S Buzikk da moded xe rims 1080
[2016/4/11 - 18:08:03] Minh.s Buzikk da moded xe rims 1098
[2016/4/11 - 18:09:14] Mark Roys da moded xe rims 1080
[2016/4/11 - 18:35:53] Army Moon da moded xe rims 1080
[2016/4/11 - 18:56:34] Cong Vo da moded xe rims 1078
[2016/4/11 - 18:56:38] Cong Vo da moded xe rims 1080
[2016/4/11 - 18:57:19] Kevin Tien da moded xe rims 1080
[2016/4/11 - 19:00:15] MonKey.S Buzikk da moded xe rims 1080
[2016/4/11 - 19:16:05] MonKey.S Buzikk da moded xe rims 1080
[2016/4/12 - 3:04:07] Mark Roys da moded xe rims 1080
[2016/4/12 - 7:39:06] Hanh S Buzikk da moded xe rims 1080
[2016/4/12 - 7:40:49] Army Moon da moded xe rims 1080
[2016/4/12 - 7:52:31] Army Thai da moded xe rims 1080
[2016/4/12 - 7:57:16] Army Moon da moded xe rims 1080
[2016/4/12 - 8:30:55] Army Moon da moded xe rims 1080
[2016/4/12 - 8:33:08] Army Moon da moded xe rims 1080
[2016/4/12 - 8:33:32] Army Moon da moded xe rims 1080
[2016/4/12 - 8:33:53] Army Moon da moded xe rims 1080
[2016/4/12 - 8:36:38] Army Moon da moded xe rims 1080
[2016/4/12 - 8:37:23] Army Moon da moded xe rims 1080
[2016/4/12 - 8:37:51] Army Moon da moded xe rims 1080
[2016/4/12 - 9:09:31] Karuba Kaito da moded xe rims 1025
[2016/4/12 - 9:22:59] Mark roys da moded xe rims 1080
[2016/4/12 - 9:40:22] Mark roys da moded xe rims 1080
[2016/4/12 - 9:40:44] Mark roys da moded xe rims 1080
[2016/4/12 - 9:41:07] Mark roys da moded xe rims 1080
[2016/4/12 - 10:06:50] MonKey.S Buzikk da moded xe rims 1080
[2016/4/12 - 10:31:39] Micky Holdny da moded xe rims 1080
[2016/4/12 - 11:18:05] Kelvin Nguyen da moded xe rims 1080
[2016/4/12 - 11:18:31] Kelvin Nguyen da moded xe rims 1080
[2016/4/12 - 11:18:56] Kelvin Nguyen da moded xe rims 1080
[2016/4/12 - 11:22:45] Darlen Edwards da moded xe rims 1080
[2016/4/12 - 11:24:27] Darlen Edwards da moded xe rims 1080
[2016/4/12 - 11:26:27] Micky Holdny da moded xe rims 1080
[2016/4/12 - 11:29:24] Micky Holdny da moded xe rims 1080
[2016/4/12 - 11:30:53] Micky Holdny da moded xe rims 1080
[2016/4/12 - 11:31:48] MonKey.S Buzikk da moded xe rims 1080
[2016/4/12 - 11:37:27] Darlen Edwards da moded xe rims 1080
[2016/4/12 - 12:14:02] Thug Bhrem da moded xe rims 1080
[2016/4/12 - 12:23:35] Darlen Edwards da moded xe rims 1080
[2016/4/12 - 12:24:22] Darlen Edwards da moded xe rims 1080
[2016/4/12 - 12:25:27] Darlen Edwards da moded xe rims 1080
[2016/4/12 - 12:26:06] Army Thu Hanh da moded xe rims 1080
[2016/4/12 - 12:31:31] Berdd Jest da moded xe rims 1080
[2016/4/12 - 13:08:42] Army Trong da moded xe rims 1081
[2016/4/12 - 13:09:01] Army Ryn da moded xe rims 1080
[2016/4/12 - 13:12:21] Zeats da moded xe rims 1080
[2016/4/12 - 13:12:30] Berdd Jest da moded xe rims 1080
[2016/4/12 - 13:13:54] Berdd Jest da moded xe rims 1080
[2016/4/12 - 13:17:02] Zeats da moded xe rims 1080
[2016/4/12 - 14:05:03] Bo Nguyen da moded xe rims 1080
[2016/4/12 - 14:05:35] Bo Nguyen da moded xe rims 1080
[2016/4/12 - 16:22:55] Le VanToan da moded xe rims 1080
[2016/4/12 - 16:33:20] Army Rain da moded xe rims 1080
[2016/4/12 - 17:00:07] Takanashi Nhi da moded xe rims 1080
[2016/4/13 - 3:53:15] Nguyen Quoc Tuan da moded xe rims 1080
[2016/4/13 - 8:14:23] KuTo  da moded xe rims 1077
[2016/4/13 - 8:14:34] KuTo  da moded xe rims 1083
[2016/4/13 - 8:15:02] KuTo  da moded xe rims 1074
[2016/4/13 - 8:15:05] KuTo  da moded xe rims 1075
[2016/4/13 - 8:15:08] KuTo  da moded xe rims 1084
[2016/4/13 - 9:02:22] Andy Ted da moded xe rims 1025
[2016/4/13 - 9:02:37] Andy Ted da moded xe rims 1073
[2016/4/13 - 9:02:39] Andy Ted da moded xe rims 1074
[2016/4/13 - 9:02:42] Andy Ted da moded xe rims 1075
[2016/4/13 - 9:02:44] Andy Ted da moded xe rims 1076
[2016/4/13 - 9:02:46] Andy Ted da moded xe rims 1077
[2016/4/13 - 9:02:49] Andy Ted da moded xe rims 1098
[2016/4/13 - 9:02:51] Andy Ted da moded xe rims 1097
[2016/4/13 - 9:02:54] Andy Ted da moded xe rims 1096
[2016/4/13 - 9:02:57] Andy Ted da moded xe rims 1080
[2016/4/13 - 9:15:43] Karuba Kaito da moded xe rims 1080
[2016/4/13 - 9:17:26] Karuba Kaito da moded xe rims 1080
[2016/4/13 - 9:23:20] Karuba Kaito da moded xe rims 1080
[2016/4/13 - 9:26:09] Jimmy S Buzikk da moded xe rims 1080
[2016/4/13 - 9:27:16] Andy Ted da moded xe rims 1080
[2016/4/13 - 11:32:30] Army Rain da moded xe rims 1080
[2016/4/13 - 12:13:39] Takanashi Nhi da moded xe rims 1080
[2016/4/13 - 12:16:28] Takanashi Nhi da moded xe rims 1080
[2016/4/13 - 12:33:35] Army Ran da moded xe rims 1080
[2016/4/13 - 13:53:39] Rober Hubs da moded xe rims 1077
[2016/4/13 - 13:53:45] Rober Hubs da moded xe rims 1078
[2016/4/13 - 14:08:07] Darlen Edwards da moded xe rims 1080
[2016/4/13 - 14:46:10] Chunq Le da moded xe rims 1074
[2016/4/13 - 16:56:32] Jimmy S Buzikk da moded xe rims 1080
[2016/4/14 - 0:05:10] Mark Roys da moded xe rims 1080
[2016/4/14 - 0:05:46] Mark Roys da moded xe rims 1080
[2016/4/14 - 0:06:17] Mark Roys da moded xe rims 1080
[2016/4/14 - 7:05:41] Harold Shipman da moded xe rims 1080
[2016/4/14 - 7:07:52] MonKey S Buzikk da moded xe rims 1080
[2016/4/14 - 7:48:11] Army Hieuu da moded xe rims 1080
[2016/4/14 - 8:14:12] KuTo  da moded xe rims 1085
[2016/4/14 - 8:14:26] KuTo  da moded xe rims 1081
[2016/4/14 - 8:16:44] KuTo  da moded xe rims 1077
[2016/4/14 - 8:16:53] KuTo  da moded xe rims 1080
[2016/4/14 - 9:14:25] Chunq Le da moded xe rims 1078
[2016/4/14 - 9:32:34] Rober Hubs da moded xe rims 1080
[2016/4/14 - 10:16:58] Tuan Smith da moded xe rims 1080
[2016/4/14 - 10:24:34] NguyenVan Sang da moded xe rims 1080
[2016/4/14 - 10:24:54] NguyenVan Sang da moded xe rims 1080
[2016/4/14 - 11:05:53] Jack GamBit da moded xe rims 1080
[2016/4/14 - 11:20:36] Armin Guetta da moded xe rims 1081
[2016/4/14 - 11:20:48] Armin Guetta da moded xe rims 1080
[2016/4/14 - 11:25:00] Armin Guetta da moded xe rims 1081
[2016/4/14 - 11:25:04] Armin Guetta da moded xe rims 1080
[2016/4/14 - 11:26:34] Armin Guetta da moded xe rims 1080
[2016/4/14 - 11:31:34] Armin Guetta da moded xe rims 1080
[2016/4/14 - 11:35:20] Army GoSu da moded xe rims 1080
[2016/4/14 - 11:41:49] Max Speed da moded xe rims 1080
[2016/4/14 - 12:01:21] Army Rain da moded xe rims 1080
[2016/4/14 - 12:04:36] Armin Guetta da moded xe rims 1080
[2016/4/14 - 12:11:42] Army Thu Hanh da moded xe rims 1080
[2016/4/14 - 12:47:38] Army Thu Hanh da moded xe rims 1080
[2016/4/14 - 12:59:15] Army Tiesto da moded xe rims 1080
[2016/4/14 - 13:01:22] Army Thu Hanh da moded xe rims 1080
[2016/4/14 - 13:04:57] Army Thu Hanh da moded xe rims 1080
[2016/4/14 - 13:06:15] Ong Trum da moded xe rims 1098
[2016/4/14 - 13:07:01] Ong Trum da moded xe rims 1025
[2016/4/14 - 13:07:10] Jimmy S Buzikk da moded xe rims 1080
[2016/4/14 - 13:13:58] Ong Trum da moded xe rims 1080
[2016/4/14 - 13:15:00] Max Speed da moded xe rims 1080
[2016/4/14 - 13:15:33] Army Tiesto da moded xe rims 1080
[2016/4/14 - 13:15:54] Army Tiesto da moded xe rims 1080
[2016/4/14 - 14:07:14] Army Troll da moded xe rims 1080
[2016/4/14 - 14:13:38] Army Thu Hanh da moded xe rims 1080
[2016/4/14 - 14:34:29] Chi Chuot da moded xe rims 1080
[2016/4/14 - 14:36:59] Army Game da moded xe rims 1080
[2016/4/14 - 14:37:30] Army Game da moded xe rims 1080
[2016/4/14 - 14:38:05] Chi Chuot da moded xe rims 1080
[2016/4/14 - 14:44:20] Chi Chuot da moded xe rims 1080
[2016/4/14 - 14:50:47] Chi Chuot da moded xe rims 1080
[2016/4/14 - 14:59:21] Chi Chuot da moded xe rims 1080
[2016/4/14 - 15:29:20] Army Game da moded xe rims 1080
[2016/4/14 - 17:14:41] Zeats da moded xe rims 1080
[2016/4/14 - 17:20:38] Smith S Buzikk da moded xe rims 1080
[2016/4/14 - 17:22:36] Smith S Buzikk da moded xe rims 1080
[2016/4/14 - 17:41:25] Shin Black da moded xe rims 1080
[2016/4/14 - 17:43:40] Hung Slayer da moded xe rims 1080
[2016/4/14 - 17:43:47] Hung Slayer da moded xe rims 1081
[2016/4/14 - 17:43:53] Kid JackSon da moded xe rims 1025
[2016/4/14 - 17:43:59] Hung Slayer da moded xe rims 1080
[2016/4/14 - 17:48:15] Hung Slayer da moded xe rims 1080
[2016/4/14 - 18:04:07] Army Nickemsy da moded xe rims 1080
[2016/4/14 - 18:44:03] Rain Cheery da moded xe rims 1080
[2016/4/14 - 18:51:04] Lucky Shaw da moded xe rims 1025
[2016/4/14 - 18:53:49] Rain Cheery da moded xe rims 1080
[2016/4/14 - 19:31:08] RanGer Ran da moded xe rims 1080
[2016/4/14 - 20:01:39] Armin Guetta da moded xe rims 1080
[2016/4/14 - 20:02:19] Armin Guetta da moded xe rims 1080
[2016/4/14 - 20:03:00] Armin Guetta da moded xe rims 1080
[2016/4/14 - 20:03:56] Armin Guetta da moded xe rims 1080
[2016/4/14 - 20:04:47] Armin Guetta da moded xe rims 1080
[2016/4/14 - 20:09:38] Darks Night da moded xe rims 1080
[2016/4/14 - 20:11:59] Rain Cheery da moded xe rims 1080
[2016/4/14 - 20:14:11] Mr Huy da moded xe rims 1080
[2016/4/14 - 20:24:01] Su Xi da moded xe rims 1080
[2016/4/14 - 20:30:56] TiVii GamBit da moded xe rims 1080
[2016/4/14 - 20:31:31] My Quyenn da moded xe rims 1080
[2016/4/14 - 20:33:15] My Quyenn da moded xe rims 1080
[2016/4/14 - 20:39:16] My Quyenn da moded xe rims 1080
[2016/4/14 - 20:40:50] My Quyenn da moded xe rims 1080
[2016/4/14 - 20:42:02] My Quyenn da moded xe rims 1080
[2016/4/14 - 20:46:14] My Quyenn da moded xe rims 1080
[2016/4/14 - 21:56:26] Army Ryn da moded xe rims 1080
[2016/4/14 - 22:08:07] Vladimir Smith da moded xe rims 1080
[2016/4/14 - 22:08:32] Army Ty da moded xe rims 1080
[2016/4/14 - 22:09:44] Vladimir Smith da moded xe rims 1080
[2016/4/14 - 22:43:45] Army Tiesto da moded xe rims 1080
[2016/4/14 - 22:52:49] Vladimir Sky da moded xe rims 1080
[2016/4/14 - 23:09:36] Darks Night da moded xe rims 1080
[2016/4/14 - 23:32:59] Mich Staff da moded xe rims 1080
[2016/4/14 - 23:51:59] Mich Staff da moded xe rims 1080
[2016/4/15 - 7:29:02] Mr Jokers  da moded xe rims 1080
[2016/4/15 - 7:36:39] Ong Trum da moded xe rims 1080
[2016/4/15 - 7:36:58] Ong Trum da moded xe rims 1080
[2016/4/15 - 7:37:41] beo hardy da moded xe rims 1080
[2016/4/15 - 7:56:42] Ong Trum da moded xe rims 1080
[2016/4/15 - 8:52:59] Armin Guetta da moded xe rims 1080
[2016/4/15 - 9:38:40] Si Canabis da moded xe rims 1080
[2016/4/15 - 10:16:21] Micky Holdny da moded xe rims 1080
[2016/4/15 - 11:06:55] Ryan da moded xe rims 1025
[2016/4/15 - 11:07:01] Ryan da moded xe rims 1073
[2016/4/15 - 11:21:30] Shin Black da moded xe rims 1080
[2016/4/15 - 11:25:46] Shin Black da moded xe rims 1080
[2016/4/15 - 12:09:05] Shin Black da moded xe rims 1080
[2016/4/15 - 12:14:25] Shin Black da moded xe rims 1080
[2016/4/15 - 12:20:31] Lip Devil da moded xe rims 1080
[2016/4/15 - 13:08:32] Trung Bejamin da moded xe rims 1080
[2016/4/15 - 13:26:32] Army Thu hanh da moded xe rims 1080
[2016/4/15 - 13:30:34] Harry Jinr da moded xe rims 1080
[2016/4/15 - 15:07:53] Hoai DaiCa da moded xe rims 1080
[2016/4/15 - 15:11:31] John S Buzikk da moded xe rims 1075
[2016/4/15 - 15:11:44] John S Buzikk da moded xe rims 1076
[2016/4/15 - 15:12:07] John S Buzikk da moded xe rims 1080
[2016/4/15 - 15:13:08] John S Buzikk da moded xe rims 1080
[2016/4/15 - 15:13:57] John S Buzikk da moded xe rims 1080
[2016/4/15 - 16:12:05] Dat Bejamin da moded xe rims 1080
[2016/4/15 - 18:43:37] John xSat da moded xe rims 1080
[2016/4/15 - 18:54:27] Army Hieuu da moded xe rims 1080
[2016/4/15 - 19:09:15] Hung Slayer da moded xe rims 1080
[2016/4/15 - 19:09:37] Hung Slayer da moded xe rims 1080
[2016/4/15 - 19:22:43] Alexander Ty da moded xe rims 1080
[2016/4/15 - 21:48:41] TH.Alexander Binley da moded xe rims 1078
[2016/4/15 - 21:48:46] TH.Alexander Binley da moded xe rims 1080
[2016/4/15 - 21:53:24] Ercy Phantom da moded xe rims 1079
[2016/4/15 - 22:02:16] Alexander Miner da moded xe rims 1080
[2016/4/15 - 22:03:47] Alexander Miner da moded xe rims 1080
[2016/4/15 - 22:04:37] Alexander Miner da moded xe rims 1080
[2016/4/15 - 22:06:39] Alexander Miner da moded xe rims 1080
[2016/4/15 - 22:09:30] Alexander Miner da moded xe rims 1080
[2016/4/15 - 22:33:45] Alexander Miner da moded xe rims 1080
[2016/4/15 - 22:35:13] Alexander Miner da moded xe rims 1080
[2016/4/15 - 22:36:04] Alexander Chivas da moded xe rims 1080
[2016/4/16 - 9:01:54] beo hardy da moded xe rims 1080
[2016/4/16 - 9:17:53] Phong da moded xe rims 1080
[2016/4/16 - 9:18:39] Phong da moded xe rims 1080
[2016/4/16 - 9:19:11] Phong da moded xe rims 1080
[2016/4/16 - 9:19:27] Phong da moded xe rims 1080
[2016/4/16 - 9:42:56] Phong da moded xe rims 1080
[2016/4/16 - 9:49:11] Army Ryn da moded xe rims 1080
[2016/4/16 - 10:32:29] Kelvin Nguyen da moded xe rims 1080
[2016/4/16 - 10:52:05] Kelvin Nguyen da moded xe rims 1080
[2016/4/16 - 10:57:51] Kelvin Nguyen da moded xe rims 1080
[2016/4/16 - 10:58:48] Trung Bejamin da moded xe rims 1080
[2016/4/16 - 11:01:39] Joker Jackson da moded xe rims 1080
[2016/4/16 - 11:02:11] Trung Bejamin da moded xe rims 1080
[2016/4/16 - 11:02:22] Joker Jackson da moded xe rims 1080
[2016/4/16 - 11:04:42] Blue Ken Geramay da moded xe rims 1080
[2016/4/16 - 11:22:06] Gia Bao da moded xe rims 1081
[2016/4/16 - 11:22:11] Britani Michelle da moded xe rims 1080
[2016/4/16 - 11:22:23] Gia Bao da moded xe rims 1025
[2016/4/16 - 11:22:26] Gia Bao da moded xe rims 1073
[2016/4/16 - 11:22:32] Gia Bao da moded xe rims 1080
[2016/4/16 - 11:23:15] Britani Michelle da moded xe rims 1080
[2016/4/16 - 11:24:29] Gia Bao da moded xe rims 1080
[2016/4/16 - 11:25:44] Gia Bao da moded xe rims 1080
[2016/4/16 - 11:25:52] Britani Michelle da moded xe rims 1080
[2016/4/16 - 11:27:28] Britani Michelle da moded xe rims 1080
[2016/4/16 - 11:38:52] Alexander Ty da moded xe rims 1080
[2016/4/16 - 12:18:27] Chunq Le da moded xe rims 1025
[2016/4/16 - 12:18:36] Chunq Le da moded xe rims 1074
[2016/4/16 - 12:31:36] Alexander Miner da moded xe rims 1077
[2016/4/16 - 12:31:39] Alexander Miner da moded xe rims 1081
[2016/4/16 - 12:31:44] Alexander Miner da moded xe rims 1080
[2016/4/16 - 13:06:20] Darks Night da moded xe rims 1080
[2016/4/16 - 14:05:56] Giang Luong da moded xe rims 1080
[2016/4/16 - 14:25:17] Giang Luong da moded xe rims 1080
[2016/4/16 - 14:31:01] Giang Luong da moded xe rims 1080
[2016/4/16 - 14:33:17] Giang Luong da moded xe rims 1080
[2016/4/16 - 15:36:10] TH.Alexander Binley da moded xe rims 1080
[2016/4/16 - 15:40:35] Alexander Chivas da moded xe rims 1080
[2016/4/16 - 15:45:25] Alexander Khoa da moded xe rims 1080
[2016/4/16 - 16:13:49] Alexander Ty da moded xe rims 1080
[2016/4/16 - 17:42:35] Frank Another da moded xe rims 1080
[2016/4/16 - 17:42:51] Frank Another da moded xe rims 1080
[2016/4/16 - 17:43:14] Frank Another da moded xe rims 1080
[2016/4/16 - 18:04:13] Mich Staff da moded xe rims 1080
[2016/4/16 - 18:23:29] Huy Deaht da moded xe rims 1080
[2016/4/16 - 18:27:59] Alexander Ty da moded xe rims 1080
[2016/4/16 - 18:28:59] Alexander Ty da moded xe rims 1080
[2016/4/16 - 18:29:47] Alexander Ty da moded xe rims 1080
[2016/4/16 - 19:13:12] Zed Xiles da moded xe rims 1080
[2016/4/16 - 19:22:33] Army Ryn da moded xe rims 1080
[2016/4/16 - 19:43:23] Shizuka Forever da moded xe rims 1080
[2016/4/16 - 20:02:15] Shizuka Forever da moded xe rims 1080
[2016/4/16 - 20:11:24] Puerto Rico da moded xe rims 1080
[2016/4/16 - 20:29:34] Alexander Chivas da moded xe rims 1080
[2016/4/16 - 21:08:08] Army Jackson da moded xe rims 1080
[2016/4/16 - 21:10:12] Nguyen Thanh Binh da moded xe rims 1080
[2016/4/16 - 21:38:44] Boy hardy da moded xe rims 1078
[2016/4/16 - 21:38:55] Boy hardy da moded xe rims 1080
[2016/4/16 - 21:39:23] Boy hardy da moded xe rims 1080
[2016/4/16 - 21:43:57] Alexander Khoa da moded xe rims 1080
[2016/4/16 - 22:28:22] Si Canabis da moded xe rims 1080
[2016/4/16 - 22:56:14] Kaito Kids da moded xe rims 1080
[2016/4/16 - 22:57:58] Kaito Kids da moded xe rims 1080
[2016/4/16 - 23:26:41] Mafia Phat da moded xe rims 1078
[2016/4/16 - 23:28:12] Mark Roys da moded xe rims 1080
[2016/4/16 - 23:36:00] Si Canabis da moded xe rims 1080
[2016/4/17 - 6:35:04] MXking Quan da moded xe rims 1079
[2016/4/17 - 6:35:10] MXking Quan da moded xe rims 1079
[2016/4/17 - 6:35:19] MXking Quan da moded xe rims 1080
[2016/4/17 - 7:08:40] Army Moon da moded xe rims 1080
[2016/4/17 - 7:33:04] Gia Bao da moded xe rims 1078
[2016/4/17 - 7:33:20] Gia Bao da moded xe rims 1080
[2016/4/17 - 7:53:47] Leas SyRaSha da moded xe rims 1080
[2016/4/17 - 8:00:04] Nam Bejamin da moded xe rims 1080
[2016/4/17 - 8:01:40] Takanashi Nhi da moded xe rims 1080
[2016/4/17 - 8:35:51] Alexander Khoa da moded xe rims 1080
[2016/4/17 - 8:44:03] Kyle Nguyen da moded xe rims 1080
[2016/4/17 - 8:46:12] Quiz S Buzikk da moded xe rims 1078
[2016/4/17 - 8:46:20] Quiz S Buzikk da moded xe rims 1079
[2016/4/17 - 8:46:24] Quiz S Buzikk da moded xe rims 1080
[2016/4/17 - 8:49:22] Thomas.Edison Edwars da moded xe rims 1098
[2016/4/17 - 8:53:04] Blue Bejamin da moded xe rims 1080
[2016/4/17 - 9:24:11] Quan Jason da moded xe rims 1080
[2016/4/17 - 9:29:38] Van kiet da moded xe rims 1080
[2016/4/17 - 9:33:45] Van kiet da moded xe rims 1080
[2016/4/17 - 9:37:21] Mr Jokers  da moded xe rims 1078
[2016/4/17 - 9:37:25] Mr Jokers  da moded xe rims 1080
[2016/4/17 - 9:58:01] Kaito Kids da moded xe rims 1080
[2016/4/17 - 10:00:55] Kaito Kids da moded xe rims 1080
[2016/4/17 - 10:03:57] Kaito Kids da moded xe rims 1080
[2016/4/17 - 10:21:41] Kaito Kids da moded xe rims 1080
[2016/4/17 - 10:28:43] Dao Tran da moded xe rims 1080
[2016/4/17 - 10:40:57] Alexander Ty da moded xe rims 1080
[2016/4/17 - 11:09:03] TH.Alexander Binley da moded xe rims 1080
[2016/4/17 - 11:09:14] army max da moded xe rims 1080
[2016/4/17 - 11:09:36] TH.Alexander Binley da moded xe rims 1080
[2016/4/17 - 11:10:14] TH.Alexander Binley da moded xe rims 1080
[2016/4/17 - 11:11:25] TH.Alexander Binley da moded xe rims 1080
[2016/4/17 - 11:12:10] TH.Alexander Binley da moded xe rims 1080
[2016/4/17 - 11:27:31] Alexander Ty da moded xe rims 1080
[2016/4/17 - 11:29:38] Gia Bao da moded xe rims 1081
[2016/4/17 - 11:29:49] Gia Bao da moded xe rims 1078
[2016/4/17 - 11:29:54] Gia Bao da moded xe rims 1080
[2016/4/17 - 11:30:19] Alexander Ty da moded xe rims 1080
[2016/4/17 - 11:30:19] TH.Alexander Binley da moded xe rims 1080
[2016/4/17 - 11:30:52] TH.Alexander Binley da moded xe rims 1080
[2016/4/17 - 11:32:41] Alexander Gregory da moded xe rims 1080
[2016/4/17 - 11:34:54] Alexander Gregory da moded xe rims 1080
[2016/4/17 - 11:35:22] Kyle Nguyen da moded xe rims 1080
[2016/4/17 - 11:58:03] Alexander Khoa da moded xe rims 1080
[2016/4/17 - 12:32:41] Kaito Kids da moded xe rims 1080
[2016/4/17 - 12:32:56] Alexander Khoa da moded xe rims 1080
[2016/4/17 - 12:41:08] Kaito Kids da moded xe rims 1080
[2016/4/17 - 12:49:38] Kaito Kids da moded xe rims 1080
[2016/4/17 - 13:14:40] Army Max da moded xe rims 1080
[2016/4/17 - 13:20:47] Alexander Miner da moded xe rims 1080
[2016/4/17 - 13:52:10] Army Ryn da moded xe rims 1080
[2016/4/17 - 14:31:45] Kelvin Nguyens da moded xe rims 1080
[2016/4/17 - 14:45:11] Dark Johnson da moded xe rims 1080
[2016/4/17 - 14:45:36] Dark Johnson da moded xe rims 1080
[2016/4/17 - 15:00:01] Quan Jason da moded xe rims 1080
[2016/4/17 - 15:12:35] Quan Jason da moded xe rims 1080
[2016/4/17 - 15:15:28] Yakuza Nam da moded xe rims 1080
[2016/4/17 - 15:16:08] Yakuza Nam da moded xe rims 1080
[2016/4/17 - 15:16:40] Yakuza Nam da moded xe rims 1080
[2016/4/17 - 15:17:42] Yakuza Nam da moded xe rims 1080
[2016/4/17 - 15:32:59] Jhon Smit da moded xe rims 1080
[2016/4/17 - 15:45:55] Su SoaiMui da moded xe rims 1080
[2016/4/17 - 16:05:11] Quan Jason da moded xe rims 1080
[2016/4/17 - 16:23:25] Quan Jason da moded xe rims 1080
[2016/4/17 - 16:36:20] Mike Tyson da moded xe rims 1080
[2016/4/17 - 16:47:56] Trang Smith da moded xe rims 1078
[2016/4/17 - 16:48:10] Trang Smith da moded xe rims 1080
[2016/4/17 - 16:48:25] Trang Smith da moded xe rims 1080
[2016/4/17 - 16:58:33] Blue Bejamin da moded xe rims 1080
[2016/4/17 - 18:10:56] Ken Ander da moded xe rims 1080
[2016/4/17 - 18:13:16] Ken Ander da moded xe rims 1080
[2016/4/17 - 18:23:58] Quan Jason da moded xe rims 1080
[2016/4/17 - 18:25:03] Ken Ander da moded xe rims 1080
[2016/4/17 - 18:34:50] Donimic Andrew da moded xe rims 1080
[2016/4/17 - 18:38:07] Donimic Andrew da moded xe rims 1080
[2016/4/17 - 18:47:05] Alexander Phi da moded xe rims 1080
[2016/4/17 - 19:02:24] Vladimir Sky da moded xe rims 1080
[2016/4/17 - 19:35:18] Ngo Duy Quan da moded xe rims 1080
[2016/4/17 - 19:44:42] Bao Bejamin da moded xe rims 1074
[2016/4/17 - 19:52:12] MXking Han da moded xe rims 1074
[2016/4/17 - 20:03:05] Frank Another da moded xe rims 1080
[2016/4/17 - 20:04:36] Kyle Nguyen da moded xe rims 1080
[2016/4/17 - 20:07:28] Ngo Duy Quan da moded xe rims 1080
[2016/4/17 - 20:14:03] Ngo Duy Quan da moded xe rims 1080
[2016/4/17 - 20:15:35] Ngo Duy Quan da moded xe rims 1080
[2016/4/17 - 20:22:38] Army Moon da moded xe rims 1080
[2016/4/17 - 20:28:56] Ngo Duy Quan da moded xe rims 1080
[2016/4/17 - 20:33:17] Ngo Duy Quan da moded xe rims 1080
[2016/4/17 - 20:34:17] Alexander Chivas da moded xe rims 1080
[2016/4/17 - 20:41:34] Ngo Duy Quan da moded xe rims 1080
[2016/4/17 - 20:47:36] Ngo Duy Quan da moded xe rims 1080
[2016/4/17 - 20:51:35] Alexander Peter da moded xe rims 1079
[2016/4/17 - 21:15:32] John xSat da moded xe rims 1080
[2016/4/17 - 21:17:06] John xSat da moded xe rims 1080
[2016/4/17 - 21:18:21] John xSat da moded xe rims 1080
[2016/4/17 - 21:19:04] John xSat da moded xe rims 1080
[2016/4/17 - 21:20:12] John xSat da moded xe rims 1080
[2016/4/17 - 21:26:06] Ngo Duy Phuc da moded xe rims 1080
[2016/4/17 - 21:47:35] Blue Ken Gambit da moded xe rims 1080
[2016/4/17 - 22:52:32] Donimic Andrew da moded xe rims 1080
[2016/4/17 - 23:19:17] Blue Ken Gambit da moded xe rims 1080
[2016/4/17 - 23:19:54] Donimic Andrew da moded xe rims 1080
[2016/4/17 - 23:20:54] Shizuka Forever da moded xe rims 1080
[2016/4/17 - 23:29:59] Donimic Andrew da moded xe rims 1080
[2016/4/17 - 23:41:17] Nick Cover da moded xe rims 1080
[2016/4/18 - 7:20:52] John xSat da moded xe rims 1080
[2016/4/18 - 7:24:58] John xSat da moded xe rims 1080
[2016/4/18 - 7:43:33] Bao Bejamin da moded xe rims 1080
[2016/4/18 - 7:56:58] John xSat da moded xe rims 1080
[2016/4/18 - 9:11:13] Ngo Duy Quan da moded xe rims 1080
[2016/4/18 - 9:18:27] John xSat da moded xe rims 1080
[2016/4/18 - 9:32:22] Frank Another da moded xe rims 1080
[2016/4/18 - 9:54:05] Timofei Bashkirov da moded xe rims 1081
[2016/4/18 - 10:30:15] Alexander Shin da moded xe rims 1080
[2016/4/18 - 10:45:48] Alexander Gregory da moded xe rims 1080
[2016/4/18 - 10:53:14] Alexander Phi da moded xe rims 1074
[2016/4/18 - 10:53:36] Alexander Phi da moded xe rims 1081
[2016/4/18 - 10:55:24] Alexander Ty da moded xe rims 1080
[2016/4/18 - 11:03:09] Donimic Andrew da moded xe rims 1080
[2016/4/18 - 11:03:44] Donimic Andrew da moded xe rims 1080
[2016/4/18 - 11:04:26] Donimic Andrew da moded xe rims 1080
[2016/4/18 - 11:12:45] KuTo KenDy da moded xe rims 1080
[2016/4/18 - 11:24:55] Nick Cover da moded xe rims 1080
[2016/4/18 - 12:56:32] Small Assassin da moded xe rims 1080
[2016/4/18 - 13:13:49] Ngo Duy Quan da moded xe rims 1080
[2016/4/18 - 15:11:15] Alexander Chivas da moded xe rims 1080
[2016/4/18 - 15:41:17] Duy Viet da moded xe rims 1025
[2016/4/18 - 15:41:23] Duy Viet da moded xe rims 1083
[2016/4/18 - 15:41:27] Duy Viet da moded xe rims 1081
[2016/4/18 - 15:41:34] Duy Viet da moded xe rims 1085
[2016/4/18 - 15:42:17] Duy Viet da moded xe rims 1084
[2016/4/18 - 15:42:21] Duy Viet da moded xe rims 1096
[2016/4/18 - 15:42:24] Duy Viet da moded xe rims 1073
[2016/4/18 - 15:42:30] Duy Viet da moded xe rims 1077
[2016/4/18 - 15:42:43] Duy Viet da moded xe rims 1097
[2016/4/18 - 15:43:52] Nam Nguyen da moded xe rims 1080
[2016/4/18 - 15:44:04] Duy Viet da moded xe rims 1075
[2016/4/18 - 15:44:07] Duy Viet da moded xe rims 1076
[2016/4/18 - 15:44:09] Duy Viet da moded xe rims 1077
[2016/4/18 - 15:44:12] Duy Viet da moded xe rims 1079
[2016/4/18 - 18:51:19] Alexander Pey da moded xe rims 1080
[2016/4/18 - 19:12:03] Nam Nguyen da moded xe rims 1080
[2016/4/18 - 19:21:02] Nam Nguyen da moded xe rims 1080
[2016/4/18 - 19:31:40] Nam Nguyen da moded xe rims 1080
[2016/4/18 - 19:34:22] Gia Bao da moded xe rims 1080
[2016/4/18 - 19:34:36] Van kiet da moded xe rims 1080
[2016/4/18 - 20:00:35] Gia Bao da moded xe rims 1080
[2016/4/18 - 20:44:29] Kaito Kids da moded xe rims 1080
[2016/4/18 - 20:46:03] Walking Barrio da moded xe rims 1080
[2016/4/18 - 21:47:34] Walking Barrio da moded xe rims 1080
[2016/4/18 - 22:07:41] Frozen Kenz da moded xe rims 1080
[2016/4/18 - 23:18:45] Shizuka Forever da moded xe rims 1080
[2016/4/19 - 0:04:37] Nick Cover da moded xe rims 1080
[2016/4/19 - 7:44:42] RicarDo Dungg da moded xe rims 1080
[2016/4/19 - 10:45:39] G Dragon da moded xe rims 1025
[2016/4/19 - 10:45:43] G Dragon da moded xe rims 1098
[2016/4/19 - 10:48:44] Nick Edwards da moded xe rims 1073
[2016/4/19 - 10:49:38] Nick Edwards da moded xe rims 1073
[2016/4/19 - 10:51:36] Nick Edwards da moded xe rims 1074
[2016/4/19 - 10:54:20] LTT Dung da moded xe rims 1080
[2016/4/19 - 10:58:55] MrNhan Staff da moded xe rims 1080
[2016/4/19 - 11:00:20] MrNhan Staff da moded xe rims 1080
[2016/4/19 - 11:21:24] JAckson jocker da moded xe rims 1080
[2016/4/19 - 11:32:57] Le VanToan da moded xe rims 1080
[2016/4/19 - 12:31:17] Tien Dat da moded xe rims 1080
[2016/4/19 - 12:34:50] John xSat da moded xe rims 1080
[2016/4/19 - 12:37:26] Lucas Watterson da moded xe rims 1080
[2016/4/19 - 12:37:37] Alexander Chivas da moded xe rims 1080
[2016/4/19 - 12:41:35] Tien Dat da moded xe rims 1080
[2016/4/19 - 13:13:48] Le VanToan da moded xe rims 1080
[2016/4/19 - 13:24:41] Nick Edwards da moded xe rims 1073
[2016/4/19 - 14:18:57] OngTrum Seven da moded xe rims 1080
[2016/4/19 - 15:04:01] Tamao  da moded xe rims 1080
[2016/4/19 - 15:05:31] Jerry Erwin da moded xe rims 1080
[2016/4/19 - 15:07:09] Alexander Chivas da moded xe rims 1080
[2016/4/19 - 15:32:59] Show Small da moded xe rims 1080
[2016/4/19 - 16:21:32] Delta Smith da moded xe rims 1080
[2016/4/19 - 16:41:46] Tamao  da moded xe rims 1080
[2016/4/19 - 16:48:11] Tamao  da moded xe rims 1080
[2016/4/19 - 17:37:54] Johnson Grover da moded xe rims 1080
[2016/4/19 - 17:40:08] Johnson Grover da moded xe rims 1080
[2016/4/19 - 18:07:15] Blue Bejamin da moded xe rims 1080
[2016/4/19 - 18:41:58] Dinh Bejamin da moded xe rims 1074
[2016/4/19 - 19:12:22] Rorlin Warriors da moded xe rims 1080
[2016/4/19 - 19:27:37] Rorlin Warriors da moded xe rims 1080
[2016/4/19 - 19:35:01] Ngo Duy Quan da moded xe rims 1080
[2016/4/19 - 19:36:45] Rorlin Warriors da moded xe rims 1080
[2016/4/19 - 20:37:41] John Rain da moded xe rims 1080
[2016/4/19 - 20:39:40] John Rain da moded xe rims 1080
[2016/4/19 - 20:53:31] Delta Smith da moded xe rims 1080
[2016/4/19 - 21:18:43] Jokers Jackson da moded xe rims 1080
[2016/4/20 - 8:37:59] Show Ryn da moded xe rims 1080
[2016/4/20 - 8:40:37] Johnson Grover da moded xe rims 1080
[2016/4/20 - 10:15:06] tron smoke da moded xe rims 1075
[2016/4/20 - 10:45:00] Dinh Bejamin da moded xe rims 1098
[2016/4/20 - 11:07:12] Johnson Grover da moded xe rims 1080
[2016/4/20 - 12:00:10] John xSat da moded xe rims 1080
[2016/4/20 - 12:50:01] Robert Hood da moded xe rims 1080
[2016/4/20 - 13:24:49] Vladimir Sky da moded xe rims 1080
[2016/4/20 - 17:36:40] Tomm S Buzikk da moded xe rims 1080
[2016/4/20 - 17:37:54] Blue Bejamin da moded xe rims 1080
[2016/4/20 - 17:53:05] Blue Bejamin da moded xe rims 1080
[2016/4/20 - 17:54:22] Alexander Phi da moded xe rims 1080
[2016/4/20 - 19:21:03] Hardcore Henry da moded xe rims 1080
[2016/4/20 - 19:25:02] Hardcore Henry da moded xe rims 1080
[2016/4/20 - 19:25:07] Miner Vietnam da moded xe rims 1080
[2016/4/20 - 19:30:27] Hardcore Henry da moded xe rims 1080
[2016/4/20 - 20:13:52] Jackson Jocker da moded xe rims 1080
[2016/4/20 - 20:24:56] Mr Tee da moded xe rims 1080
[2016/4/20 - 20:36:09] Robert Hood da moded xe rims 1080
[2016/4/20 - 20:37:49] Jokers Jackson da moded xe rims 1080
[2016/4/20 - 21:36:09] Jackson Mechanic da moded xe rims 1080
[2016/4/20 - 21:50:11] JR Iron Man da moded xe rims 1025
[2016/4/20 - 21:53:04] JR Iron Man da moded xe rims 1078
[2016/4/20 - 21:54:53] JR Iron Man da moded xe rims 1080
[2016/4/20 - 22:01:18] JR Iron Man da moded xe rims 1080
[2016/4/20 - 22:05:25] JR Iron Man da moded xe rims 1080
[2016/4/20 - 22:07:10] Nsut VanThai da moded xe rims 1080
[2016/4/21 - 0:09:51] Mark Roys da moded xe rims 1080
[2016/4/21 - 0:45:54] Mark Roys da moded xe rims 1080
[2016/4/21 - 9:16:57] Joon ThuyNy da moded xe rims 1080
[2016/4/21 - 9:41:20] Tran Anh Tuan da moded xe rims 1078
[2016/4/21 - 9:42:39] Nobita Minh da moded xe rims 1080
[2016/4/21 - 9:54:38] Blue Bejamin da moded xe rims 1080
[2016/4/21 - 9:58:24] Mini Staff da moded xe rims 1079
[2016/4/21 - 10:09:52] ShiSha Nam da moded xe rims 1080
[2016/4/21 - 11:08:46] Mr Jokers  da moded xe rims 1080
[2016/4/21 - 13:14:19] Lee Min Ho da moded xe rims 1075
[2016/4/21 - 13:51:20] Fan Sky da moded xe rims 1080
[2016/4/21 - 14:59:21] tron smoke da moded xe rims 1080
[2016/4/21 - 16:16:51] Mr Jokers  da moded xe rims 1080
[2016/4/21 - 20:10:40] James Anthonys da moded xe rims 1080
[2016/4/22 - 7:15:27] Mr Jokers  da moded xe rims 1078
[2016/4/22 - 7:15:30] Mr Jokers  da moded xe rims 1080
[2016/4/22 - 7:25:33] Mr Jokers  da moded xe rims 1080
[2016/4/22 - 7:33:04] Mr Jokers  da moded xe rims 1080
[2016/4/22 - 8:03:58] David Thang da moded xe rims 1080
[2016/4/22 - 8:18:16] Si Canabis da moded xe rims 1080
[2016/4/22 - 9:19:05] Kelvin Nguyens da moded xe rims 1080
[2016/4/22 - 9:55:37] Kelvin Nguyens da moded xe rims 1080
[2016/4/22 - 10:05:28] Ni Slayer da moded xe rims 1080
[2016/4/22 - 10:06:01] Ni Slayer da moded xe rims 1080
[2016/4/22 - 10:06:22] Ni Slayer da moded xe rims 1080
[2016/4/22 - 10:13:50] Ni Slayer da moded xe rims 1080
[2016/4/22 - 11:06:53] Kien Yakuza da moded xe rims 1080
[2016/4/22 - 11:07:22] Yakuza Dinh da moded xe rims 1080
[2016/4/22 - 12:01:16] Dr Kuns da moded xe rims 1080
[2016/4/22 - 13:35:57] Hoa Loc da moded xe rims 1080
[2016/4/22 - 14:08:28] Valerie Andrea da moded xe rims 1080
[2016/4/22 - 17:32:01] Darks Night da moded xe rims 1080
[2016/4/22 - 17:32:33] Darks Night da moded xe rims 1080
[2016/4/22 - 17:32:54] Max Speed da moded xe rims 1080
[2016/4/22 - 17:33:03] Darks Night da moded xe rims 1080
[2016/4/22 - 17:39:08] Yakuza Dinh da moded xe rims 1080
[2016/4/22 - 17:39:46] Yakuza Dinh da moded xe rims 1080
[2016/4/22 - 17:40:05] Yakuza Dinh da moded xe rims 1080
[2016/4/22 - 17:40:34] Yakuza Dinh da moded xe rims 1080
[2016/4/22 - 17:40:55] Yakuza Dinh da moded xe rims 1080
[2016/4/22 - 17:41:18] Yakuza Dinh da moded xe rims 1080
[2016/4/22 - 17:42:45] Yakuza Dinh da moded xe rims 1080
[2016/4/22 - 17:43:57] Yakuza Dinh da moded xe rims 1080
[2016/4/22 - 17:44:26] Yakuza Dinh da moded xe rims 1080
[2016/4/22 - 17:44:57] Yakuza Dinh da moded xe rims 1080
[2016/4/22 - 17:45:13] Yakuza Dinh da moded xe rims 1080
[2016/4/22 - 17:45:27] Yakuza Dinh da moded xe rims 1080
[2016/4/22 - 17:45:58] Yakuza Dinh da moded xe rims 1080
[2016/4/22 - 17:46:31] Yakuza Dinh da moded xe rims 1080
[2016/4/22 - 17:46:48] Yakuza Dinh da moded xe rims 1080
[2016/4/22 - 17:46:57] Alexander Phi da moded xe rims 1080
[2016/4/22 - 17:51:00] New Stars da moded xe rims 1074
[2016/4/22 - 17:51:41] Yakuza Dinh da moded xe rims 1080
[2016/4/22 - 17:51:53] Yakuza Dinh da moded xe rims 1080
[2016/4/22 - 18:04:27] Huyy Touliver da moded xe rims 1080
[2016/4/22 - 18:07:23] Huyy Touliver da moded xe rims 1080
[2016/4/22 - 18:23:07] Harrison Staff da moded xe rims 1080
[2016/4/22 - 18:35:39] James Anthonys da moded xe rims 1080
[2016/4/22 - 18:42:29] James Anthonys da moded xe rims 1080
[2016/4/22 - 19:18:52] Tommy Univer da moded xe rims 1080
[2016/4/22 - 19:19:10] Tommy Univer da moded xe rims 1080
[2016/4/22 - 19:20:25] Marcus Henro da moded xe rims 1080
[2016/4/22 - 20:26:51] Mark Roys da moded xe rims 1080
[2016/4/22 - 22:15:57] Pat Maddox da moded xe rims 1080
[2016/4/22 - 22:25:38] Pat Maddox da moded xe rims 1080
[2016/4/22 - 22:28:56] Jokers Jackson da moded xe rims 1080
[2016/4/22 - 22:46:34] Darks Night da moded xe rims 1080
[2016/4/22 - 22:48:02] Darks Night da moded xe rims 1080
[2016/4/22 - 22:53:14] Darks Night da moded xe rims 1080
[2016/4/22 - 23:15:34] Mark Roys da moded xe rims 1080
[2016/4/22 - 23:18:19] Darks Night da moded xe rims 1080
[2016/4/23 - 8:22:44] James Anthonys da moded xe rims 1080
[2016/4/23 - 8:26:07] Max Speed da moded xe rims 1080
[2016/4/23 - 8:26:41] James Anthonys da moded xe rims 1080
[2016/4/23 - 8:37:46] Yakuza Dinh da moded xe rims 1080
[2016/4/23 - 8:38:25] Yakuza Dinh da moded xe rims 1080
[2016/4/23 - 8:39:13] Yakuza Dinh da moded xe rims 1080
[2016/4/23 - 8:47:29] JackSon CarBallo da moded xe rims 1080
[2016/4/23 - 8:48:45] JackSon CarBallo da moded xe rims 1080
[2016/4/23 - 9:27:54] Family Gambit da moded xe rims 1080
[2016/4/23 - 10:04:04] Tommy Univer da moded xe rims 1080
[2016/4/23 - 10:08:53] Heal Quis da moded xe rims 1080
[2016/4/23 - 10:09:20] Heal Quis da moded xe rims 1080
[2016/4/23 - 10:10:05] Heal Quis da moded xe rims 1080
[2016/4/23 - 10:36:38] Huu Tai da moded xe rims 1080
[2016/4/23 - 10:41:18] Kelvin Nguyens da moded xe rims 1080
[2016/4/23 - 10:45:47] Kelvin Nguyens da moded xe rims 1080
[2016/4/23 - 10:47:23] Song Joong Ki da moded xe rims 1080
[2016/4/23 - 10:49:11] Danh Staff da moded xe rims 1080
[2016/4/23 - 11:03:29] Darks Night da moded xe rims 1080
[2016/4/23 - 11:03:41] Ratt Baby da moded xe rims 1080
[2016/4/23 - 11:12:17] Song Joong Ki da moded xe rims 1080
[2016/4/23 - 11:14:57] Song Joong Ki da moded xe rims 1080
[2016/4/23 - 11:16:36] Heal Quis da moded xe rims 1083
[2016/4/23 - 12:50:12] Rorlin Warriors da moded xe rims 1080
[2016/4/23 - 12:50:46] Huyy Touliver da moded xe rims 1080
[2016/4/23 - 12:57:36] Huyy Touliver da moded xe rims 1080
[2016/4/23 - 12:59:12] Huu Tai da moded xe rims 1080
[2016/4/23 - 13:00:58] Huyy Touliver da moded xe rims 1080
[2016/4/23 - 13:32:33] Huyy Touliver da moded xe rims 1080
[2016/4/23 - 13:39:58] Huyy Touliver da moded xe rims 1080
[2016/4/23 - 13:40:00] Gao Chymte da moded xe rims 1080
[2016/4/23 - 13:43:00] Social Tysoon da moded xe rims 1080
[2016/4/23 - 13:57:30] Gao Chymte da moded xe rims 1080
[2016/4/23 - 14:00:20] Kelvin Nguyens da moded xe rims 1080
[2016/4/23 - 14:09:54] Huu Tai da moded xe rims 1080
[2016/4/23 - 14:12:57] Austin Taylor da moded xe rims 1080
[2016/4/23 - 14:14:01] Austin Taylor da moded xe rims 1080
[2016/4/23 - 14:16:20] Mr KhanhPhoenix da moded xe rims 1080
[2016/4/23 - 14:20:07] Huan Smith da moded xe rims 1080
[2016/4/23 - 14:21:45] Peter Brigen da moded xe rims 1080
[2016/4/23 - 14:22:07] Show Rain da moded xe rims 1080
[2016/4/23 - 14:22:44] Peter Brigen da moded xe rims 1080
[2016/4/23 - 14:34:50] Valerie Andrea da moded xe rims 1080
[2016/4/23 - 14:51:25] Nick Rainer da moded xe rims 1080
[2016/4/23 - 14:51:48] Family Gambit da moded xe rims 1080
[2016/4/23 - 14:52:55] Nick Rainer da moded xe rims 1080
[2016/4/23 - 15:05:02] Kien Smiles da moded xe rims 1080
[2016/4/23 - 15:06:50] Tom Canisbol da moded xe rims 1096
[2016/4/23 - 15:06:56] Kien Smiles da moded xe rims 1080
[2016/4/23 - 15:07:33] Tom Canisbol da moded xe rims 1096
[2016/4/23 - 15:07:36] Tom Canisbol da moded xe rims 1075
[2016/4/23 - 15:07:57] Kien Smiles da moded xe rims 1080
[2016/4/23 - 15:08:47] Tom Canisbol da moded xe rims 1083
[2016/4/23 - 15:12:17] Tom Canisbol da moded xe rims 1080
[2016/4/23 - 15:14:14] Walking Barrio da moded xe rims 1080
[2016/4/23 - 15:39:32] Jerry Erwin da moded xe rims 1080
[2016/4/23 - 15:45:14] Dia Frampton da moded xe rims 1080
[2016/4/23 - 15:47:24] Kien Smiles da moded xe rims 1080
[2016/4/23 - 15:53:48] NguyenQuoc Dung da moded xe rims 1080
[2016/4/23 - 16:17:01] Dia Frampton da moded xe rims 1080
[2016/4/23 - 16:28:54] Adam Thien da moded xe rims 1080
[2016/4/23 - 17:38:49] Malcolm Graves da moded xe rims 1080
[2016/4/23 - 17:44:03] TiVii GamBit da moded xe rims 1080
[2016/4/23 - 17:47:55] Ni Slayer da moded xe rims 1080
[2016/4/23 - 18:06:05] Rorbet Quyen da moded xe rims 1080
[2016/4/23 - 18:38:58] Alexander Rain da moded xe rims 1078
[2016/4/23 - 18:40:10] Alexander Rain da moded xe rims 1080
[2016/4/23 - 18:41:23] Alexander Rain da moded xe rims 1080
[2016/4/23 - 19:04:35] Darks Night da moded xe rims 1080
[2016/4/23 - 19:12:28] Heslos Meidec da moded xe rims 1080
[2016/4/23 - 23:17:11] Chi Chuot da moded xe rims 1080
[2016/4/23 - 23:19:17] Chi Chuot da moded xe rims 1080
[2016/4/23 - 23:22:41] Chi Chuot da moded xe rims 1080
[2016/4/24 - 0:33:37] Chi Chuot da moded xe rims 1080
[2016/4/24 - 0:40:21] Chi Chuot da moded xe rims 1080
[2016/4/24 - 0:45:39] Chi Chuot da moded xe rims 1080
[2016/4/24 - 0:50:10] Chi Chuot da moded xe rims 1080
[2016/4/24 - 0:54:56] Chi Chuot da moded xe rims 1080
[2016/4/24 - 0:55:54] Chi Chuot da moded xe rims 1080
[2016/4/24 - 0:57:32] Chi Chuot da moded xe rims 1080
[2016/4/24 - 1:03:26] Chi Chuot da moded xe rims 1080
[2016/4/24 - 1:06:15] Chi Chuot da moded xe rims 1080
[2016/4/24 - 1:08:49] Chi Chuot da moded xe rims 1080
[2016/4/24 - 1:10:25] Chi Chuot da moded xe rims 1080
[2016/4/24 - 3:38:18] Club Stone da moded xe rims 1080
[2016/4/24 - 3:38:26] Club Stone da moded xe rims 1081
[2016/4/24 - 3:38:37] Club Stone da moded xe rims 1078
[2016/4/24 - 3:38:44] Club Stone da moded xe rims 1076
[2016/4/24 - 3:38:52] Club Stone da moded xe rims 1080
[2016/4/24 - 7:38:08] Natt Ryder da moded xe rims 1098
[2016/4/24 - 7:38:13] Natt Ryder da moded xe rims 1097
[2016/4/24 - 8:27:55] Alexander Rain da moded xe rims 1080
[2016/4/24 - 9:03:35] Kien Smiles da moded xe rims 1080
[2016/4/24 - 9:11:02] Kien Smiles da moded xe rims 1080
[2016/4/24 - 9:11:55] Kien Smiles da moded xe rims 1080
[2016/4/24 - 9:12:03] Tony Stone da moded xe rims 1080
[2016/4/24 - 9:13:36] Small Kens da moded xe rims 1080
[2016/4/24 - 9:14:45] Gao Bac da moded xe rims 1080
[2016/4/24 - 9:20:11] Kelvin Nguyens da moded xe rims 1080
[2016/4/24 - 9:22:05] Chi Chuot da moded xe rims 1080
[2016/4/24 - 9:22:49] Chi Chuot da moded xe rims 1080
[2016/4/24 - 9:30:04] LiBerTy Kens da moded xe rims 1080
[2016/4/24 - 9:33:47] Kelvin Nguyens da moded xe rims 1080
[2016/4/24 - 9:38:15] Chi Chuot da moded xe rims 1080
[2016/4/24 - 9:46:34] James Anthonys da moded xe rims 1080
[2016/4/24 - 9:54:01] Chi Chuot da moded xe rims 1080
[2016/4/24 - 9:56:26] Takanashi Nhi da moded xe rims 1080
[2016/4/24 - 9:59:33] John Bin da moded xe rims 1078
[2016/4/24 - 10:12:23] New Stars da moded xe rims 1074
[2016/4/24 - 10:16:59] Vias Stone da moded xe rims 1080
[2016/4/24 - 10:20:59] Mr Jokers  da moded xe rims 1080
[2016/4/24 - 10:23:13] Harrison Staff da moded xe rims 1080
[2016/4/24 - 10:24:15] Chi Chuot da moded xe rims 1080
[2016/4/24 - 10:35:16] Gao Bac da moded xe rims 1080
[2016/4/24 - 10:40:25] Kaito Chuot da moded xe rims 1080
[2016/4/24 - 10:53:03] Heal Quis da moded xe rims 1080
[2016/4/24 - 11:55:39] Jackson Mechanic da moded xe rims 1080
[2016/4/24 - 11:59:52] Best Skill da moded xe rims 1085
[2016/4/24 - 12:04:45] Jackson Mechanic da moded xe rims 1080
[2016/4/24 - 12:07:12] Jackson Mechanic da moded xe rims 1080
[2016/4/24 - 12:16:20] Harrison Staff da moded xe rims 1080
[2016/4/24 - 12:17:23] Harrison Staff da moded xe rims 1080
[2016/4/24 - 12:21:54] Nobita sKill da moded xe rims 1080
[2016/4/24 - 12:41:07] Kay Smile da moded xe rims 1073
[2016/4/24 - 12:49:16] Alexander Phi da moded xe rims 1080
[2016/4/24 - 13:11:47] LiBerTy Kens da moded xe rims 1080
[2016/4/24 - 13:14:09] Liberty Dinh da moded xe rims 1080
[2016/4/24 - 13:39:02] Jackson Mechanic da moded xe rims 1080
[2016/4/24 - 13:42:01] Marcus Stone da moded xe rims 1080
[2016/4/24 - 13:51:26] EnDer Ninex da moded xe rims 1080
[2016/4/24 - 14:00:54] Kwon Staff da moded xe rims 1080
[2016/4/24 - 14:31:04] Mr KhanhPhoenix da moded xe rims 1080
[2016/4/24 - 14:42:01] Amon Mafia da moded xe rims 1074
[2016/4/24 - 14:42:53] Amon Mafia da moded xe rims 1080
[2016/4/24 - 14:43:24] Pat Maddox da moded xe rims 1080
[2016/4/24 - 14:49:37] Brian Gremory da moded xe rims 1079
[2016/4/24 - 14:50:16] Pat Maddox da moded xe rims 1079
[2016/4/24 - 14:51:00] Kody Nash da moded xe rims 1080
[2016/4/24 - 14:51:27] Gao Bac da moded xe rims 1083
[2016/4/24 - 14:56:24] Brian Gremory da moded xe rims 1079
[2016/4/24 - 14:59:35] Lome Francisco da moded xe rims 1080
[2016/4/24 - 15:00:14] Brian Gremory da moded xe rims 1080
[2016/4/24 - 15:00:33] Pat Maddox da moded xe rims 1080
[2016/4/24 - 15:00:56] NgNhu Phong da moded xe rims 1079
[2016/4/24 - 15:02:37] Pat Maddox da moded xe rims 1080
[2016/4/24 - 15:05:04] Randy Orton da moded xe rims 1080
[2016/4/24 - 15:09:34] Ni Slayer da moded xe rims 1080
[2016/4/24 - 15:11:07] Randy Orton da moded xe rims 1080
[2016/4/24 - 15:18:11] Randy Orton da moded xe rims 1080
[2016/4/24 - 15:23:48] Heal Quis da moded xe rims 1080
[2016/4/24 - 15:27:44] Dia Frampton da moded xe rims 1080
[2016/4/24 - 15:32:21] Adam Thien da moded xe rims 1080
[2016/4/24 - 15:33:36] Adam Thien da moded xe rims 1080
[2016/4/24 - 15:36:13] Tom Canisbol da moded xe rims 1080
[2016/4/24 - 15:48:28] Pat Maddox da moded xe rims 1080
[2016/4/24 - 16:14:41] Harrison Staff da moded xe rims 1080
[2016/4/24 - 16:15:23] AECC Binh da moded xe rims 1082
[2016/4/24 - 16:42:26] Grover KuTos da moded xe rims 1083
[2016/4/24 - 16:42:29] Grover KuTos da moded xe rims 1075
[2016/4/24 - 16:42:33] Grover KuTos da moded xe rims 1081
[2016/4/24 - 16:42:37] Grover KuTos da moded xe rims 1085
[2016/4/24 - 16:42:46] Grover KuTos da moded xe rims 1081
[2016/4/24 - 17:12:10] Phan Minh.Luan da moded xe rims 1079
[2016/4/24 - 17:12:26] Phan Minh.Luan da moded xe rims 1073
[2016/4/24 - 17:12:32] Phan Minh.Luan da moded xe rims 1080
[2016/4/24 - 17:30:10] Liberty Dinh da moded xe rims 1080
[2016/4/24 - 17:32:05] Liberty Dinh da moded xe rims 1080
[2016/4/24 - 17:33:12] Liberty Dinh da moded xe rims 1080
[2016/4/24 - 17:34:23] Liberty Dinh da moded xe rims 1080
[2016/4/24 - 17:36:49] Liberty Dinh da moded xe rims 1080
[2016/4/24 - 17:37:40] Liberty Dinh da moded xe rims 1080
[2016/4/24 - 17:38:40] Liberty Dinh da moded xe rims 1080
[2016/4/24 - 17:40:37] Liberty Dinh da moded xe rims 1080
[2016/4/24 - 17:42:09] Liberty Dinh da moded xe rims 1080
[2016/4/24 - 17:43:07] Liberty Dinh da moded xe rims 1080
[2016/4/24 - 17:43:45] Liberty Dinh da moded xe rims 1080
[2016/4/24 - 18:09:41] Vias Stone da moded xe rims 1081
[2016/4/24 - 18:47:42] Donimic Andrew da moded xe rims 1080
[2016/4/24 - 18:47:54] Swag Ryan da moded xe rims 1082
[2016/4/24 - 18:48:07] Swag Ryan da moded xe rims 1083
[2016/4/24 - 18:50:33] Swag Ryan da moded xe rims 1082
[2016/4/24 - 18:50:37] Swag Ryan da moded xe rims 1080
[2016/4/24 - 18:51:11] Swag Ryan da moded xe rims 1080
[2016/4/24 - 18:53:17] LiBerTy HuuTai da moded xe rims 1080
[2016/4/24 - 19:18:13] Swag Ryan da moded xe rims 1080
[2016/4/24 - 19:24:21] Nac Binh da moded xe rims 1080
[2016/4/24 - 19:24:47] Nac Binh da moded xe rims 1080
[2016/4/24 - 19:25:04] Nac Binh da moded xe rims 1080
[2016/4/24 - 19:25:44] Nac Binh da moded xe rims 1080
[2016/4/24 - 19:26:37] Nac Binh da moded xe rims 1080
[2016/4/24 - 19:29:42] Nac Binh da moded xe rims 1080
[2016/4/24 - 19:40:48] Nac Binh da moded xe rims 1080
[2016/4/24 - 20:05:23] Nick Cover da moded xe rims 1081
[2016/4/24 - 20:07:21] Show Hary da moded xe rims 1080
[2016/4/24 - 20:45:28] Ratt Baby da moded xe rims 1080
[2016/4/24 - 20:46:37] Ratt Baby da moded xe rims 1080
[2016/4/24 - 20:50:37] Binn Baby da moded xe rims 1080
[2016/4/24 - 20:58:21] Vladimir Smith da moded xe rims 1080
[2016/4/24 - 22:02:38] Pat Maddox da moded xe rims 1079
[2016/4/24 - 22:02:41] Pat Maddox da moded xe rims 1080
[2016/4/24 - 22:04:23] One Staff da moded xe rims 1080
[2016/4/24 - 22:06:34] Pat Maddox da moded xe rims 1079
[2016/4/24 - 22:06:40] Pat Maddox da moded xe rims 1080
[2016/4/24 - 22:20:41] Brian Gremory da moded xe rims 1073
[2016/4/24 - 23:44:30] Darks Night da moded xe rims 1080
[2016/4/24 - 23:46:18] Darks Night da moded xe rims 1080
[2016/4/25 - 7:51:17] Tram Nguyen da moded xe rims 1080
[2016/4/25 - 8:52:59] Kwon Staff da moded xe rims 1080
[2016/4/25 - 8:58:17] Kwon Staff da moded xe rims 1080
[2016/4/25 - 9:05:43] Jackson Mechanic da moded xe rims 1080
[2016/4/25 - 9:52:08] Tram Nguyen da moded xe rims 1080
[2016/4/25 - 9:58:50] Kiet pham da moded xe rims 1080
[2016/4/25 - 10:40:05] Kevin Slayer da moded xe rims 1080
[2016/4/25 - 10:54:57] Heal Quis da moded xe rims 1080
[2016/4/25 - 11:15:30] Quyen Caribbes da moded xe rims 1080
[2016/4/25 - 11:15:55] Quyen Caribbes da moded xe rims 1080
[2016/4/25 - 11:20:44] HBA Staff da moded xe rims 1080
[2016/4/25 - 11:23:44] LiBerTy Kens da moded xe rims 1080
[2016/4/25 - 11:33:14] Pat Maddox da moded xe rims 1080
[2016/4/25 - 11:39:02] Pat Maddox da moded xe rims 1080
[2016/4/25 - 11:39:50] Tien Dat da moded xe rims 1080
[2016/4/25 - 11:46:39] Pat Maddox da moded xe rims 1080
[2016/4/25 - 12:17:28] Gareth Lewandowski da moded xe rims 1080
[2016/4/25 - 12:22:12] Gareth Lewandowski da moded xe rims 1080
[2016/4/25 - 12:24:18] Gareth Lewandowski da moded xe rims 1080
[2016/4/25 - 12:40:30] Randy Orton da moded xe rims 1080
[2016/4/25 - 13:45:41] Amon Mafia da moded xe rims 1080
[2016/4/25 - 14:14:31] Darks Night da moded xe rims 1080
[2016/4/25 - 14:15:22] Darks Night da moded xe rims 1080
[2016/4/25 - 14:15:30] Darks Night da moded xe rims 1080
[2016/4/25 - 14:15:47] Darks Night da moded xe rims 1080
[2016/4/25 - 15:26:36] Dino Tien da moded xe rims 1080
[2016/4/25 - 15:29:37] AECC Binh da moded xe rims 1080
[2016/4/25 - 16:42:06] Tyreed Harwell da moded xe rims 1080
[2016/4/25 - 17:24:19] Edward Harry da moded xe rims 1078
[2016/4/25 - 17:37:02] Kiet pham da moded xe rims 1080
[2016/4/25 - 20:30:22] Rio Bao da moded xe rims 1080
[2016/4/25 - 20:39:44] Pat Maddox da moded xe rims 1080
[2016/4/25 - 21:10:51] Chi Chuot da moded xe rims 1080
[2016/4/25 - 21:38:31] Army Ty da moded xe rims 1080
[2016/4/25 - 21:49:42] Lome Francisco da moded xe rims 1080
[2016/4/25 - 22:12:40] Edward Harry da moded xe rims 1080
[2016/4/25 - 22:22:23] Edward Harry da moded xe rims 1080
[2016/4/25 - 22:28:18] Nguyen Cong Tien da moded xe rims 1080
[2016/4/25 - 22:31:31] Heal Quis da moded xe rims 1080
[2016/4/25 - 22:38:20] Nguyen Cong Tien da moded xe rims 1080
[2016/4/25 - 23:06:21] KaioKen An da moded xe rims 1080
[2016/4/25 - 23:11:21] Nguyen Cong Tien da moded xe rims 1080
[2016/4/25 - 23:14:05] Nguyen Cong Tien da moded xe rims 1080
[2016/4/25 - 23:15:06] Nguyen Cong Tien da moded xe rims 1080
[2016/4/25 - 23:21:09] Nguyen Cong Tien da moded xe rims 1080
[2016/4/26 - 0:00:52] Lome Francisco da moded xe rims 1080
[2016/4/26 - 0:09:08] Nick Cover da moded xe rims 1080
[2016/4/26 - 0:25:06] Marco Reus da moded xe rims 1080
[2016/4/26 - 0:35:59] Chi Chuot da moded xe rims 1080
[2016/4/26 - 0:40:53] Pyn da moded xe rims 1080
[2016/4/26 - 0:44:40] Chi Chuot da moded xe rims 1080
[2016/4/26 - 1:21:34] Derek da moded xe rims 1080
[2016/4/26 - 2:40:44] Chi Chuot da moded xe rims 1080
[2016/4/26 - 8:44:40] Yakuza Blue da moded xe rims 1080
[2016/4/26 - 9:13:08] Hacker NqaoS da moded xe rims 1080
[2016/4/26 - 9:15:42] Brian Gremory da moded xe rims 1083
[2016/4/26 - 9:31:22] Pat Maddox da moded xe rims 1079
[2016/4/26 - 9:40:31] Vladimir mi da moded xe rims 1080
[2016/4/26 - 9:42:38] Vladimir Andrew da moded xe rims 1080
[2016/4/26 - 10:25:16] Yakuza Bakuto da moded xe rims 1080
[2016/4/26 - 10:25:37] Ni Show da moded xe rims 1080
[2016/4/26 - 10:26:11] Ni Show da moded xe rims 1080
[2016/4/26 - 10:26:30] Ni Show da moded xe rims 1080
[2016/4/26 - 10:44:30] Julie Lilly da moded xe rims 1076
[2016/4/26 - 10:44:35] Julie Lilly da moded xe rims 1080
[2016/4/26 - 10:45:35] Natt Lucifer da moded xe rims 1079
[2016/4/26 - 11:00:40] Yakuza Bakuto da moded xe rims 1080
[2016/4/26 - 11:25:36] Jeremy Bew da moded xe rims 1080
[2016/4/26 - 11:35:03] james bao da moded xe rims 1025
[2016/4/26 - 11:54:52] Nicholas Miller da moded xe rims 1080
[2016/4/26 - 11:56:26] Show Pian da moded xe rims 1080
[2016/4/26 - 11:59:38] Jeremy Bew da moded xe rims 1080
[2016/4/26 - 12:33:01] Gia Bao da moded xe rims 1080
[2016/4/26 - 12:41:09] Matthew Award da moded xe rims 1080
[2016/4/26 - 12:42:12] james bao da moded xe rims 1080
[2016/4/26 - 13:52:32] james bao da moded xe rims 1080
[2016/4/26 - 14:00:54] james bao da moded xe rims 1080
[2016/4/26 - 14:08:25] james bao da moded xe rims 1080
[2016/4/26 - 14:12:01] Mike Afay da moded xe rims 1080
[2016/4/26 - 14:40:23] Bi Geldon da moded xe rims 1080
[2016/4/26 - 14:47:06] Bi Geldon da moded xe rims 1080
[2016/4/26 - 15:07:10] SuTy Nguyen da moded xe rims 1080
[2016/4/26 - 15:54:05] Jaki Natsumii da moded xe rims 1080
[2016/4/26 - 17:39:03] Micheal Scofied da moded xe rims 1080
[2016/4/26 - 17:46:18] Micheal Scofied da moded xe rims 1080
[2016/4/26 - 17:46:43] Micheal Scofied da moded xe rims 1080
[2016/4/26 - 17:55:10] Ni Show da moded xe rims 1080
[2016/4/26 - 20:10:26] Armin Bin da moded xe rims 1081
[2016/4/26 - 20:11:32] Armin Bin da moded xe rims 1080
[2016/4/26 - 20:11:52] Armin Bin da moded xe rims 1080
[2016/4/26 - 20:12:13] Armin Bin da moded xe rims 1080
[2016/4/26 - 20:34:20] Armin Bin da moded xe rims 1080
[2016/4/26 - 20:34:40] Kid TJackSon da moded xe rims 1080
[2016/4/26 - 20:36:08] Kid TJackSon da moded xe rims 1078
[2016/4/26 - 20:36:22] Kid TJackSon da moded xe rims 1080
[2016/4/26 - 22:12:39] Tyreed Taylor da moded xe rims 1080
[2016/4/26 - 22:25:14] Tyreed Taylor da moded xe rims 1080
[2016/4/26 - 22:33:53] Tyreed Taylor da moded xe rims 1080
[2016/4/26 - 23:36:47] Ph.van kiet da moded xe rims 1078
[2016/4/26 - 23:37:20] Ph.van kiet da moded xe rims 1080
[2016/4/26 - 23:37:47] Ph.van kiet da moded xe rims 1078
[2016/4/27 - 0:53:08] Lome da moded xe rims 1080
[2016/4/27 - 0:54:18] Lome da moded xe rims 1080
[2016/4/27 - 0:55:33] Charles Vincent da moded xe rims 1080
[2016/4/27 - 1:16:01] Charles Vincent da moded xe rims 1080
[2016/4/27 - 3:45:50] Bridget Gabriella da moded xe rims 1083
[2016/4/27 - 3:48:03] Bridget Gabriella da moded xe rims 1097
[2016/4/27 - 9:01:12] KuDo KenTazor da moded xe rims 1078
[2016/4/27 - 9:03:24] KuDo KenTazor da moded xe rims 1080
[2016/4/27 - 9:07:44] KuDo KenTazor da moded xe rims 1080
[2016/4/27 - 9:13:42] KuDo KenTazor da moded xe rims 1080
[2016/4/27 - 9:19:06] KuDo KenTazor da moded xe rims 1080
[2016/4/27 - 9:31:29] Virgo Lamer da moded xe rims 1080
[2016/4/27 - 9:35:20] KuDo KenTazor da moded xe rims 1080
[2016/4/27 - 9:41:32] KuDo KenTazor da moded xe rims 1080
[2016/4/27 - 9:56:21] Virgo Lamer da moded xe rims 1080
[2016/4/27 - 9:59:15] KuDo KenTazor da moded xe rims 1080
[2016/4/27 - 10:24:55] Johnson Grover da moded xe rims 1080
[2016/4/27 - 11:00:36] Virgo Lamer da moded xe rims 1080
[2016/4/27 - 12:48:05] Tyreed Taylor da moded xe rims 1080
[2016/4/27 - 14:10:20] David Kham da moded xe rims 1080
[2016/4/27 - 14:13:57] David Kham da moded xe rims 1080
[2016/4/27 - 14:14:17] David Kham da moded xe rims 1080
[2016/4/27 - 14:15:19] David Kham da moded xe rims 1080
[2016/4/27 - 15:06:31] Lang Willams da moded xe rims 1080
[2016/4/27 - 15:52:02] Nac Binh da moded xe rims 1080
[2016/4/27 - 15:52:04] Heal Quis da moded xe rims 1080
[2016/4/27 - 17:16:54] SamuRai LEX da moded xe rims 1080
[2016/4/27 - 17:42:45] Nguyen Cong Tien da moded xe rims 1080
[2016/4/27 - 17:45:27] darrel hebret da moded xe rims 1080
[2016/4/27 - 20:59:38] Gajeel RedFox da moded xe rims 1080
[2016/4/27 - 21:03:01] Gajeel RedFox da moded xe rims 1080
[2016/4/27 - 21:08:43] Chi Chuot da moded xe rims 1080
[2016/4/27 - 21:32:12] Ercy Phantom da moded xe rims 1080
[2016/4/28 - 1:53:56] Nick Cover da moded xe rims 1080
[2016/4/28 - 11:20:16] Virgo Lamer da moded xe rims 1080
[2016/4/28 - 11:48:32] Nguyen Minh Toan da moded xe rims 1080
[2016/4/28 - 11:48:44] Nguyen Minh Toan da moded xe rims 1080
[2016/4/28 - 13:11:31] Tram Nguyen da moded xe rims 1080
[2016/4/28 - 13:20:38] james bao da moded xe rims 1080
[2016/4/28 - 13:22:32] james bao da moded xe rims 1080
[2016/4/28 - 13:46:45] james bao da moded xe rims 1080
