[2016/4/14 - 13:23:25] David Mason da bi thu hoi $95,000,000 so tien nhom tu LSPD's vault, reason: rut tien`.
[2016/4/14 - 16:18:59] David Mason da bi thu hoi $32 so tien nhom tu LSPD's vault, reason: 200000000.
[2016/4/14 - 16:19:07] David Mason da bi thu hoi $200,000,000 so tien nhom tu LSPD's vault, reason: rut tien.
[2016/4/14 - 16:20:48] David Mason da bi thu hoi $1,712,419 so tien nhom tu LSPD's vault, reason: rut tien.
[2016/4/14 - 16:27:29] David Mason da bi thu hoi $9,994,474 so tien nhom tu LSPD's vault, reason: ket. tien.
[2016/4/14 - 16:47:47] David Mason da bi thu hoi $9,849,974 so tien nhom tu LSPD's vault, reason: ket. tien.
[2016/4/14 - 16:50:55] David Mason da bi thu hoi $9,999,000 so tien nhom tu LSPD's vault, reason: ket tien.
[2016/4/14 - 16:56:04] David Mason da bi thu hoi $9,999,984 so tien nhom tu LSPD's vault, reason: ket tien roi adm .
[2016/4/14 - 17:29:15] David Mason da bi thu hoi $60,073,963 so tien nhom tu LSPD's vault, reason: ket tien.
[2016/4/14 - 18:17:33] David Mason da bi thu hoi $200,047,859 so tien nhom tu LSPD's vault, reason: ket tien.
[2016/4/14 - 18:52:58] David Mason da bi thu hoi $99,964,488 so tien nhom tu LSPD's vault, reason: 1.
[2016/4/15 - 7:13:39] David Mason da bi thu hoi $9,947,151 so tien nhom tu LSPD's vault, reason: ket tien.
[2016/4/15 - 10:59:06] Phong da bi thu hoi $60,000,000 so tien nhom tu SASD's vault, reason: ket tien.
[2016/4/16 - 12:11:19] Darlen Edwards da bi thu hoi $1 so tien nhom tu LSPD's vault, reason: 1.
[2016/4/16 - 12:11:22] Darlen Edwards da bi thu hoi $1 so tien nhom tu LSPD's vault, reason: 1.
[2016/4/16 - 12:11:23] Darlen Edwards da bi thu hoi $1 so tien nhom tu LSPD's vault, reason: 1.
[2016/4/16 - 22:53:35] Darks Night da bi thu hoi $100,000 so tien nhom tu FDSA's vault, reason: phat luong cho nhan vien.
[2016/4/16 - 22:53:58] Darks Night da bi thu hoi $8,600,000 so tien nhom tu FDSA's vault, reason: Phat luong cho nhan vien.
[2016/4/19 - 13:43:21] Alex phamz da bi thu hoi $1 so tien nhom tu Taxi Company's vault, reason: 30.
[2016/4/19 - 13:43:31] Alex phamz da bi thu hoi $22 so tien nhom tu Taxi Company's vault, reason: 1.
[2016/4/19 - 18:18:22] Alex phamz da bi thu hoi $1 so tien nhom tu Taxi Company's vault, reason: rut.
[2016/4/22 - 16:50:51] Nick Cover da bi thu hoi $168,000,000 so tien nhom tu S.H.A.F.T's vault, reason: Ung ho tre em.
