[2016/4/15 - 18:55:25] Zed_Xiles da xoa speed camera 15
[2016/4/24 - 22:36:52] Nick_Cover da thay doi speed camera 14's gioi han thanh 70.000000
[2016/4/24 - 22:37:25] Nick_Cover da thay doi speed camera 13's gioi han thanh 70.000000
[2016/4/24 - 22:38:51] Nick_Cover has changed speed camera 13's range to 100000.000000
[2016/4/24 - 22:38:57] Nick_Cover da xoa speed camera 14
[2016/4/24 - 23:57:46] Nick_Cover has placed speed camera 14 at [1811.531250, -1594.236206, 11.046875] with limit 70.000000 and range 500.000000.
[2016/4/24 - 23:58:15] Nick_Cover has moved speed camera 27 to [1811.016479, -1593.060180, 14.046875]
[2016/4/25 - 0:32:19] Nick_Cover da xoa speed camera 27
[2016/4/25 - 0:32:42] Nick_Cover has placed speed camera 27 at [1810.812133, -1586.230834, 11.046875] with limit 70.000000 and range 500.000000.
[2016/4/26 - 0:09:53] Nick_Cover da xoa speed camera 13
[2016/4/26 - 0:09:56] Nick_Cover da xoa speed camera 16
[2016/4/26 - 0:09:59] Nick_Cover da xoa speed camera 4
[2016/4/26 - 0:10:02] Nick_Cover da xoa speed camera 6
[2016/4/26 - 0:10:04] Nick_Cover da xoa speed camera 7
[2016/4/26 - 0:10:06] Nick_Cover da xoa speed camera 8
[2016/4/26 - 0:10:08] Nick_Cover da xoa speed camera 9
[2016/4/26 - 0:10:11] Nick_Cover da xoa speed camera 10
[2016/4/26 - 0:10:15] Nick_Cover da xoa speed camera 12
[2016/4/26 - 0:10:23] Nick_Cover da xoa speed camera 17
[2016/4/26 - 0:10:26] Nick_Cover da xoa speed camera 23
[2016/4/26 - 0:10:29] Nick_Cover da xoa speed camera 24
[2016/4/26 - 0:10:30] Nick_Cover da xoa speed camera 25
[2016/4/26 - 0:10:34] Nick_Cover da xoa speed camera 26
[2016/4/26 - 0:10:40] Nick_Cover da xoa speed camera 28
