[2016/4/6 - 22:23:49] Agent Perry has edited Text Label ID 24's position.
[2016/4/7 - 13:41:59] Agent Perry has edited Text Label ID 24's position.
[2016/4/7 - 13:42:12] Agent Perry has edited Text Label ID 24's text to Khu Dat - Owner:.
[2016/4/7 - 13:43:58] Agent Perry has edited Text Label ID 24's text to Khu Dat - Owner: Mini Alone.
[2016/4/7 - 13:44:04] Agent Perry has edited Text Label ID 24's text to Khu Dat - Owner: Mini Alon.
[2016/4/7 - 13:44:18] Agent Perry has edited Text Label ID 24's PickupModel.
[2016/4/8 - 4:25:26] Nico Sick has edited Text Label ID 70's text to Khu Ðât - Owner Quan_Sonny.
[2016/4/8 - 4:25:33] Nico Sick has edited Text Label ID 70's text to Khu Ðât - Owner 0.
[2016/4/8 - 4:25:41] Nico Sick has edited Text Label ID 70's text to Khu Ðât - Owner Nico_Sick.
[2016/4/9 - 14:09:01] Brother has edited Text Label ID 41's position.
[2016/4/9 - 14:09:11] Brother has edited Text Label ID 41's PickupModel.
[2016/4/9 - 14:09:13] Brother has edited Text Label ID 41's PickupModel.
[2016/4/9 - 14:09:15] Brother has edited Text Label ID 41's PickupModel.
[2016/4/9 - 14:09:17] Brother has edited Text Label ID 41's PickupModel.
[2016/4/9 - 14:09:19] Brother has edited Text Label ID 41's PickupModel.
[2016/4/9 - 14:09:21] Brother has edited Text Label ID 41's PickupModel.
[2016/4/9 - 14:09:25] Brother has edited Text Label ID 41's PickupModel.
[2016/4/9 - 14:09:30] Brother has edited Text Label ID 41's PickupModel.
[2016/4/9 - 14:09:33] Brother has edited Text Label ID 41's PickupModel.
[2016/4/9 - 14:09:36] Brother has edited Text Label ID 41's PickupModel.
[2016/4/9 - 14:09:38] Brother has edited Text Label ID 41's PickupModel.
[2016/4/9 - 14:09:41] Brother has edited Text Label ID 41's PickupModel.
[2016/4/9 - 14:09:43] Brother has edited Text Label ID 41's PickupModel.
[2016/4/9 - 14:09:44] Brother has edited Text Label ID 41's PickupModel.
[2016/4/9 - 14:10:32] Brother has edited Text Label ID 41's text to Khu Dat: John_HieuDT.
[2016/4/9 - 21:20:30] Agent Perry has edited Text Label ID 48's position.
[2016/4/9 - 21:29:13] Agent Perry has edited Text Label ID 48's text to Khu Dat - Owner: Mickt.
[2016/4/9 - 21:29:15] Agent Perry has edited Text Label ID 48's text to Khu Dat - Owner: Micky.
[2016/4/9 - 21:29:27] Agent Perry has edited Text Label ID 48's text to Khu Dat - Owner: Micky Holdny.
[2016/4/9 - 21:36:53] Agent Perry has edited Text Label ID 49's position.
[2016/4/9 - 21:37:04] Agent Perry has edited Text Label ID 49's text to Khu Dat - Owner: F6 Army.
[2016/4/9 - 21:37:31] Agent Perry has edited Text Label ID 49's PickupModel.
[2016/4/9 - 21:49:54] Agent Perry has edited Text Label ID 49's PickupModel.
[2016/4/9 - 21:49:57] Agent Perry has edited Text Label ID 49's PickupModel.
[2016/4/9 - 21:49:59] Agent Perry has edited Text Label ID 48's PickupModel.
[2016/4/9 - 22:05:41] Agent Perry has edited Text Label ID 48's position.
[2016/4/10 - 8:48:32] Ichigo Vu has deleted Text Label 36.
[2016/4/10 - 8:48:35] Ichigo Vu has deleted Text Label 37.
[2016/4/10 - 22:45:34] Agent Perry has edited Text Label ID 36's position.
[2016/4/10 - 22:45:58] Agent Perry has edited Text Label ID 36's text to Khu Dat - Owner: Mark Roys.
[2016/4/11 - 15:22:25] Borther Jerry has edited Text Label ID 37's position.
[2016/4/11 - 15:22:35] Borther Jerry has edited Text Label ID 37's PickupModel.
[2016/4/11 - 15:22:37] Borther Jerry has edited Text Label ID 37's PickupModel.
[2016/4/11 - 15:22:39] Borther Jerry has edited Text Label ID 37's PickupModel.
[2016/4/11 - 15:23:02] Borther Jerry has edited Text Label ID 37's text to Khu dat: Chunq Le.
[2016/4/12 - 22:40:55] Agent Perry has edited Text Label ID 50's position.
[2016/4/12 - 22:41:20] Agent Perry has edited Text Label ID 50's text to Khu Dat - Owner : Army Moon.
[2016/4/12 - 22:41:32] Agent Perry has edited Text Label ID 3's PickupModel.
[2016/4/12 - 22:41:40] Agent Perry has edited Text Label ID 50's PickupModel.
[2016/4/12 - 22:42:00] Agent Perry has edited Text Label ID 50's position.
[2016/4/14 - 19:51:00] Agent Perry has edited Text Label ID 51's position.
[2016/4/14 - 19:51:19] Agent Perry has edited Text Label ID 51's text to Khu Dat- Owner: Mr.
[2016/4/14 - 19:52:52] Agent Perry has edited Text Label ID 51's text to Khu Dat- Owner: Mr Huy.
[2016/4/14 - 21:23:39] Zed Xiles has edited Text Label ID 52's position.
[2016/4/14 - 21:23:46] Zed Xiles has edited Text Label ID 52's PickupModel.
[2016/4/14 - 21:24:00] Zed Xiles has edited Text Label ID 52's text to Khu dat  :  Hu  Tru.
[2016/4/14 - 21:24:06] Zed Xiles has edited Text Label ID 52's text to Khu dat  :  Hu_Truc.
[2016/4/14 - 21:47:59] Agent Perry has edited Text Label ID 53's position.
[2016/4/14 - 21:48:39] Agent Perry has edited Text Label ID 53's text to Khu Dat - Owner: Army Rain.
[2016/4/14 - 21:48:57] Agent Perry has edited Text Label ID 53's PickupModel.
[2016/4/14 - 23:27:14] Agent Perry has edited Text Label ID 51's PickupModel.
[2016/4/14 - 23:27:16] Agent Perry has edited Text Label ID 51's PickupModel.
[2016/4/15 - 11:57:39] Tung Hardy has edited Text Label ID 210's text to Khu Dat :.
[2016/4/15 - 11:58:16] Tung Hardy has edited Text Label ID 210's text to Khu Dat : Manuel Vasconcellos.
[2016/4/15 - 12:57:46] Jerry Erwin has deleted Text Label 51.
[2016/4/15 - 19:48:06] Jerry Erwin has edited Text Label ID 51's position.
[2016/4/15 - 19:48:33] Jerry Erwin has edited Text Label ID 51's PickupModel.
[2016/4/15 - 19:48:36] Jerry Erwin has edited Text Label ID 51's PickupModel.
[2016/4/15 - 19:48:39] Jerry Erwin has edited Text Label ID 51's PickupModel.
[2016/4/15 - 19:48:41] Jerry Erwin has edited Text Label ID 51's PickupModel.
[2016/4/15 - 20:08:41] Agent Perry has edited Text Label ID 50's text to Khu Dat -Owner: Mr Huy.
[2016/4/15 - 20:08:49] Agent Perry has edited Text Label ID 0's text to Khu Dat -Owner: Mr Huy.
[2016/4/15 - 20:08:52] Agent Perry has edited Text Label ID 0's text to Khu Dat -Owner: Mr Huy.
[2016/4/15 - 20:09:01] Agent Perry has edited Text Label ID 0's text to Khu Dat -Owner: Mr Huy.
[2016/4/15 - 20:09:10] Agent Perry has edited Text Label ID 0's position.
[2016/4/15 - 20:32:25] Agent Perry has edited Text Label ID 51's position.
[2016/4/15 - 20:32:56] Agent Perry has edited Text Label ID 51's text to Khu Dat - Owner MS-13.
[2016/4/15 - 20:33:05] Agent Perry has edited Text Label ID 51's text to Khu Dat - Owner: MS-13.
[2016/4/15 - 20:43:31] Zed Xiles has edited Text Label ID 54's position.
[2016/4/15 - 20:43:47] Zed Xiles has edited Text Label ID 54's text to [ Idlewood ] Los Santos vip .
[2016/4/16 - 13:56:39] Jerry Erwin has deleted Text Label 0.
[2016/4/17 - 0:43:25] Rio Soica has deleted Text Label 42.
[2016/4/17 - 1:41:10] Ichigo Vu has edited Text Label ID 0's position.
[2016/4/17 - 1:41:35] Ichigo Vu has edited Text Label ID 0's text to /pddoor [open/close].
[2016/4/17 - 1:41:40] Ichigo Vu has edited Text Label ID 0's color.
[2016/4/17 - 1:41:42] Ichigo Vu has edited Text Label ID 0's color.
[2016/4/17 - 1:59:10] Ichigo Vu has deleted Text Label 54.
[2016/4/17 - 9:18:36] LTT Dung has edited Text Label ID 42's text to Khu Dat.
[2016/4/17 - 9:18:57] LTT Dung has edited Text Label ID 42's text to Khu Dat.
[2016/4/17 - 9:18:59] LTT Dung has edited Text Label ID 42's text to KhuDat.
[2016/4/17 - 9:19:32] LTT Dung has edited Text Label ID 42's position.
[2016/4/17 - 9:19:40] LTT Dung has edited Text Label ID 42's position.
[2016/4/17 - 9:19:51] LTT Dung has edited Text Label ID 42's position.
[2016/4/17 - 9:20:12] LTT Dung has edited Text Label ID 42's PickupModel.
[2016/4/17 - 9:20:16] LTT Dung has edited Text Label ID 42's PickupModel.
[2016/4/17 - 9:20:19] LTT Dung has edited Text Label ID 42's PickupModel.
[2016/4/17 - 9:20:26] LTT Dung has edited Text Label ID 42's text to Khu Dat.
[2016/4/17 - 9:21:23] LTT Dung has edited Text Label ID 42's text to Khu Dat - So huu : KaiTo Kids.
[2016/4/18 - 9:08:35] LTT Dung has edited Text Label ID 0's position.
[2016/4/18 - 9:38:53] LTT Dung has edited Text Label ID 0's position.
[2016/4/18 - 9:39:15] LTT Dung has edited Text Label ID 0's text to Khu Dat - So Huu : Ngo Duy Quan.
[2016/4/18 - 9:39:43] LTT Dung has edited Text Label ID 0's PickupModel.
[2016/4/18 - 9:39:47] LTT Dung has edited Text Label ID 0's PickupModel.
[2016/4/18 - 9:39:49] LTT Dung has edited Text Label ID 0's PickupModel.
[2016/4/18 - 9:39:54] LTT Dung has edited Text Label ID 0's PickupModel.
[2016/4/18 - 9:45:04] LTT Dung has edited Text Label ID 1's position.
[2016/4/18 - 9:45:26] LTT Dung has edited Text Label ID 1's text to Khu Dat - So Huu : Ngo Duy Quan.
[2016/4/18 - 9:45:37] LTT Dung has edited Text Label ID 1's PickupModel.
[2016/4/18 - 9:45:39] LTT Dung has edited Text Label ID 1's PickupModel.
[2016/4/18 - 11:53:53] LTT Dung has edited Text Label ID 2's position.
[2016/4/18 - 11:54:17] LTT Dung has edited Text Label ID 2's PickupModel.
[2016/4/18 - 11:54:39] LTT Dung has edited Text Label ID 2's text to Khu dat - So huu: Robin Nicolas.
[2016/4/18 - 12:07:19] Kexing has edited Text Label ID 3's position.
[2016/4/18 - 12:07:37] Kexing has edited Text Label ID 3's text to Khu Vui Choi.
[2016/4/18 - 12:07:51] Kexing has edited Text Label ID 3's PickupModel.
[2016/4/18 - 12:07:55] Kexing has edited Text Label ID 3's PickupModel.
[2016/4/18 - 12:08:02] Kexing has edited Text Label ID 3's PickupModel.
[2016/4/18 - 12:08:06] Kexing has edited Text Label ID 3's PickupModel.
[2016/4/18 - 12:08:09] Kexing has edited Text Label ID 3's PickupModel.
[2016/4/18 - 12:08:12] Kexing has edited Text Label ID 3's PickupModel.
[2016/4/18 - 12:08:16] Kexing has edited Text Label ID 3's PickupModel.
[2016/4/18 - 12:08:18] Kexing has edited Text Label ID 3's PickupModel.
[2016/4/18 - 12:08:21] Kexing has edited Text Label ID 3's PickupModel.
[2016/4/18 - 12:08:23] Kexing has edited Text Label ID 3's PickupModel.
[2016/4/18 - 12:08:43] Kexing has edited Text Label ID 3's position.
[2016/4/18 - 12:15:11] Kexing has edited Text Label ID 3's position.
[2016/4/18 - 12:41:01] Club Stone has edited Text Label ID 4's position.
[2016/4/18 - 12:41:50] Club Stone has edited Text Label ID 4's PickupModel.
[2016/4/18 - 12:41:53] Club Stone has edited Text Label ID 4's PickupModel.
[2016/4/18 - 12:41:55] Club Stone has edited Text Label ID 4's PickupModel.
[2016/4/18 - 12:42:04] Club Stone has edited Text Label ID 1's color.
[2016/4/18 - 12:42:06] Club Stone has edited Text Label ID 4's color.
[2016/4/18 - 12:42:10] Club Stone has edited Text Label ID 4's color.
[2016/4/18 - 12:42:15] Club Stone has edited Text Label ID 4's color.
[2016/4/18 - 12:42:18] Club Stone has edited Text Label ID 4's color.
[2016/4/18 - 12:42:26] Club Stone has edited Text Label ID 4's color.
[2016/4/18 - 12:43:48] Club Stone has edited Text Label ID 4's text to Khu Dat Owner : Wrath South Mountain.
[2016/4/18 - 12:44:25] LTT Dung has edited Text Label ID 5's PickupModel.
[2016/4/18 - 12:44:45] LTT Dung has edited Text Label ID 5's text to Khu dat - So huu: Freeway.
[2016/4/18 - 12:44:54] LTT Dung has edited Text Label ID 5's text to Khu dat - So huu: Freeway Canabis.
[2016/4/18 - 12:45:43] LTT Dung has edited Text Label ID 6's PickupModel.
[2016/4/18 - 12:46:42] LTT Dung has edited Text Label ID 5's position.
[2016/4/18 - 13:08:25] Kexing has edited Text Label ID 3's position.
[2016/4/18 - 13:08:29] Kexing has edited Text Label ID 3's position.
[2016/4/18 - 15:15:41] Pot has edited Text Label ID 6's text to 1.
[2016/4/18 - 15:15:49] Pot has edited Text Label ID 6's text to 1.
[2016/4/18 - 15:16:15] Pot has edited Text Label ID 6's text to 1.
[2016/4/18 - 15:16:29] Pot has edited Text Label ID 7's text to 1.
[2016/4/18 - 15:16:34] Pot has edited Text Label ID 7's text to 1.
[2016/4/18 - 15:17:26] Pot has edited Text Label ID 6's position.
[2016/4/18 - 15:18:09] Pot has edited Text Label ID 6's text to Khu Dat - Owner : Mike Tyson.
[2016/4/18 - 15:45:04] LTT Dung has edited Text Label ID 8's position.
[2016/4/18 - 15:45:13] LTT Dung has edited Text Label ID 8's PickupModel.
[2016/4/18 - 15:45:32] LTT Dung has edited Text Label ID 8's text to Khu dat - Owner: Fat_Malai.
[2016/4/18 - 17:23:23] Pot has edited Text Label ID 9's position.
[2016/4/18 - 17:23:40] Pot has edited Text Label ID 9's PickupModel.
[2016/4/18 - 17:23:41] Pot has edited Text Label ID 9's PickupModel.
[2016/4/18 - 17:23:44] Pot has edited Text Label ID 9's PickupModel.
[2016/4/18 - 17:23:57] Pot has edited Text Label ID 9's text to Khu dat - Owner : Black Thomsa.
[2016/4/18 - 19:39:29] Pot has edited Text Label ID 10's position.
[2016/4/18 - 19:39:40] Pot has edited Text Label ID 10's PickupModel.
[2016/4/18 - 19:39:42] Pot has edited Text Label ID 10's PickupModel.
[2016/4/18 - 19:39:46] Pot has edited Text Label ID 10's PickupModel.
[2016/4/18 - 19:39:50] Pot has edited Text Label ID 10's PickupModel.
[2016/4/18 - 19:43:40] Pot has edited Text Label ID 10's text to Khu dat - Owner : F1.
[2016/4/18 - 19:46:44] Pot has edited Text Label ID 10's text to Khu dat - Owner : Nac Binh.
[2016/4/18 - 21:07:10] Pot has edited Text Label ID 11's position.
[2016/4/18 - 21:07:17] Pot has edited Text Label ID 11's PickupModel.
[2016/4/18 - 21:07:34] Pot has edited Text Label ID 11's text to Khu dat - Owner : Mike Tyson.
[2016/4/18 - 21:07:43] Pot has edited Text Label ID 11's position.
[2016/4/18 - 21:07:54] Pot has edited Text Label ID 11's position.
[2016/4/18 - 21:37:57] Pot has edited Text Label ID 12's position.
[2016/4/18 - 21:38:12] Pot has edited Text Label ID 12's PickupModel.
[2016/4/18 - 21:38:34] Pot has edited Text Label ID 12's text to Khu Dat - Owner : Timofei Bashkirov.
[2016/4/18 - 21:41:12] Pot has edited Text Label ID 13's position.
[2016/4/18 - 21:41:19] Pot has edited Text Label ID 13's PickupModel.
[2016/4/18 - 21:41:23] Pot has edited Text Label ID 13's PickupModel.
[2016/4/18 - 21:41:38] Pot has edited Text Label ID 13's text to Khu Dat - Owner : John_Nick.
[2016/4/18 - 21:41:40] Pot has edited Text Label ID 13's text to Khu Dat - Owner : John Nick.
[2016/4/18 - 21:50:33] Pot has edited Text Label ID 14's position.
[2016/4/18 - 21:50:41] Pot has edited Text Label ID 14's PickupModel.
[2016/4/18 - 21:50:53] Pot has edited Text Label ID 14's text to Khu Dat - Owner : Duong Nghia.
[2016/4/18 - 22:04:02] Pot has edited Text Label ID 15's position.
[2016/4/18 - 22:04:08] Pot has edited Text Label ID 15's PickupModel.
[2016/4/18 - 22:04:22] Pot has edited Text Label ID 15's text to Khu dat - Owner : .
[2016/4/18 - 22:04:34] Pot has edited Text Label ID 15's text to Khu dat - Owner : Timofei Bashkirov.
[2016/4/18 - 22:53:30] Pot has edited Text Label ID 16's position.
[2016/4/18 - 22:53:42] Pot has edited Text Label ID 16's PickupModel.
[2016/4/18 - 22:53:57] Pot has edited Text Label ID 16's text to Khu Dat - Owner : Kin Aremas.
[2016/4/18 - 23:21:06] Pot has edited Text Label ID 8's text to Khu Dat - Owner : Fat Malai.
[2016/4/18 - 23:23:48] Pot has edited Text Label ID 17's position.
[2016/4/18 - 23:23:59] Pot has edited Text Label ID 17's PickupModel.
[2016/4/18 - 23:24:13] Pot has edited Text Label ID 17's text to Khu Dat - Owner : Smith S Buzikk.
[2016/4/18 - 23:24:24] Pot has edited Text Label ID 17's text to Khu Dat - Owner : Smith S Buzikk.
[2016/4/18 - 23:24:29] Pot has edited Text Label ID 17's position.
[2016/4/18 - 23:34:15] Pot has edited Text Label ID 18's position.
[2016/4/18 - 23:34:33] Pot has edited Text Label ID 18's PickupModel.
[2016/4/18 - 23:34:55] Pot has edited Text Label ID 18's text to Khu Dat - Owner : John Nick.
[2016/4/18 - 23:54:39] Pot has edited Text Label ID 19's position.
[2016/4/18 - 23:54:44] Pot has edited Text Label ID 19's PickupModel.
[2016/4/18 - 23:54:56] Pot has edited Text Label ID 19's text to Khu Dat - Owner : Jokers JAckson.
[2016/4/18 - 23:55:01] Pot has edited Text Label ID 19's text to Khu Dat - Owner : Jokers JAckson.
[2016/4/18 - 23:55:05] Pot has edited Text Label ID 19's position.
[2016/4/19 - 0:04:19] Pot has edited Text Label ID 20's position.
[2016/4/19 - 0:04:26] Pot has edited Text Label ID 20's PickupModel.
[2016/4/19 - 0:04:46] Pot has edited Text Label ID 20's text to Khu Dat - Owner : Phuc Boss.
[2016/4/19 - 10:51:34] Pot has edited Text Label ID 21's position.
[2016/4/19 - 10:51:44] Pot has edited Text Label ID 21's PickupModel.
[2016/4/19 - 10:51:55] Pot has edited Text Label ID 21's text to Khu Dat - Owner : Boy Hardy.
[2016/4/19 - 10:54:00] Pot has edited Text Label ID 21's text to Best Skill.
[2016/4/19 - 10:54:39] Pot has edited Text Label ID 21's text to Khu Dat - Owner : Boy Hardy.
[2016/4/19 - 10:55:01] Pot has edited Text Label ID 21's text to Khu Dat - Owner : Best Skill.
[2016/4/19 - 11:02:54] Pot has edited Text Label ID 22's position.
[2016/4/19 - 11:03:03] Pot has edited Text Label ID 22's PickupModel.
[2016/4/19 - 11:03:14] Pot has edited Text Label ID 22's text to Khu Dat Sau - Owner : Best Skill.
[2016/4/19 - 13:16:53] LTT Dung has edited Text Label ID 23's position.
[2016/4/19 - 13:16:58] LTT Dung has edited Text Label ID 23's color.
[2016/4/19 - 13:17:14] LTT Dung has edited Text Label ID 23's text to Khu Dat - So Huu : Kaito Kids.
[2016/4/19 - 13:17:22] LTT Dung has edited Text Label ID 23's PickupModel.
[2016/4/19 - 13:38:17] Tamao  has edited Text Label ID 4's position.
[2016/4/19 - 13:38:21] Tamao  has edited Text Label ID 4's position.
[2016/4/19 - 14:45:36] Tamao  has edited Text Label ID 24's position.
[2016/4/19 - 14:45:42] Tamao  has edited Text Label ID 24's PickupModel.
[2016/4/19 - 14:45:57] Tamao  has edited Text Label ID 24's text to Khu Dat - Owner : Vladimir Ran.
[2016/4/19 - 14:46:32] Tamao  has edited Text Label ID 24's text to Khu Dat - Owner : Pot.
[2016/4/19 - 14:46:37] Tamao  has edited Text Label ID 24's text to Khu Dat - Owner : Pot Leo.
[2016/4/19 - 15:04:26] Tamao  has edited Text Label ID 24's text to Khu Dat - Owner : Best Skill.
[2016/4/19 - 15:50:44] Tamao  has edited Text Label ID 25's position.
[2016/4/19 - 15:50:54] Tamao  has edited Text Label ID 25's PickupModel.
[2016/4/19 - 15:51:07] Tamao  has edited Text Label ID 25's text to Khu Dat - Owner : Smike S Buzikk.
[2016/4/19 - 16:28:28] Tamao  has edited Text Label ID 0's position.
[2016/4/19 - 16:31:45] Tamao  has edited Text Label ID 25's text to Best_Skill.
[2016/4/19 - 16:31:55] Tamao  has edited Text Label ID 25's text to Khu Dat - Owner : Best Skill.
[2016/4/19 - 17:18:09] Tamao  has edited Text Label ID 26's position.
[2016/4/19 - 17:18:21] Tamao  has edited Text Label ID 26's PickupModel.
[2016/4/19 - 17:19:07] Tamao  has edited Text Label ID 26's text to Khu Dat - Owner : David Bejamin.
[2016/4/19 - 17:26:15] Tamao  has edited Text Label ID 27's position.
[2016/4/19 - 17:26:20] Tamao  has edited Text Label ID 27's PickupModel.
[2016/4/19 - 17:26:43] Tamao  has edited Text Label ID 27's text to Khu Dat - Owner : Johnson Grover.
[2016/4/19 - 20:26:26] beo joker has edited Text Label ID 5's text to Luan Gay.
[2016/4/19 - 20:27:45] beo joker has edited Text Label ID 5's text to Khu Dat Chu So Huu: Luan Gay.
[2016/4/20 - 9:31:41] Kexing has edited Text Label ID 3's text to Khong Duoc Lay Khu Vuc Nay.
[2016/4/20 - 9:31:51] Kexing has edited Text Label ID 3's text to Khong Duoc Lay Khu Vuc Nay Ai Lay Se Bi Delete.
[2016/4/20 - 9:59:09] Tamao  has edited Text Label ID 28's position.
[2016/4/20 - 9:59:17] Tamao  has edited Text Label ID 28's PickupModel.
[2016/4/20 - 9:59:33] Tamao  has edited Text Label ID 28's text to Khu Dat - Owner : Jason Statham.
[2016/4/20 - 11:14:02] beo joker has edited Text Label ID 29's position.
[2016/4/20 - 11:14:36] beo joker has edited Text Label ID 29's PickupModel.
[2016/4/20 - 11:15:03] beo joker has edited Text Label ID 29's text to So Huu: Kiet Pham.
[2016/4/20 - 11:15:23] beo joker has edited Text Label ID 29's text to Family F8 So Huu: Kiet Pham.
[2016/4/20 - 12:36:06] Tamao  has edited Text Label ID 30's position.
[2016/4/20 - 12:36:23] Tamao  has edited Text Label ID 30's text to Khu dat Owner : Trang Smith.
[2016/4/20 - 12:37:02] Tamao  has deleted Text Label 30.
[2016/4/20 - 18:56:00] Nobita Nam has edited Text Label ID 30's position.
[2016/4/20 - 18:57:01] Nobita Nam has edited Text Label ID 30's PickupModel.
[2016/4/20 - 18:57:05] Nobita Nam has edited Text Label ID 30's PickupModel.
[2016/4/20 - 18:57:07] Nobita Nam has edited Text Label ID 30's PickupModel.
[2016/4/20 - 18:57:10] Nobita Nam has edited Text Label ID 30's PickupModel.
[2016/4/20 - 18:57:12] Nobita Nam has edited Text Label ID 30's PickupModel.
[2016/4/20 - 18:57:14] Nobita Nam has edited Text Label ID 30's PickupModel.
[2016/4/20 - 18:57:17] Nobita Nam has edited Text Label ID 30's PickupModel.
[2016/4/20 - 18:57:19] Nobita Nam has edited Text Label ID 30's PickupModel.
[2016/4/20 - 18:57:28] Nobita Nam has edited Text Label ID 30's PickupModel.
[2016/4/20 - 18:57:29] Nobita Nam has edited Text Label ID 30's PickupModel.
[2016/4/20 - 18:57:32] Nobita Nam has edited Text Label ID 30's PickupModel.
[2016/4/20 - 18:58:30] Nobita Nam has edited Text Label ID 30's text to Mafia Danh.
[2016/4/20 - 18:59:02] Nobita Nam has edited Text Label ID 30's text to Khu Dat: Mafia Danh.
[2016/4/20 - 19:04:29] Nobita Nam has edited Text Label ID 31's position.
[2016/4/20 - 19:04:47] Nobita Nam has edited Text Label ID 31's PickupModel.
[2016/4/20 - 19:04:49] Nobita Nam has edited Text Label ID 31's PickupModel.
[2016/4/20 - 19:04:52] Nobita Nam has edited Text Label ID 31's PickupModel.
[2016/4/20 - 19:05:45] Nobita Nam has edited Text Label ID 31's text to Khu Dat: Mafia Danh.
[2016/4/20 - 20:25:40] LTT Dung has edited Text Label ID 32's position.
[2016/4/20 - 20:25:49] LTT Dung has edited Text Label ID 32's PickupModel.
[2016/4/20 - 20:26:10] LTT Dung has edited Text Label ID 32's text to Khu dat - So huu: Huan_Smith.
[2016/4/21 - 1:38:18] Mark Bennett has edited Text Label ID 33's position.
[2016/4/21 - 1:38:26] Mark Bennett has edited Text Label ID 33's PickupModel.
[2016/4/21 - 1:38:41] Mark Bennett has edited Text Label ID 33's text to Khu Dat - Owner : Mark Roys.
[2016/4/21 - 6:58:11] William Deptrai has edited Text Label ID 0's text to s.
[2016/4/21 - 6:58:25] William Deptrai has edited Text Label ID 0's text to Khu Dat - So Huu : Jackson Mechanic.
[2016/4/21 - 7:17:42] William Deptrai has edited Text Label ID 0's text to Khu Dat - So Huu : Mr Biakira .
[2016/4/21 - 8:10:09] Hoang Smith has deleted Text Label 0.
[2016/4/21 - 8:10:21] Hoang Smith has edited Text Label ID 0's position.
[2016/4/21 - 9:57:18] LTT Dung has edited Text Label ID 0's text to Khu Dat - So Huu : Jackson Mechanic.
[2016/4/21 - 9:57:31] LTT Dung has edited Text Label ID 0's PickupModel.
[2016/4/21 - 9:57:33] LTT Dung has edited Text Label ID 0's PickupModel.
[2016/4/21 - 10:01:12] LTT Dung has edited Text Label ID 1's text to Khu Dat So Huu : Jackson Mechanic.
[2016/4/21 - 11:35:21] LTT Dung has edited Text Label ID 17's text to Khu Dat - Owner : Julie Lilly.
[2016/4/21 - 13:26:59] Mark Bennett has edited Text Label ID 34's position.
[2016/4/21 - 13:27:08] Mark Bennett has edited Text Label ID 34's PickupModel.
[2016/4/21 - 13:27:20] Mark Bennett has edited Text Label ID 34's text to Khu Dat - Owner : Pen.
[2016/4/21 - 13:56:46] Mark Bennett has edited Text Label ID 35's position.
[2016/4/21 - 13:56:53] Mark Bennett has edited Text Label ID 35's PickupModel.
[2016/4/21 - 13:57:07] Mark Bennett has edited Text Label ID 35's text to Khu Dat - Owner : Mark Roys.
[2016/4/21 - 14:11:29] Mark Bennett has edited Text Label ID 36's position.
[2016/4/21 - 14:11:46] Mark Bennett has edited Text Label ID 36's PickupModel.
[2016/4/21 - 14:12:40] Mark Bennett has edited Text Label ID 36's text to Khu Dat - Owner : Phuc Boss.
[2016/4/21 - 14:13:02] Mark Bennett has edited Text Label ID 36's position.
[2016/4/21 - 14:17:11] Mark Bennett has edited Text Label ID 37's position.
[2016/4/21 - 14:17:17] Mark Bennett has edited Text Label ID 37's PickupModel.
[2016/4/21 - 14:17:27] Mark Bennett has edited Text Label ID 37's text to Khu Dat - Owner : Phuc Boss.
[2016/4/21 - 17:44:29] Vy Chip has edited Text Label ID 18's text to Khu dat - Owner : Phan_VanTrong.
[2016/4/21 - 17:47:02] Vy Chip has edited Text Label ID 13's text to Khu Dat - Owner : Phan_VanTrong.
[2016/4/21 - 20:13:20] LTT Dung has edited Text Label ID 38's position.
[2016/4/21 - 20:13:27] LTT Dung has edited Text Label ID 38's PickupModel.
[2016/4/21 - 20:13:50] LTT Dung has edited Text Label ID 38's text to Khu dat - So huu: Lee_Min_Ho.
[2016/4/21 - 20:16:04] LTT Dung has deleted Text Label 38.
[2016/4/21 - 20:34:40] LTT Dung has edited Text Label ID 38's position.
[2016/4/21 - 20:35:02] LTT Dung has edited Text Label ID 38's PickupModel.
[2016/4/21 - 20:35:43] LTT Dung has edited Text Label ID 38's text to Khu dat - Owner: Nicky Jack.
[2016/4/21 - 20:47:26] LTT Dung has edited Text Label ID 39's PickupModel.
[2016/4/21 - 20:47:41] LTT Dung has edited Text Label ID 39's position.
[2016/4/21 - 20:48:02] LTT Dung has edited Text Label ID 39's text to Khu dat - So Huu: Yakuza_Nam.
[2016/4/21 - 20:50:16] LTT Dung has edited Text Label ID 44's PickupModel.
[2016/4/21 - 20:50:41] LTT Dung has edited Text Label ID 40's position.
[2016/4/21 - 20:50:56] LTT Dung has edited Text Label ID 40's text to Khu dat - Owner: .
[2016/4/21 - 20:51:17] LTT Dung has edited Text Label ID 40's text to Khu dat - Owner: Robert Hood.
[2016/4/21 - 21:00:38] LTT Dung has edited Text Label ID 41's position.
[2016/4/21 - 21:00:48] LTT Dung has edited Text Label ID 41's PickupModel.
[2016/4/21 - 21:00:59] LTT Dung has edited Text Label ID 41's text to PhamDuy_Hung.
[2016/4/21 - 21:01:10] LTT Dung has edited Text Label ID 41's text to Khu dat - Owner: PhamDuy_Hung.
[2016/4/21 - 21:09:46] LTT Dung has edited Text Label ID 42's position.
[2016/4/21 - 21:09:56] LTT Dung has edited Text Label ID 42's PickupModel.
[2016/4/21 - 21:09:58] LTT Dung has edited Text Label ID 42's PickupModel.
[2016/4/21 - 21:10:15] LTT Dung has edited Text Label ID 42's text to Khu dat - Owner: Kaito_Dung.
[2016/4/22 - 2:17:50] Nguyen Hau has deleted Text Label 12.
[2016/4/22 - 2:35:25] Nguyen Hau has edited Text Label ID 12's position.
[2016/4/22 - 2:35:39] Nguyen Hau has edited Text Label ID 12's text to Khu dat : Nick_Cover.
[2016/4/22 - 2:35:46] Nguyen Hau has edited Text Label ID 12's PickupModel.
[2016/4/22 - 2:35:51] Nguyen Hau has edited Text Label ID 12's position.
[2016/4/22 - 2:40:24] Nguyen Hau has edited Text Label ID 12's position.
[2016/4/22 - 2:43:58] Nguyen Hau has edited Text Label ID 43's position.
[2016/4/22 - 2:44:07] Nguyen Hau has edited Text Label ID 43's text to Lôi Lên ( /exit ).
[2016/4/22 - 2:44:12] Nguyen Hau has edited Text Label ID 43's PickupModel.
[2016/4/22 - 2:44:16] Nguyen Hau has edited Text Label ID 43's PickupModel.
[2016/4/22 - 2:44:18] Nguyen Hau has edited Text Label ID 43's PickupModel.
[2016/4/22 - 2:44:22] Nguyen Hau has edited Text Label ID 43's PickupModel.
[2016/4/22 - 17:30:13] beo aquarius has edited Text Label ID 5's position.
[2016/4/22 - 17:30:36] beo aquarius has edited Text Label ID 5's PickupModel.
[2016/4/22 - 17:30:48] beo aquarius has edited Text Label ID 4's PickupModel.
[2016/4/22 - 17:30:54] beo aquarius has edited Text Label ID 5's PickupModel.
[2016/4/22 - 17:31:38] beo aquarius has edited Text Label ID 5's color.
[2016/4/22 - 17:34:55] beo aquarius has edited Text Label ID 3's PickupModel.
[2016/4/22 - 17:35:01] beo aquarius has edited Text Label ID 3's PickupModel.
[2016/4/22 - 17:35:03] beo aquarius has edited Text Label ID 4's PickupModel.
[2016/4/22 - 17:35:11] beo aquarius has edited Text Label ID 5's PickupModel.
[2016/4/22 - 17:35:15] beo aquarius has edited Text Label ID 5's PickupModel.
[2016/4/22 - 17:35:44] beo aquarius has edited Text Label ID 5's text to Khu Dat Chu So Huu: Phan_MinhLuan.
[2016/4/22 - 18:41:24] Tom Alex has edited Text Label ID 44's position.
[2016/4/22 - 18:41:37] Tom Alex has edited Text Label ID 44's text to Khu Dat- Owner: Eo biet :).
[2016/4/22 - 18:42:09] Tom Alex has edited Text Label ID 44's text to Khu Dat- Owner: Ky.
[2016/4/22 - 18:42:22] Tom Alex has edited Text Label ID 44's text to Khu Dat- Owner: Kyoya Hibari.
[2016/4/22 - 18:42:27] Tom Alex has edited Text Label ID 44's position.
[2016/4/22 - 19:27:31] Beo Aquarius has deleted Text Label 33.
[2016/4/22 - 19:50:28] Mark Bennett has edited Text Label ID 23's position.
[2016/4/22 - 19:50:48] Mark Bennett has edited Text Label ID 23's color.
[2016/4/22 - 19:50:52] Mark Bennett has edited Text Label ID 23's color.
[2016/4/22 - 19:52:06] Mark Bennett has edited Text Label ID 23's text to Khu Dat - Owner : Phuc Boss.
[2016/4/22 - 20:56:33] Nobita Nam has edited Text Label ID 19's PickupModel.
[2016/4/22 - 20:56:38] Nobita Nam has edited Text Label ID 19's PickupModel.
[2016/4/22 - 20:56:40] Nobita Nam has edited Text Label ID 1's PickupModel.
[2016/4/22 - 20:56:42] Nobita Nam has edited Text Label ID 2's PickupModel.
[2016/4/22 - 20:56:45] Nobita Nam has edited Text Label ID 19's PickupModel.
[2016/4/22 - 20:56:57] Nobita Nam has edited Text Label ID 19's position.
[2016/4/22 - 20:57:01] Nobita Nam has edited Text Label ID 19's position.
[2016/4/22 - 20:57:05] Nobita Nam has edited Text Label ID 19's position.
[2016/4/22 - 21:08:21] Mark Bennett has edited Text Label ID 19's text to Khu Dat - Owner : Jokers_Jackson.
[2016/4/22 - 21:33:05] Mark Bennett has edited Text Label ID 33's position.
[2016/4/22 - 21:33:27] Mark Bennett has edited Text Label ID 33's PickupModel.
[2016/4/22 - 21:36:03] Mark Bennett has edited Text Label ID 33's text to Khu dat - Owner : NguyenQuoc_Dung.
[2016/4/22 - 21:55:13] Mark Bennett has edited Text Label ID 33's text to 1.
[2016/4/22 - 21:55:29] Mark Bennett has edited Text Label ID 33's text to Khu dat - Owner : NguyenQuoc_Dung.
[2016/4/22 - 21:55:50] Mark Bennett has edited Text Label ID 33's position.
[2016/4/23 - 8:01:12] hung by has deleted Text Label 30.
[2016/4/23 - 8:01:14] hung by has deleted Text Label 31.
[2016/4/23 - 8:01:27] hung by has edited Text Label ID 30's position.
[2016/4/23 - 8:03:04] hung by has edited Text Label ID 30's color.
[2016/4/23 - 8:03:18] hung by has edited Text Label ID 30's PickupModel.
[2016/4/23 - 8:03:21] hung by has edited Text Label ID 30's PickupModel.
[2016/4/23 - 8:03:24] hung by has edited Text Label ID 30's PickupModel.
[2016/4/23 - 8:03:26] hung by has edited Text Label ID 30's PickupModel.
[2016/4/23 - 8:05:40] hung by has edited Text Label ID 30's text to as.
[2016/4/23 - 8:05:45] hung by has edited Text Label ID 30's text to con cat óc chó Leck.
[2016/4/23 - 8:06:01] hung by has edited Text Label ID 30's color.
[2016/4/23 - 8:06:25] hung by has edited Text Label ID 30's text to Khu Dat - Owner : LaoThinh LaoThinh.
[2016/4/23 - 8:11:41] hung by has edited Text Label ID 31's position.
[2016/4/23 - 8:11:45] hung by has edited Text Label ID 31's position.
[2016/4/23 - 8:11:46] hung by has edited Text Label ID 31's position.
[2016/4/23 - 8:12:03] hung by has edited Text Label ID 31's PickupModel.
[2016/4/23 - 8:12:05] hung by has edited Text Label ID 31's PickupModel.
[2016/4/23 - 8:12:07] hung by has edited Text Label ID 31's PickupModel.
[2016/4/23 - 8:12:23] hung by has edited Text Label ID 31's text to Khu Dat - Owner : LaoThinh LaoThinh.
[2016/4/23 - 8:13:18] hung by has edited Text Label ID 45's position.
[2016/4/23 - 8:13:35] hung by has edited Text Label ID 45's PickupModel.
[2016/4/23 - 8:13:46] hung by has edited Text Label ID 45's text to Khu Dat - Owner : LaoThinh LaoThinh.
[2016/4/23 - 9:12:24] Dean has edited Text Label ID 46's position.
[2016/4/23 - 9:12:27] Dean has edited Text Label ID 46's position.
[2016/4/23 - 9:12:37] Dean has edited Text Label ID 46's text to Khu dat so huu boi Chrisopher Dudus.
[2016/4/23 - 9:21:20] Dean has edited Text Label ID 47's position.
[2016/4/23 - 9:21:31] Dean has edited Text Label ID 47's text to Khu dat so huu Tommy_Univer.
[2016/4/23 - 9:32:32] Beo Aquarius has edited Text Label ID 21's position.
[2016/4/23 - 9:32:59] Beo Aquarius has deleted Text Label 21.
[2016/4/23 - 9:35:37] Dean has edited Text Label ID 21's position.
[2016/4/23 - 9:35:50] Dean has edited Text Label ID 21's text to Khu Dat so huu Doe_Adnes.
[2016/4/23 - 9:35:59] Dean has edited Text Label ID 21's position.
[2016/4/23 - 9:36:34] Leck has edited Text Label ID 21's text to Khu dat : So hu boi Doe Adens.
[2016/4/23 - 9:36:35] Dean has edited Text Label ID 21's text to Khu dat so huu Doe_Adens.
[2016/4/23 - 9:36:39] Leck has edited Text Label ID 21's text to Khu dat : So hu boi Doe Adens.
[2016/4/23 - 9:45:56] Dean has edited Text Label ID 21's position.
[2016/4/23 - 9:46:06] Dean has edited Text Label ID 21's PickupModel.
[2016/4/23 - 10:12:01] Beo Aquarius has edited Text Label ID 34's text to HBA_Staff.
[2016/4/23 - 10:12:10] Beo Aquarius has edited Text Label ID 34's text to Khu Dat  HBA_Staff.
[2016/4/23 - 10:13:24] Beo Aquarius has edited Text Label ID 34's text to Khu Dat  HBA_Staff.
[2016/4/23 - 10:14:07] Beo Aquarius has edited Text Label ID 35's text to Khu Dat  Heslos_Meidec.
[2016/4/23 - 10:23:05] LTT Dung has edited Text Label ID 48's position.
[2016/4/23 - 10:23:18] LTT Dung has edited Text Label ID 48's PickupModel.
[2016/4/23 - 10:23:37] LTT Dung has edited Text Label ID 48's text to Khu dat - Owner: Nick_Rainer.
[2016/4/23 - 10:46:15] hung by has edited Text Label ID 49's position.
[2016/4/23 - 10:46:46] hung by has edited Text Label ID 49's text to Khu Dat - Owner : Timofei Bashkirov.
[2016/4/23 - 10:47:00] hung by has edited Text Label ID 49's PickupModel.
[2016/4/23 - 10:59:33] Mark Bennett has edited Text Label ID 50's position.
[2016/4/23 - 11:00:13] Mark Bennett has edited Text Label ID 50's text to Heslo_Meidec.
[2016/4/23 - 11:00:18] Mark Bennett has edited Text Label ID 50's text to Khu Dat : Heslo_Meidec.
[2016/4/23 - 11:00:25] Mark Bennett has edited Text Label ID 50's text to Khu Dat : Owner Heslo_Meidec.
[2016/4/23 - 11:13:32] Beo Aquarius has edited Text Label ID 412's text to Best Skill.
[2016/4/23 - 11:13:41] Beo Aquarius has edited Text Label ID 412's text to Best_Skill.
[2016/4/23 - 11:13:45] Beo Aquarius has edited Text Label ID 412's text to Khu Dat Best_Skill.
[2016/4/23 - 11:13:47] Beo Aquarius has edited Text Label ID 412's text to Khu Dat Best_Skill.
[2016/4/23 - 11:14:25] Beo Aquarius has edited Text Label ID 412's text to Khu Dat Best_Skill.
[2016/4/23 - 11:14:31] Beo Aquarius has edited Text Label ID 412's text to Khu Dat Best_Skill.
[2016/4/23 - 11:15:25] Leck has edited Text Label ID 412's text to Khu dat cua Best Kill.
[2016/4/23 - 11:15:33] Leck has deleted Text Label 412.
[2016/4/23 - 11:15:48] Leck has edited Text Label ID 51's position.
[2016/4/23 - 11:15:53] Beo Aquarius has edited Text Label ID 412's text to Khu Dat Best_Skill.
[2016/4/23 - 11:16:00] Leck has edited Text Label ID 51's text to Khu dat cua Best Skill.
[2016/4/23 - 11:16:10] Leck has edited Text Label ID 51's position.
[2016/4/23 - 11:16:22] Leck has deleted Text Label 412.
[2016/4/23 - 11:19:01] Leck has edited Text Label ID 52's position.
[2016/4/23 - 11:19:09] Leck has edited Text Label ID 52's text to Khu dat cua Pat Maddox.
[2016/4/23 - 12:47:18] LTT Dung has edited Text Label ID 53's position.
[2016/4/23 - 12:47:26] LTT Dung has edited Text Label ID 53's PickupModel.
[2016/4/23 - 12:47:42] LTT Dung has edited Text Label ID 53's text to Khu dat - Owner: Nhok Duy.
[2016/4/23 - 14:20:42] Beo Aquarius has edited Text Label ID 54's position.
[2016/4/23 - 14:21:09] Beo Aquarius has edited Text Label ID 54's text to Khu Dat - Owner : Heslos_Meidec.
[2016/4/23 - 14:21:35] Mark Bennett has edited Text Label ID 54's PickupModel.
[2016/4/23 - 15:09:39] Jin has edited Text Label ID 64's text to 1.
[2016/4/23 - 15:09:41] Jin has edited Text Label ID 64's text to NRG.
[2016/4/23 - 15:10:02] Beo Aquarius has edited Text Label ID 32's text to Khu Dat - So Huu: Huan Smith.
[2016/4/23 - 15:10:21] Beo Aquarius has edited Text Label ID 32's text to Khu Dat - So Huu: Nhok_Duy.
[2016/4/23 - 16:02:43] Mix Take has edited Text Label ID 55's position.
[2016/4/23 - 16:02:47] Mix Take has edited Text Label ID 55's position.
[2016/4/23 - 16:03:13] Mix Take has edited Text Label ID 55's text to Dia Bàn Yakuza - Owner : LaoThinh LaoThinh.
[2016/4/23 - 16:03:28] Mix Take has edited Text Label ID 55's PickupModel.
[2016/4/23 - 17:06:50] hung by has edited Text Label ID 19's text to Khu Loz - Giang Luong.
[2016/4/23 - 17:07:17] hung by has edited Text Label ID 19's text to Khu Dât' - So Huu - Giang Luong.
[2016/4/23 - 17:08:07] hung by has edited Text Label ID 19's text to Khu Dât' - So Huu : Hôi. Tam Hoàng.
[2016/4/23 - 17:11:43] hung by has edited Text Label ID 19's text to Khu Dat - So Huu : Hoi Tam Hoang.
[2016/4/23 - 18:45:47] Dean has edited Text Label ID 56's position.
[2016/4/23 - 18:45:59] Dean has edited Text Label ID 56's text to Khu dat so huu boi Bo_Warrio.
[2016/4/23 - 18:46:01] Dean has edited Text Label ID 56's text to Khu dat so huu boi Bo_Warrios.
[2016/4/24 - 4:09:40] Mark Bennett has edited Text Label ID 57's position.
[2016/4/24 - 4:09:45] Mark Bennett has edited Text Label ID 57's PickupModel.
[2016/4/24 - 4:09:56] Mark Bennett has edited Text Label ID 57's text to Khu Dat - Owner : Chi Chuot.
[2016/4/24 - 7:38:20] LTT Dung has edited Text Label ID 58's position.
[2016/4/24 - 7:38:42] LTT Dung has edited Text Label ID 58's text to Khu Dat - So Huu : PhamDuy Hung.
[2016/4/24 - 7:47:53] Mark Bennett has edited Text Label ID 59's position.
[2016/4/24 - 7:48:18] Mark Bennett has edited Text Label ID 59's text to Huan_Smith.
[2016/4/24 - 7:48:31] Mark Bennett has edited Text Label ID 59's text to Khu Dat Owner Huan_Smith.
[2016/4/24 - 7:48:37] Mark Bennett has edited Text Label ID 59's text to Khu Dat Owner : Huan_Smith.
[2016/4/24 - 7:48:56] Mark Bennett has edited Text Label ID 59's PickupModel.
[2016/4/24 - 7:48:59] Mark Bennett has edited Text Label ID 59's PickupModel.
[2016/4/24 - 7:49:02] Mark Bennett has edited Text Label ID 59's PickupModel.
[2016/4/24 - 7:55:52] LTT Dung has edited Text Label ID 58's PickupModel.
[2016/4/24 - 8:22:50] Dean has edited Text Label ID 41's text to Khu Dat - Owner : Boy_Hardy.
[2016/4/24 - 8:46:52] Dean has edited Text Label ID 60's position.
[2016/4/24 - 8:47:07] Dean has edited Text Label ID 60's text to Khu dat - Owner : David_Huynh.
[2016/4/24 - 9:07:17] Dean has edited Text Label ID 61's position.
[2016/4/24 - 9:07:26] Dean has edited Text Label ID 61's text to Khu Dat - Owner : Boy_Hardy.
[2016/4/24 - 9:07:33] Dean has edited Text Label ID 61's PickupModel.
[2016/4/24 - 10:15:44] LTT Dung has edited Text Label ID 42's text to Khu dat - Owner: Kaito Chuot.
[2016/4/24 - 10:47:26] Beo Aquarius has edited Text Label ID 35's text to Khu Dat Mark_Roys.
[2016/4/24 - 13:41:45] LTT Dung has edited Text Label ID 23's text to Khu Dat - Owner : Kaito Kid.
[2016/4/24 - 13:41:49] LTT Dung has edited Text Label ID 23's text to Khu Dat - Owner : Kaito Kids.
[2016/4/24 - 14:27:29] Tom Alex has edited Text Label ID 46's PickupModel.
[2016/4/24 - 14:54:44] Tom Alex has edited Text Label ID 62's position.
[2016/4/24 - 14:54:57] Tom Alex has edited Text Label ID 62's text to Khu Dat - Owner: Stream.
[2016/4/24 - 14:55:00] Tom Alex has edited Text Label ID 62's text to Khu Dat - Owner: Stream Bedu.
[2016/4/24 - 14:55:09] Tom Alex has edited Text Label ID 62's PickupModel.
[2016/4/24 - 14:55:25] Tom Alex has edited Text Label ID 62's position.
[2016/4/24 - 14:56:27] Tom Alex has edited Text Label ID 62's PickupModel.
[2016/4/24 - 14:58:59] Tom Alex has edited Text Label ID 62's position.
[2016/4/24 - 15:10:56] Beo Aquarius has deleted Text Label 45.
[2016/4/24 - 15:12:23] Tom Alex has deleted Text Label 28.
[2016/4/24 - 15:15:48] Dean has edited Text Label ID 28's position.
[2016/4/24 - 15:16:43] Tom Alex has edited Text Label ID 28's text to Khu Dat.
[2016/4/24 - 15:16:50] Tom Alex has edited Text Label ID 28's text to Khu Dat-Owner:.
[2016/4/24 - 15:16:57] Tom Alex has edited Text Label ID 28's text to Khu Dat-Owner: Nick Rain.
[2016/4/24 - 15:17:02] Tom Alex has edited Text Label ID 28's text to Khu Dat-Owner: Nick Rainer.
[2016/4/24 - 15:17:13] Tom Alex has edited Text Label ID 28's PickupModel.
[2016/4/24 - 15:22:52] Dean has edited Text Label ID 47's text to Khu dat - Owner : Danny_Nguyen.
[2016/4/24 - 15:57:40] Dean has edited Text Label ID 45's position.
[2016/4/24 - 15:57:51] Dean has edited Text Label ID 45's text to Khu dat - Owner : Jackson Mechanic.
[2016/4/24 - 15:57:58] Dean has edited Text Label ID 45's PickupModel.
[2016/4/24 - 16:16:17] LTT Dung has edited Text Label ID 63's position.
[2016/4/24 - 16:16:32] LTT Dung has edited Text Label ID 63's PickupModel.
[2016/4/24 - 16:16:53] LTT Dung has edited Text Label ID 63's text to Khu dat - Owner: Rick_Taboo.
[2016/4/24 - 16:20:37] LTT Dung has edited Text Label ID 63's position.
[2016/4/24 - 16:20:43] LTT Dung has edited Text Label ID 63's position.
[2016/4/24 - 16:26:18] Beo Aquarius has edited Text Label ID 35's text to Khu Dat By Heslos_Meidec.
[2016/4/24 - 20:29:46] LTT Dung has edited Text Label ID 65's PickupModel.
[2016/4/24 - 20:30:05] LTT Dung has edited Text Label ID 65's position.
[2016/4/24 - 20:30:22] LTT Dung has edited Text Label ID 65's text to Khu dat - Owner: F13.
[2016/4/24 - 20:30:37] LTT Dung has deleted Text Label 4.
[2016/4/24 - 20:44:42] Tom Alex has edited Text Label ID 4's position.
[2016/4/24 - 20:45:01] Tom Alex has edited Text Label ID 4's text to Khu Dat-Owner: Huan Smith.
[2016/4/24 - 21:02:38] kexing has edited Text Label ID 16's text to cc.
[2016/4/24 - 21:02:41] kexing has edited Text Label ID 16's text to cc.
[2016/4/24 - 21:02:46] kexing has edited Text Label ID 16's text to Khu dat cc.
[2016/4/24 - 21:02:54] kexing has edited Text Label ID 16's text to Khu dat: Kin Aremas.
[2016/4/24 - 22:27:27] Max Speed has edited Text Label ID 29's text to Khu dat.
[2016/4/24 - 22:28:05] Max Speed has edited Text Label ID 29's text to Khu dat - Owner : Kiet Pham.
[2016/4/24 - 22:48:43] Max Speed has edited Text Label ID 66's position.
[2016/4/24 - 22:50:02] Max Speed has edited Text Label ID 1's position.
[2016/4/24 - 22:50:09] Max Speed has edited Text Label ID 66's position.
[2016/4/24 - 22:50:19] Max Speed has edited Text Label ID 66's position.
[2016/4/24 - 22:50:28] Max Speed has edited Text Label ID 1's position.
[2016/4/24 - 22:56:10] Tom Alex has edited Text Label ID 66's position.
[2016/4/24 - 22:56:24] Tom Alex has edited Text Label ID 66's text to Khu Dat - Owner: Matthew Award.
[2016/4/24 - 22:56:42] Tom Alex has edited Text Label ID 66's PickupModel.
[2016/4/24 - 22:56:46] Tom Alex has edited Text Label ID 3's PickupModel.
[2016/4/24 - 22:56:54] Tom Alex has edited Text Label ID 66's PickupModel.
[2016/4/24 - 23:08:28] Tom Alex has edited Text Label ID 67's position.
[2016/4/24 - 23:08:50] Tom Alex has edited Text Label ID 67's text to Khu Dat- Owner: Kin Aremas.
[2016/4/24 - 23:09:07] Tom Alex has edited Text Label ID 67's PickupModel.
[2016/4/24 - 23:51:22] Beo Aquarius has deleted Text Label 35.
[2016/4/25 - 0:58:03] Beo Aquarius has deleted Text Label 65.
[2016/4/25 - 1:25:33] Paul has edited Text Label ID 232's color.
[2016/4/25 - 1:25:35] Paul has edited Text Label ID 232's color.
[2016/4/25 - 1:27:05] Paul has edited Text Label ID 35's position.
[2016/4/25 - 1:27:21] Paul has edited Text Label ID 35's PickupModel.
[2016/4/25 - 1:27:23] Paul has edited Text Label ID 35's PickupModel.
[2016/4/25 - 1:27:25] Paul has edited Text Label ID 35's PickupModel.
[2016/4/25 - 1:27:40] Paul has edited Text Label ID 35's color.
[2016/4/25 - 1:27:42] Paul has edited Text Label ID 35's color.
[2016/4/25 - 1:27:43] Paul has edited Text Label ID 35's color.
[2016/4/25 - 1:28:24] Paul has edited Text Label ID 35's text to ds.
[2016/4/25 - 1:28:30] Paul has edited Text Label ID 35's text to Khu Dát Suong.
[2016/4/25 - 1:28:33] Paul has edited Text Label ID 35's text to Khu Dát xuong.
[2016/4/25 - 1:28:38] Paul has edited Text Label ID 35's text to Khu Daat.
[2016/4/25 - 1:28:41] Paul has edited Text Label ID 35's text to Khu Dat.
[2016/4/25 - 1:29:55] Mix Take has edited Text Label ID 1's position.
[2016/4/25 - 1:30:01] Mix Take has deleted Text Label 1.
[2016/4/25 - 1:30:34] Paul has edited Text Label ID 35's text to Khu Dat l Chu So Huu : King Ander.
[2016/4/25 - 8:25:50] Dean has edited Text Label ID 1's position.
[2016/4/25 - 8:25:52] Dean has edited Text Label ID 1's position.
[2016/4/25 - 8:26:10] Dean has edited Text Label ID 1's text to Khu dat - Owner : Kevin Slayer.
[2016/4/25 - 8:26:18] Dean has edited Text Label ID 1's PickupModel.
[2016/4/25 - 8:28:18] LTT Dung has edited Text Label ID 65's position.
[2016/4/25 - 8:28:39] LTT Dung has edited Text Label ID 65's text to Khu Dat - Owner : Rick Taboo.
[2016/4/25 - 8:30:31] LTT Dung has edited Text Label ID 65's PickupModel.
[2016/4/25 - 8:30:34] LTT Dung has edited Text Label ID 65's PickupModel.
[2016/4/25 - 8:30:37] LTT Dung has edited Text Label ID 65's PickupModel.
[2016/4/25 - 8:31:42] LTT Dung has edited Text Label ID 65's position.
[2016/4/25 - 9:44:25] LTT Dung has edited Text Label ID 65's position.
[2016/4/25 - 10:12:13] LTT Dung has edited Text Label ID 68's position.
[2016/4/25 - 10:12:31] LTT Dung has edited Text Label ID 68's text to Khu Dat - Owner : .
[2016/4/25 - 10:13:04] LTT Dung has edited Text Label ID 68's text to Khu Dat - Owner : Red .
[2016/4/25 - 10:13:08] LTT Dung has edited Text Label ID 68's text to Khu Dat - Owner : Red  Vagos.
[2016/4/25 - 10:13:23] LTT Dung has edited Text Label ID 68's PickupModel.
[2016/4/25 - 10:13:27] LTT Dung has edited Text Label ID 68's PickupModel.
[2016/4/25 - 10:21:39] Dean has edited Text Label ID 69's position.
[2016/4/25 - 10:21:52] Dean has edited Text Label ID 69's text to Khu dat - Owner : Nguyen.Van_Tu.
[2016/4/25 - 10:21:57] Dean has edited Text Label ID 69's PickupModel.
[2016/4/25 - 10:21:57] Dean has edited Text Label ID 69's PickupModel.
[2016/4/25 - 11:12:36] Tom Alex has edited Text Label ID 57's position.
[2016/4/25 - 11:12:42] Tom Alex has edited Text Label ID 57's position.
[2016/4/25 - 11:12:44] Tom Alex has edited Text Label ID 57's position.
[2016/4/25 - 11:12:53] Tom Alex has edited Text Label ID 57's position.
[2016/4/25 - 11:13:06] Tom Alex has edited Text Label ID 57's position.
[2016/4/25 - 11:13:09] Tom Alex has edited Text Label ID 57's position.
[2016/4/25 - 11:14:40] Tom Alex has edited Text Label ID 57's position.
[2016/4/25 - 11:15:01] Tom Alex has edited Text Label ID 57's position.
[2016/4/25 - 11:15:47] Tom Alex has edited Text Label ID 57's position.
[2016/4/25 - 15:18:29] Tom Alex has edited Text Label ID 57's text to Khu Dat- Owner: PhamDuy Hung.
[2016/4/25 - 15:31:32] Tom Alex has edited Text Label ID 58's text to Khu Dat- Owner: Chi Chuot.
[2016/4/25 - 15:52:30] LTT Dung has edited Text Label ID 70's position.
[2016/4/25 - 15:52:37] LTT Dung has edited Text Label ID 70's PickupModel.
[2016/4/25 - 15:52:57] LTT Dung has edited Text Label ID 70's text to Khu dat - Owner: Kin Armeas.
[2016/4/25 - 16:04:43] LTT Dung has edited Text Label ID 65's text to Khu dat - Owner: Nick Taboo.
[2016/4/25 - 16:10:17] Max Speed has edited Text Label ID 71's position.
[2016/4/25 - 16:10:26] Max Speed has edited Text Label ID 71's position.
[2016/4/25 - 16:11:05] Max Speed has edited Text Label ID 71's PickupModel.
[2016/4/25 - 16:12:17] Max Speed has edited Text Label ID 71's text to Khu Dat CusTom - So Huu : Darks Night.
[2016/4/25 - 16:38:31] Tom Alex has edited Text Label ID 17's text to Khu Dat-Owner:.
[2016/4/25 - 16:38:36] Tom Alex has edited Text Label ID 17's text to Khu Dat-Owner:.
[2016/4/25 - 16:38:38] Tom Alex has edited Text Label ID 17's text to Khu Dat-Owner:.
[2016/4/25 - 16:38:46] Tom Alex has edited Text Label ID 17's text to Khu Dat-Owner: Timofei.
[2016/4/25 - 16:38:50] Tom Alex has edited Text Label ID 17's text to Khu Dat-Owner: Timofei.
[2016/4/25 - 16:38:52] Tom Alex has edited Text Label ID 17's text to Khu Dat-Owner: Timofei Ba.
[2016/4/25 - 16:38:57] Tom Alex has edited Text Label ID 17's text to Khu Dat-Owner: Timofei Bashkirow.
[2016/4/25 - 16:38:59] Tom Alex has edited Text Label ID 17's text to Khu Dat-Owner: Timofei Bashkirov.
[2016/4/25 - 16:39:05] Tom Alex has edited Text Label ID 17's text to Khu Dat-Owner: Timofei Bashkirov.
[2016/4/25 - 16:48:50] Tom Alex has edited Text Label ID 72's position.
[2016/4/25 - 16:49:06] Tom Alex has edited Text Label ID 72's text to Khu Dat - Owner: F14.
[2016/4/25 - 16:49:16] Tom Alex has edited Text Label ID 72's PickupModel.
[2016/4/25 - 17:25:46] Nick Taboo has edited Text Label ID 65's text to Khu Dat - Owner : Rick_Taboo.
[2016/4/25 - 17:26:17] Nick Taboo has edited Text Label ID 114's text to Garage - Owner : Rick_Taboo.
[2016/4/25 - 17:43:26] LTT Dung has edited Text Label ID 46's text to Khu Dat - Owner : Christopher Dudus.
[2016/4/25 - 17:47:18] Derek has edited Text Label ID 73's position.
[2016/4/25 - 17:47:25] Derek has edited Text Label ID 73's PickupModel.
[2016/4/25 - 17:47:34] Derek has edited Text Label ID 73's text to Khu Dat - Owner : Pot Leo.
[2016/4/25 - 20:38:07] Nick Taboo has edited Text Label ID 74's position.
[2016/4/25 - 20:38:09] Nick Taboo has edited Text Label ID 74's position.
[2016/4/25 - 20:38:19] Nick Taboo has edited Text Label ID 74's PickupModel.
[2016/4/25 - 20:39:38] Nick Taboo has edited Text Label ID 74's text to Khu Dat - Owner So Huu : Frank_Another.
[2016/4/25 - 20:43:32] Derek has deleted Text Label 67.
[2016/4/25 - 20:51:18] Derek has edited Text Label ID 67's position.
[2016/4/25 - 20:51:24] Derek has edited Text Label ID 67's PickupModel.
[2016/4/25 - 20:51:32] Derek has edited Text Label ID 3's text to Khu Dat - Owner : Chi Chuot.
[2016/4/25 - 20:51:38] Derek has edited Text Label ID 67's text to Khu Dat - Owner : Chi Chuot.
[2016/4/25 - 20:51:41] Derek has deleted Text Label 3.
[2016/4/25 - 20:53:33] Max Speed has edited Text Label ID 3's position.
[2016/4/25 - 20:53:37] Max Speed has edited Text Label ID 3's position.
[2016/4/25 - 20:54:04] Max Speed has edited Text Label ID 3's text to Khu Dât CusTom : So Huu: Nac Binh.
[2016/4/25 - 20:56:45] Max Speed has edited Text Label ID 3's position.
[2016/4/25 - 21:27:16] Max Speed has edited Text Label ID 74's text to Khu dat Nonrp tich thu khu dat.
[2016/4/25 - 21:27:21] Max Speed has edited Text Label ID 74's text to Khu dat Nonrp tich thu.
[2016/4/25 - 21:29:10] Max Speed has edited Text Label ID 74's position.
[2016/4/25 - 21:29:21] Max Speed has deleted Text Label 74.
[2016/4/25 - 21:51:34] Tom Alex has edited Text Label ID 74's position.
[2016/4/25 - 21:51:43] Tom Alex has edited Text Label ID 74's text to Khu Dat - Owner: Nac Binh.
[2016/4/25 - 21:51:56] Tom Alex has edited Text Label ID 74's PickupModel.
[2016/4/25 - 22:05:05] Max Speed has edited Text Label ID 75's position.
[2016/4/25 - 22:05:25] Max Speed has edited Text Label ID 75's text to Khu Dat - Owner: Max Speed.
[2016/4/25 - 22:05:38] Max Speed has edited Text Label ID 75's PickupModel.
[2016/4/25 - 22:18:38] Dean has edited Text Label ID 76's position.
[2016/4/25 - 22:18:53] Dean has edited Text Label ID 76's text to Khu Dat - Owner : Brian_Gremory.
[2016/4/25 - 22:19:12] Dean has deleted Text Label 76.
[2016/4/25 - 22:33:05] Dean has edited Text Label ID 76's position.
[2016/4/25 - 22:33:17] Dean has edited Text Label ID 76's text to Khu Dat - Owner : Ratt_Baby.
[2016/4/25 - 22:33:24] Dean has edited Text Label ID 76's PickupModel.
[2016/4/25 - 22:43:53] Tom Alex has edited Text Label ID 70's position.
[2016/4/26 - 2:37:06] Derek has edited Text Label ID 35's text to Khu Dat.
[2016/4/26 - 3:01:32] Derek has edited Text Label ID 77's position.
[2016/4/26 - 3:01:50] Derek has edited Text Label ID 77's text to Khu Dat I Chu So Huu : Chi Chuot.
[2016/4/26 - 8:42:23] Tom Alex has edited Text Label ID 78's position.
[2016/4/26 - 8:43:12] Tom Alex has edited Text Label ID 78's text to Khu Dat -Owner:.
[2016/4/26 - 8:43:15] Tom Alex has edited Text Label ID 78's text to Khu Dat -Owner:.
[2016/4/26 - 8:43:33] Tom Alex has edited Text Label ID 78's PickupModel.
[2016/4/26 - 8:43:56] Tom Alex has edited Text Label ID 78's text to Khu Dat F12- Owner: Thong Luu.
[2016/4/26 - 9:09:08] Nick Taboo has edited Text Label ID 51's PickupModel.
[2016/4/26 - 9:09:12] Nick Taboo has edited Text Label ID 51's PickupModel.
[2016/4/26 - 9:09:34] Nick Taboo has edited Text Label ID 51's text to Khu Dat - Owner - So Huu : Best_Skill.
[2016/4/26 - 12:17:42] Max Speed has edited Text Label ID 79's position.
[2016/4/26 - 12:17:47] Max Speed has edited Text Label ID 79's position.
[2016/4/26 - 12:18:09] Max Speed has edited Text Label ID 79's text to Khu Dat (Dung la chet) - So Huu: Max Spped.
[2016/4/26 - 12:18:17] Max Speed has edited Text Label ID 79's text to Khu Dat (xay vao la chet) - So Huu: Max Spped.
[2016/4/26 - 13:00:30] Derek has edited Text Label ID 5's text to Members.
[2016/4/26 - 13:17:06] Derek has edited Text Label ID 66's text to Khu Dat - Owner: Le Van Toan.
[2016/4/26 - 15:08:19] Max Speed has edited Text Label ID 57's text to Khu dat - Owner : Chi Chuot.
[2016/4/26 - 15:08:35] Max Speed has edited Text Label ID 57's text to Khu dat - Owner : Chi_Chuot.
[2016/4/26 - 16:33:20] Max has edited Text Label ID 80's position.
[2016/4/26 - 16:33:40] Max has edited Text Label ID 80's text to Khu dat Custom : Owner : Max.
[2016/4/26 - 17:06:43] Nick B has edited Text Label ID 81's position.
[2016/4/26 - 17:06:56] Nick B has edited Text Label ID 81's PickupModel.
[2016/4/26 - 17:07:13] Nick B has edited Text Label ID 81's text to Khu Dat - Owner - So Huu : Frank_Another.
[2016/4/26 - 17:07:23] Nick B has edited Text Label ID 81's text to Khu Dat - Owner - So Huu : Frank_Another (F13).
[2016/4/26 - 19:03:23] Nick B has edited Text Label ID 82's position.
[2016/4/26 - 19:03:25] Nick B has edited Text Label ID 82's position.
[2016/4/26 - 19:03:34] Nick B has edited Text Label ID 82's PickupModel.
[2016/4/26 - 19:03:55] Nick B has edited Text Label ID 82's text to Khu Dat - Owner - So Huu : Rick_YP.
[2016/4/26 - 19:07:47] Nick B has deleted Text Label 27.
[2016/4/26 - 20:00:26] Max has edited Text Label ID 79's text to Max.
[2016/4/26 - 20:00:39] Max has edited Text Label ID 79's text to Khu dat - Owner : Max.
[2016/4/26 - 20:00:52] Max has edited Text Label ID 79's PickupModel.
[2016/4/26 - 20:11:46] Derek has deleted Text Label 35.
[2016/4/26 - 20:20:16] Derek has edited Text Label ID 82's text to Khu Dat - Owner : Huan Smith.
[2016/4/26 - 20:36:45] Derek has edited Text Label ID 27's position.
[2016/4/26 - 20:36:52] Derek has edited Text Label ID 27's PickupModel.
[2016/4/26 - 20:37:13] Derek has edited Text Label ID 27's text to Khu Dat - Owner : James Anthonys.
[2016/4/26 - 20:37:37] Derek has deleted Text Label 5.
[2016/4/26 - 21:33:08] Tom Alex has edited Text Label ID 74's text to Khu Dat-Owner: PhamDuy Hung.
[2016/4/26 - 21:33:16] Tom Alex has edited Text Label ID 74's text to Khu Dat-Owner: PhamDuy Hung.
[2016/4/26 - 21:42:41] Max has deleted Text Label 79.
[2016/4/26 - 21:54:01] Tom Alex has edited Text Label ID 5's position.
[2016/4/26 - 21:54:21] Tom Alex has edited Text Label ID 5's text to Cua tao nghe chua thang RIo.
[2016/4/26 - 21:54:31] Tom Alex has edited Text Label ID 5's text to Cua tao nghe chua thang RIo.
[2016/4/26 - 21:54:42] Tom Alex has edited Text Label ID 5's PickupModel.
[2016/4/27 - 8:03:52] Dean has edited Text Label ID 35's position.
[2016/4/27 - 8:04:05] Dean has edited Text Label ID 35's text to Khu dat - Owner : LaoThinh_LaoThinh.
[2016/4/27 - 8:04:11] Dean has edited Text Label ID 35's PickupModel.
[2016/4/27 - 8:26:50] Nick B has edited Text Label ID 79's position.
[2016/4/27 - 8:27:07] Nick B has edited Text Label ID 79's PickupModel.
[2016/4/27 - 8:27:31] Nick B has edited Text Label ID 79's text to Khu Dat - Owner - So Huu : James_Anthonys.
[2016/4/27 - 9:46:55] Nick B has edited Text Label ID 83's position.
[2016/4/27 - 9:47:00] Nick B has edited Text Label ID 83's position.
[2016/4/27 - 9:47:19] Nick B has edited Text Label ID 83's PickupModel.
[2016/4/27 - 9:47:38] Nick B has edited Text Label ID 83's text to Khu Dat - Owner - So Huu : Harvey_Drake.
[2016/4/27 - 13:41:19] Nick B has deleted Text Label 66.
[2016/4/27 - 13:43:01] Nick has edited Text Label ID 66's position.
[2016/4/27 - 13:43:14] Nick has edited Text Label ID 66's PickupModel.
[2016/4/27 - 13:44:19] Nick has edited Text Label ID 66's text to Khu Dat - Owner - So Huu : Timofei_Bashkirov.
[2016/4/27 - 13:45:19] Walking has edited Text Label ID 6's PickupModel.
[2016/4/27 - 13:45:27] Walking has edited Text Label ID 11's PickupModel.
[2016/4/27 - 13:45:31] Walking has edited Text Label ID 11's PickupModel.
[2016/4/27 - 13:45:34] Walking has edited Text Label ID 11's PickupModel.
[2016/4/27 - 13:45:36] Walking has edited Text Label ID 11's PickupModel.
[2016/4/27 - 13:45:37] Walking has edited Text Label ID 11's PickupModel.
[2016/4/27 - 13:45:38] Walking has edited Text Label ID 11's PickupModel.
[2016/4/27 - 13:45:56] Walking has edited Text Label ID 11's position.
[2016/4/27 - 13:46:03] Walking has deleted Text Label 11.
[2016/4/27 - 14:59:54] NT Dat has edited Text Label ID 11's position.
[2016/4/27 - 15:00:04] NT Dat has edited Text Label ID 11's PickupModel.
[2016/4/27 - 15:00:08] NT Dat has edited Text Label ID 1's PickupModel.
[2016/4/27 - 15:00:12] NT Dat has edited Text Label ID 0's PickupModel.
[2016/4/27 - 15:00:18] NT Dat has edited Text Label ID 11's PickupModel.
[2016/4/27 - 15:00:21] NT Dat has edited Text Label ID 11's PickupModel.
[2016/4/27 - 15:00:23] NT Dat has edited Text Label ID 11's PickupModel.
[2016/4/27 - 15:00:26] NT Dat has edited Text Label ID 11's PickupModel.
[2016/4/27 - 15:01:40] NT Dat has edited Text Label ID 11's text to Khu Dat: Huan Smith.
[2016/4/27 - 18:03:00] Derek has edited Text Label ID 84's position.
[2016/4/27 - 18:03:05] Derek has edited Text Label ID 84's PickupModel.
[2016/4/27 - 18:04:37] Derek has edited Text Label ID 84's text to Khu Dat - Owner : Lucas.
[2016/4/27 - 18:08:35] Derek has edited Text Label ID 84's text to Khu Dat - Owner : Tyreed Taylor.
[2016/4/28 - 11:37:00] Adam rock has edited Text Label ID 85's position.
[2016/4/28 - 11:37:29] Nguyen Ngoc Tram has edited Text Label ID 82's position.
[2016/4/28 - 11:37:35] Nguyen Ngoc Tram has edited Text Label ID 82's position.
[2016/4/28 - 11:38:14] Adam rock has edited Text Label ID 85's text to Khu vuc chien su.
[2016/4/28 - 11:38:41] Adam rock has edited Text Label ID 85's text to Khu vuc chien su . So huu : San Andreas.
[2016/4/28 - 11:40:36] Nguyen Ngoc Tram has deleted Text Label 82.
[2016/4/28 - 11:44:35] Adam rock has edited Text Label ID 82's position.
[2016/4/28 - 11:44:47] Adam rock has edited Text Label ID 82's PickupModel.
[2016/4/28 - 11:45:08] Adam rock has edited Text Label ID 82's text to Khu vuc cam .
[2016/4/28 - 11:45:28] Adam rock has edited Text Label ID 82's text to Khu vuc cam . So huu : Chinh phu San Andreas.
[2016/4/28 - 11:46:38] Nguyen Ngoc Tram has edited Text Label ID 86's position.
[2016/4/28 - 11:47:13] Nguyen Ngoc Tram has edited Text Label ID 86's color.
[2016/4/28 - 11:47:15] Nguyen Ngoc Tram has edited Text Label ID 86's color.
[2016/4/28 - 11:48:22] Adam rock has edited Text Label ID 82's position.
[2016/4/28 - 11:48:58] Nguyen Ngoc Tram has edited Text Label ID 86's text to Tram.
[2016/4/28 - 11:48:59] Nick has edited Text Label ID 86's text to Tram Nao.
[2016/4/28 - 11:49:09] Nick has edited Text Label ID 86's text to Nguyen_Ngoc_Tram.
[2016/4/28 - 11:49:11] Nguyen Ngoc Tram has edited Text Label ID 86's text to Nick :Owner.
[2016/4/28 - 11:49:16] Nick has edited Text Label ID 86's PickupModel.
[2016/4/28 - 11:49:22] Nguyen Ngoc Tram has deleted Text Label 86.
